11s
Run npm run test:coverage

> WorkTrack@0.0.1 test:coverage
> jest --coverage

PASS __tests__/unit/firebaseEntryRepo.test.ts
  ● Console

    console.debug
      [DEBUG] Successfully upserted entries to Firestore { trackerId: 't1', count: 1 }

      at ConsoleLogger.debug (src/logging/index.ts:17:11)

    console.error
Error: ERROR] Failed to upsert entries to Firestore {
        error: Error: firestore set error
            at /home/runner/work/WorkTrack/WorkTrack/__tests__/unit/firebaseEntryRepo.test.ts:102:10
            at Generator.next (<anonymous>)
            at asyncGeneratorStep (/home/runner/work/WorkTrack/WorkTrack/node_modules/@babel/runtime/helpers/asyncToGenerator.js:3:17)
            at _next (/home/runner/work/WorkTrack/WorkTrack/node_modules/@babel/runtime/helpers/asyncToGenerator.js:17:9)
            at /home/runner/work/WorkTrack/WorkTrack/node_modules/@babel/runtime/helpers/asyncToGenerator.js:22:7
            at new Promise (<anonymous>)
            at /home/runner/work/WorkTrack/WorkTrack/node_modules/@babel/runtime/helpers/asyncToGenerator.js:14:12
            at /home/runner/work/WorkTrack/WorkTrack/node_modules/jest-mock/build/index.js:397:39
            at /home/runner/work/WorkTrack/WorkTrack/node_modules/jest-mock/build/index.js:404:13
            at mockConstructor (/home/runner/work/WorkTrack/WorkTrack/node_modules/jest-mock/build/index.js:148:19)
            at FirebaseEntryRepository.<anonymous> (/home/runner/work/WorkTrack/WorkTrack/src/repositories/firebaseEntryRepository.ts:27:17)
            at Generator.next (<anonymous>)
            at asyncGeneratorStep (/home/runner/work/WorkTrack/WorkTrack/node_modules/@babel/runtime/helpers/asyncToGenerator.js:3:17)
            at _next (/home/runner/work/WorkTrack/WorkTrack/node_modules/@babel/runtime/helpers/asyncToGenerator.js:17:9)
            at /home/runner/work/WorkTrack/WorkTrack/node_modules/@babel/runtime/helpers/asyncToGenerator.js:22:7
            at new Promise (<anonymous>)
            at FirebaseEntryRepository.<anonymous> (/home/runner/work/WorkTrack/WorkTrack/node_modules/@babel/runtime/helpers/asyncToGenerator.js:14:12)
            at FirebaseEntryRepository.apply [as upsertMany] (/home/runner/work/WorkTrack/WorkTrack/src/repositories/firebaseEntryRepository.ts:19:18)
            at Object.upsertMany (/home/runner/work/WorkTrack/WorkTrack/__tests__/unit/firebaseEntryRepo.test.ts:149:10)
            at Generator.next (<anonymous>)
            at asyncGeneratorStep (/home/runner/work/WorkTrack/WorkTrack/node_modules/@babel/runtime/helpers/asyncToGenerator.js:3:17)
            at _next (/home/runner/work/WorkTrack/WorkTrack/node_modules/@babel/runtime/helpers/asyncToGenerator.js:17:9)
            at /home/runner/work/WorkTrack/WorkTrack/node_modules/@babel/runtime/helpers/asyncToGenerator.js:22:7
            at new Promise (<anonymous>)
            at Object.<anonymous> (/home/runner/work/WorkTrack/WorkTrack/node_modules/@babel/runtime/helpers/asyncToGenerator.js:14:12)
            at Promise.then.completed (/home/runner/work/WorkTrack/WorkTrack/node_modules/jest-circus/build/utils.js:298:28)
            at new Promise (<anonymous>)
            at callAsyncCircusFn (/home/runner/work/WorkTrack/WorkTrack/node_modules/jest-circus/build/utils.js:231:10)
            at _callCircusTest (/home/runner/work/WorkTrack/WorkTrack/node_modules/jest-circus/build/run.js:316:40)
            at _runTest (/home/runner/work/WorkTrack/WorkTrack/node_modules/jest-circus/build/run.js:252:3)
            at _runTestsForDescribeBlock (/home/runner/work/WorkTrack/WorkTrack/node_modules/jest-circus/build/run.js:126:9)
            at _runTestsForDescribeBlock (/home/runner/work/WorkTrack/WorkTrack/node_modules/jest-circus/build/run.js:121:9)
            at run (/home/runner/work/WorkTrack/WorkTrack/node_modules/jest-circus/build/run.js:71:3)
            at runAndTransformResultsToJestFormat (/home/runner/work/WorkTrack/WorkTrack/node_modules/jest-circus/build/legacy-code-todo-rewrite/jestAdapterInit.js:122:21)
            at jestAdapter (/home/runner/work/WorkTrack/WorkTrack/node_modules/jest-circus/build/legacy-code-todo-rewrite/jestAdapter.js:79:19)
            at runTestInternal (/home/runner/work/WorkTrack/WorkTrack/node_modules/jest-runner/build/runTest.js:367:16)
            at runTest (/home/runner/work/WorkTrack/WorkTrack/node_modules/jest-runner/build/runTest.js:444:34),
        trackerId: 't1',
        count: 1
      }

      27 | 	error(message: string, context?: LogContext): void {
      28 | 		// eslint-disable-next-line no-console
    > 29 | 		console.error(`[ERROR] ${message}`, context ?? '');
         | 		        ^
      30 | 	}
      31 | }
      32 |

      at ConsoleLogger.error (src/logging/index.ts:29:11)
      at FirebaseEntryRepository.error (src/repositories/firebaseEntryRepository.ts:35:11)
          at Generator.throw (<anonymous>)
      at asyncGeneratorStep (node_modules/@babel/runtime/helpers/asyncToGenerator.js:3:17)
      at _throw (node_modules/@babel/runtime/helpers/asyncToGenerator.js:20:9)

    console.debug
      [DEBUG] Fetched entries from Firestore { trackerId: 't1', count: 1 }

      at ConsoleLogger.debug (src/logging/index.ts:17:11)

    console.error
Error: ERROR] Failed to fetch entries from Firestore { error: { code: 'firestore/permission-denied' }, trackerId: 't1' }

      27 | 	error(message: string, context?: LogContext): void {
      28 | 		// eslint-disable-next-line no-console
    > 29 | 		console.error(`[ERROR] ${message}`, context ?? '');
         | 		        ^
      30 | 	}
      31 | }
      32 |

      at ConsoleLogger.error (src/logging/index.ts:29:11)
      at FirebaseEntryRepository.error (src/repositories/firebaseEntryRepository.ts:79:11)
          at Generator.throw (<anonymous>)
      at asyncGeneratorStep (node_modules/@babel/runtime/helpers/asyncToGenerator.js:3:17)
      at _throw (node_modules/@babel/runtime/helpers/asyncToGenerator.js:20:9)

    console.warn
      [WARN] Permission denied for entries, returning empty array { trackerId: 't1' }

      23 | 	warn(message: string, context?: LogContext): void {
      24 | 		// eslint-disable-next-line no-console
    > 25 | 		console.warn(`[WARN] ${message}`, context ?? '');
         | 		        ^
      26 | 	}
      27 | 	error(message: string, context?: LogContext): void {
      28 | 		// eslint-disable-next-line no-console

      at ConsoleLogger.warn (src/logging/index.ts:25:11)
      at FirebaseEntryRepository.warn (src/repositories/firebaseEntryRepository.ts:85:12)
          at Generator.throw (<anonymous>)
      at asyncGeneratorStep (node_modules/@babel/runtime/helpers/asyncToGenerator.js:3:17)
      at _throw (node_modules/@babel/runtime/helpers/asyncToGenerator.js:20:9)

    console.debug
      [DEBUG] Fetched all entries from Firestore { count: 1, trackersCount: 1 }

      at ConsoleLogger.debug (src/logging/index.ts:17:11)

    console.error
Error: ERROR] Failed to fetch all entries from Firestore { error: { code: 'firestore/permission-denied' } }

      27 | 	error(message: string, context?: LogContext): void {
      28 | 		// eslint-disable-next-line no-console
    > 29 | 		console.error(`[ERROR] ${message}`, context ?? '');
         | 		        ^
      30 | 	}
      31 | }
      32 |

      at ConsoleLogger.error (src/logging/index.ts:29:11)
      at FirebaseEntryRepository.error (src/repositories/firebaseEntryRepository.ts:142:11)
          at Generator.throw (<anonymous>)
      at asyncGeneratorStep (node_modules/@babel/runtime/helpers/asyncToGenerator.js:3:17)
      at _throw (node_modules/@babel/runtime/helpers/asyncToGenerator.js:20:9)

    console.warn
      [WARN] Permission denied for entries, returning empty array

      23 | 	warn(message: string, context?: LogContext): void {
      24 | 		// eslint-disable-next-line no-console
    > 25 | 		console.warn(`[WARN] ${message}`, context ?? '');
         | 		        ^
      26 | 	}
      27 | 	error(message: string, context?: LogContext): void {
      28 | 		// eslint-disable-next-line no-console

      at ConsoleLogger.warn (src/logging/index.ts:25:11)
      at FirebaseEntryRepository.warn (src/repositories/firebaseEntryRepository.ts:147:12)
          at Generator.throw (<anonymous>)
      at asyncGeneratorStep (node_modules/@babel/runtime/helpers/asyncToGenerator.js:3:17)
      at _throw (node_modules/@babel/runtime/helpers/asyncToGenerator.js:20:9)

    console.error
Error: ERROR] Failed to fetch all entries from Firestore {
        error: Error: boom
            at /home/runner/work/WorkTrack/WorkTrack/__tests__/unit/firebaseEntryRepo.test.ts:276:10
            at Generator.next (<anonymous>)
            at asyncGeneratorStep (/home/runner/work/WorkTrack/WorkTrack/node_modules/@babel/runtime/helpers/asyncToGenerator.js:3:17)
            at _next (/home/runner/work/WorkTrack/WorkTrack/node_modules/@babel/runtime/helpers/asyncToGenerator.js:17:9)
            at /home/runner/work/WorkTrack/WorkTrack/node_modules/@babel/runtime/helpers/asyncToGenerator.js:22:7
            at new Promise (<anonymous>)
            at /home/runner/work/WorkTrack/WorkTrack/node_modules/@babel/runtime/helpers/asyncToGenerator.js:14:12
            at /home/runner/work/WorkTrack/WorkTrack/node_modules/jest-mock/build/index.js:397:39
            at /home/runner/work/WorkTrack/WorkTrack/node_modules/jest-mock/build/index.js:404:13
            at mockConstructor (/home/runner/work/WorkTrack/WorkTrack/node_modules/jest-mock/build/index.js:148:19)
            at FirebaseEntryRepository.<anonymous> (/home/runner/work/WorkTrack/WorkTrack/src/repositories/firebaseEntryRepository.ts:105:42)
            at Generator.next (<anonymous>)
            at asyncGeneratorStep (/home/runner/work/WorkTrack/WorkTrack/node_modules/@babel/runtime/helpers/asyncToGenerator.js:3:17)
            at _next (/home/runner/work/WorkTrack/WorkTrack/node_modules/@babel/runtime/helpers/asyncToGenerator.js:17:9)
            at /home/runner/work/WorkTrack/WorkTrack/node_modules/@babel/runtime/helpers/asyncToGenerator.js:22:7
            at new Promise (<anonymous>)
            at FirebaseEntryRepository.<anonymous> (/home/runner/work/WorkTrack/WorkTrack/node_modules/@babel/runtime/helpers/asyncToGenerator.js:14:12)
            at FirebaseEntryRepository.apply [as getAllEntries] (/home/runner/work/WorkTrack/WorkTrack/src/repositories/firebaseEntryRepository.ts:101:21)
            at Object.getAllEntries (/home/runner/work/WorkTrack/WorkTrack/__tests__/unit/firebaseEntryRepo.test.ts:325:22)
            at Generator.next (<anonymous>)
            at asyncGeneratorStep (/home/runner/work/WorkTrack/WorkTrack/node_modules/@babel/runtime/helpers/asyncToGenerator.js:3:17)
            at _next (/home/runner/work/WorkTrack/WorkTrack/node_modules/@babel/runtime/helpers/asyncToGenerator.js:17:9)
      }

      27 | 	error(message: string, context?: LogContext): void {
      28 | 		// eslint-disable-next-line no-console
    > 29 | 		console.error(`[ERROR] ${message}`, context ?? '');
         | 		        ^
      30 | 	}
      31 | }
      32 |

      at ConsoleLogger.error (src/logging/index.ts:29:11)
      at FirebaseEntryRepository.error (src/repositories/firebaseEntryRepository.ts:142:11)
          at Generator.throw (<anonymous>)
      at asyncGeneratorStep (node_modules/@babel/runtime/helpers/asyncToGenerator.js:3:17)
      at _throw (node_modules/@babel/runtime/helpers/asyncToGenerator.js:20:9)

    console.debug
      [DEBUG] Successfully deleted entry from Firebase { entryId: '2025-01-01', trackerId: 't1' }

      at ConsoleLogger.debug (src/logging/index.ts:17:11)

    console.error
Error: ERROR] Failed to delete entry from Firebase {
        error: Error: boom
            at Object.<anonymous> (/home/runner/work/WorkTrack/WorkTrack/__tests__/unit/firebaseEntryRepo.test.ts:383:4)
            at Generator.next (<anonymous>)
            at asyncGeneratorStep (/home/runner/work/WorkTrack/WorkTrack/node_modules/@babel/runtime/helpers/asyncToGenerator.js:3:17)
            at _next (/home/runner/work/WorkTrack/WorkTrack/node_modules/@babel/runtime/helpers/asyncToGenerator.js:17:9),
        entryId: 'x'
      }

      27 | 	error(message: string, context?: LogContext): void {
      28 | 		// eslint-disable-next-line no-console
    > 29 | 		console.error(`[ERROR] ${message}`, context ?? '');
         | 		        ^
      30 | 	}
      31 | }
      32 |

      at ConsoleLogger.error (src/logging/index.ts:29:11)
      at FirebaseEntryRepository.error (src/repositories/firebaseEntryRepository.ts:203:11)
          at Generator.throw (<anonymous>)
      at asyncGeneratorStep (node_modules/@babel/runtime/helpers/asyncToGenerator.js:3:17)
      at _throw (node_modules/@babel/runtime/helpers/asyncToGenerator.js:20:9)

PASS __tests__/unit/userManagementUseCaseExpanded.test.ts
  ● Console

    console.error
Error: ERROR] Failed to get default view user ID {
        error: Error: Storage error
            at Object.<anonymous> (/home/runner/work/WorkTrack/WorkTrack/__tests__/unit/userManagementUseCaseExpanded.test.ts:199:5)
            at Generator.next (<anonymous>)
            at asyncGeneratorStep (/home/runner/work/WorkTrack/WorkTrack/node_modules/@babel/runtime/helpers/asyncToGenerator.js:3:17)
            at _next (/home/runner/work/WorkTrack/WorkTrack/node_modules/@babel/runtime/helpers/asyncToGenerator.js:17:9)
            at /home/runner/work/WorkTrack/WorkTrack/node_modules/@babel/runtime/helpers/asyncToGenerator.js:22:7
            at new Promise (<anonymous>)
            at Object.<anonymous> (/home/runner/work/WorkTrack/WorkTrack/node_modules/@babel/runtime/helpers/asyncToGenerator.js:14:12)
            at Promise.then.completed (/home/runner/work/WorkTrack/WorkTrack/node_modules/jest-circus/build/utils.js:298:28)
            at new Promise (<anonymous>)
            at callAsyncCircusFn (/home/runner/work/WorkTrack/WorkTrack/node_modules/jest-circus/build/utils.js:231:10)
            at _callCircusTest (/home/runner/work/WorkTrack/WorkTrack/node_modules/jest-circus/build/run.js:316:40)
            at _runTest (/home/runner/work/WorkTrack/WorkTrack/node_modules/jest-circus/build/run.js:252:3)
            at _runTestsForDescribeBlock (/home/runner/work/WorkTrack/WorkTrack/node_modules/jest-circus/build/run.js:126:9)
            at _runTestsForDescribeBlock (/home/runner/work/WorkTrack/WorkTrack/node_modules/jest-circus/build/run.js:121:9)
            at _runTestsForDescribeBlock (/home/runner/work/WorkTrack/WorkTrack/node_modules/jest-circus/build/run.js:121:9)
            at run (/home/runner/work/WorkTrack/WorkTrack/node_modules/jest-circus/build/run.js:71:3)
            at runAndTransformResultsToJestFormat (/home/runner/work/WorkTrack/WorkTrack/node_modules/jest-circus/build/legacy-code-todo-rewrite/jestAdapterInit.js:122:21)
            at jestAdapter (/home/runner/work/WorkTrack/WorkTrack/node_modules/jest-circus/build/legacy-code-todo-rewrite/jestAdapter.js:79:19)
            at runTestInternal (/home/runner/work/WorkTrack/WorkTrack/node_modules/jest-runner/build/runTest.js:367:16)
            at runTest (/home/runner/work/WorkTrack/WorkTrack/node_modules/jest-runner/build/runTest.js:444:34)
      }

      27 | 	error(message: string, context?: LogContext): void {
      28 | 		// eslint-disable-next-line no-console
    > 29 | 		console.error(`[ERROR] ${message}`, context ?? '');
         | 		        ^
      30 | 	}
      31 | }
      32 |

      at ConsoleLogger.error (src/logging/index.ts:29:11)
      at UserManagementUseCaseImpl.error (src/use-cases/userManagementUseCase.ts:81:11)
          at Generator.throw (<anonymous>)
      at asyncGeneratorStep (node_modules/@babel/runtime/helpers/asyncToGenerator.js:3:17)
      at _throw (node_modules/@babel/runtime/helpers/asyncToGenerator.js:20:9)

    console.info
      [INFO] Default view user ID updated { userId: 'user123' }

      at ConsoleLogger.info (src/logging/index.ts:21:11)

    console.info
      [INFO] Default view user ID updated { userId: null }

      at ConsoleLogger.info (src/logging/index.ts:21:11)

    console.error
Error: ERROR] Failed to set default view user ID {
        error: Error: Storage error
            at Object.<anonymous> (/home/runner/work/WorkTrack/WorkTrack/__tests__/unit/userManagementUseCaseExpanded.test.ts:232:5)
            at Generator.next (<anonymous>)
            at asyncGeneratorStep (/home/runner/work/WorkTrack/WorkTrack/node_modules/@babel/runtime/helpers/asyncToGenerator.js:3:17)
            at _next (/home/runner/work/WorkTrack/WorkTrack/node_modules/@babel/runtime/helpers/asyncToGenerator.js:17:9)
            at /home/runner/work/WorkTrack/WorkTrack/node_modules/@babel/runtime/helpers/asyncToGenerator.js:22:7
            at new Promise (<anonymous>)
            at Object.<anonymous> (/home/runner/work/WorkTrack/WorkTrack/node_modules/@babel/runtime/helpers/asyncToGenerator.js:14:12)
            at Promise.then.completed (/home/runner/work/WorkTrack/WorkTrack/node_modules/jest-circus/build/utils.js:298:28)
            at new Promise (<anonymous>)
            at callAsyncCircusFn (/home/runner/work/WorkTrack/WorkTrack/node_modules/jest-circus/build/utils.js:231:10)
            at _callCircusTest (/home/runner/work/WorkTrack/WorkTrack/node_modules/jest-circus/build/run.js:316:40)
            at _runTest (/home/runner/work/WorkTrack/WorkTrack/node_modules/jest-circus/build/run.js:252:3)
            at _runTestsForDescribeBlock (/home/runner/work/WorkTrack/WorkTrack/node_modules/jest-circus/build/run.js:126:9)
            at _runTestsForDescribeBlock (/home/runner/work/WorkTrack/WorkTrack/node_modules/jest-circus/build/run.js:121:9)
            at _runTestsForDescribeBlock (/home/runner/work/WorkTrack/WorkTrack/node_modules/jest-circus/build/run.js:121:9)
            at run (/home/runner/work/WorkTrack/WorkTrack/node_modules/jest-circus/build/run.js:71:3)
            at runAndTransformResultsToJestFormat (/home/runner/work/WorkTrack/WorkTrack/node_modules/jest-circus/build/legacy-code-todo-rewrite/jestAdapterInit.js:122:21)
            at jestAdapter (/home/runner/work/WorkTrack/WorkTrack/node_modules/jest-circus/build/legacy-code-todo-rewrite/jestAdapter.js:79:19)
            at runTestInternal (/home/runner/work/WorkTrack/WorkTrack/node_modules/jest-runner/build/runTest.js:367:16)
            at runTest (/home/runner/work/WorkTrack/WorkTrack/node_modules/jest-runner/build/runTest.js:444:34)
      }

      27 | 	error(message: string, context?: LogContext): void {
      28 | 		// eslint-disable-next-line no-console
    > 29 | 		console.error(`[ERROR] ${message}`, context ?? '');
         | 		        ^
      30 | 	}
      31 | }
      32 |

      at ConsoleLogger.error (src/logging/index.ts:29:11)
      at Function.error (src/utils/errorHandler.ts:20:11)
          at Generator.throw (<anonymous>)
      at asyncGeneratorStep (node_modules/@babel/runtime/helpers/asyncToGenerator.js:3:17)
      at _throw (node_modules/@babel/runtime/helpers/asyncToGenerator.js:20:9)

    console.info
      [INFO] Checking and fixing records without tracker ID { checkedEntries: 1 }

      at ConsoleLogger.info (src/logging/index.ts:21:11)

    console.warn
      [WARN] Found entries with incorrect ID format { incorrectIdCount: 1, incorrectIds: [ 'bad-id' ] }

      23 | 	warn(message: string, context?: LogContext): void {
      24 | 		// eslint-disable-next-line no-console
    > 25 | 		console.warn(`[WARN] ${message}`, context ?? '');
         | 		        ^
      26 | 	}
      27 | 	error(message: string, context?: LogContext): void {
      28 | 		// eslint-disable-next-line no-console

      at ConsoleLogger.warn (src/logging/index.ts:25:11)
      at UserManagementUseCaseImpl.warn (src/use-cases/userManagementUseCase.ts:184:10)
      at asyncGeneratorStep (node_modules/@babel/runtime/helpers/asyncToGenerator.js:3:17)
      at _next (node_modules/@babel/runtime/helpers/asyncToGenerator.js:17:9)
      at node_modules/@babel/runtime/helpers/asyncToGenerator.js:22:7
      at UserManagementUseCaseImpl.<anonymous> (node_modules/@babel/runtime/helpers/asyncToGenerator.js:14:12)
      at UserManagementUseCaseImpl.apply [as cleanupIncorrectIdFormat] (src/use-cases/userManagementUseCase.ts:169:40)
      at cleanupIncorrectIdFormat (src/use-cases/userManagementUseCase.ts:111:16)
      at asyncGeneratorStep (node_modules/@babel/runtime/helpers/asyncToGenerator.js:3:17)
      at _next (node_modules/@babel/runtime/helpers/asyncToGenerator.js:17:9)

    console.debug
      [DEBUG] Deleted entry with incorrect ID from both local and Firebase { deletedId: 'bad-id', date: '2025-01-01' }

      at ConsoleLogger.debug (src/logging/index.ts:17:11)

    console.info
      [INFO] Successfully cleaned up entries with incorrect ID format { cleanedCount: 1 }

      at ConsoleLogger.info (src/logging/index.ts:21:11)

    console.warn
      [WARN] Found orphaned records { orphanedCount: 1, orphanedIds: [ 'bad-id' ] }

      23 | 	warn(message: string, context?: LogContext): void {
      24 | 		// eslint-disable-next-line no-console
    > 25 | 		console.warn(`[WARN] ${message}`, context ?? '');
         | 		        ^
      26 | 	}
      27 | 	error(message: string, context?: LogContext): void {
      28 | 		// eslint-disable-next-line no-console

      at ConsoleLogger.warn (src/logging/index.ts:25:11)
      at warn (src/use-cases/userManagementUseCase.ts:128:12)
      at asyncGeneratorStep (node_modules/@babel/runtime/helpers/asyncToGenerator.js:3:17)
      at _next (node_modules/@babel/runtime/helpers/asyncToGenerator.js:17:9)

    console.info
      [INFO] Successfully fixed orphaned records {
        orphanedCount: 1,
        assignedTrackerId: 'tracker_user1_1758126718913',
        orphanedIds: [ 'bad-id' ]
      }

      at ConsoleLogger.info (src/logging/index.ts:21:11)

    console.info
      [INFO] Checking and fixing records without tracker ID { checkedEntries: 1 }

      at ConsoleLogger.info (src/logging/index.ts:21:11)

    console.warn
      [WARN] Found entries with incorrect ID format { incorrectIdCount: 1, incorrectIds: [ 'random-id-123' ] }

      23 | 	warn(message: string, context?: LogContext): void {
      24 | 		// eslint-disable-next-line no-console
    > 25 | 		console.warn(`[WARN] ${message}`, context ?? '');
         | 		        ^
      26 | 	}
      27 | 	error(message: string, context?: LogContext): void {
      28 | 		// eslint-disable-next-line no-console

      at ConsoleLogger.warn (src/logging/index.ts:25:11)
      at UserManagementUseCaseImpl.warn (src/use-cases/userManagementUseCase.ts:184:10)
      at asyncGeneratorStep (node_modules/@babel/runtime/helpers/asyncToGenerator.js:3:17)
      at _next (node_modules/@babel/runtime/helpers/asyncToGenerator.js:17:9)
      at node_modules/@babel/runtime/helpers/asyncToGenerator.js:22:7
      at UserManagementUseCaseImpl.<anonymous> (node_modules/@babel/runtime/helpers/asyncToGenerator.js:14:12)
      at UserManagementUseCaseImpl.apply [as cleanupIncorrectIdFormat] (src/use-cases/userManagementUseCase.ts:169:40)
      at cleanupIncorrectIdFormat (src/use-cases/userManagementUseCase.ts:111:16)
      at asyncGeneratorStep (node_modules/@babel/runtime/helpers/asyncToGenerator.js:3:17)
      at _next (node_modules/@babel/runtime/helpers/asyncToGenerator.js:17:9)

    console.debug
      [DEBUG] Deleted entry with incorrect ID from both local and Firebase { deletedId: 'random-id-123', date: '2025-01-01' }

      at ConsoleLogger.debug (src/logging/index.ts:17:11)

    console.info
      [INFO] Successfully cleaned up entries with incorrect ID format { cleanedCount: 1 }

      at ConsoleLogger.info (src/logging/index.ts:21:11)

    console.info
      [INFO] No orphaned records found

      at ConsoleLogger.info (src/logging/index.ts:21:11)

    console.info
      [INFO] Checking and fixing records without tracker ID { checkedEntries: 1 }

      at ConsoleLogger.info (src/logging/index.ts:21:11)

    console.info
      [INFO] No entries with incorrect ID format found

      at ConsoleLogger.info (src/logging/index.ts:21:11)

    console.warn
      [WARN] Found orphaned records { orphanedCount: 1, orphanedIds: [ '2025-01-01' ] }

      23 | 	warn(message: string, context?: LogContext): void {
      24 | 		// eslint-disable-next-line no-console
    > 25 | 		console.warn(`[WARN] ${message}`, context ?? '');
         | 		        ^
      26 | 	}
      27 | 	error(message: string, context?: LogContext): void {
      28 | 		// eslint-disable-next-line no-console

      at ConsoleLogger.warn (src/logging/index.ts:25:11)
      at warn (src/use-cases/userManagementUseCase.ts:128:12)
      at asyncGeneratorStep (node_modules/@babel/runtime/helpers/asyncToGenerator.js:3:17)
      at _next (node_modules/@babel/runtime/helpers/asyncToGenerator.js:17:9)

    console.warn
      [WARN] No user ID available, cannot fix orphaned records

      23 | 	warn(message: string, context?: LogContext): void {
      24 | 		// eslint-disable-next-line no-console
    > 25 | 		console.warn(`[WARN] ${message}`, context ?? '');
         | 		        ^
      26 | 	}
      27 | 	error(message: string, context?: LogContext): void {
      28 | 		// eslint-disable-next-line no-console

      at ConsoleLogger.warn (src/logging/index.ts:25:11)
      at warn (src/use-cases/userManagementUseCase.ts:136:13)
      at asyncGeneratorStep (node_modules/@babel/runtime/helpers/asyncToGenerator.js:3:17)
      at _next (node_modules/@babel/runtime/helpers/asyncToGenerator.js:17:9)

    console.info
      [INFO] Database readiness checks completed successfully

      at ConsoleLogger.info (src/logging/index.ts:21:11)

    console.warn
      [WARN] Database readiness check failed, but continuing {
        error: Error: DB error
            at Object.<anonymous> (/home/runner/work/WorkTrack/WorkTrack/__tests__/unit/userManagementUseCaseExpanded.test.ts:327:24)
            at Generator.next (<anonymous>)
            at asyncGeneratorStep (/home/runner/work/WorkTrack/WorkTrack/node_modules/@babel/runtime/helpers/asyncToGenerator.js:3:17)
            at _next (/home/runner/work/WorkTrack/WorkTrack/node_modules/@babel/runtime/helpers/asyncToGenerator.js:17:9)
            at /home/runner/work/WorkTrack/WorkTrack/node_modules/@babel/runtime/helpers/asyncToGenerator.js:22:7
            at new Promise (<anonymous>)
            at Object.<anonymous> (/home/runner/work/WorkTrack/WorkTrack/node_modules/@babel/runtime/helpers/asyncToGenerator.js:14:12)
            at Promise.then.completed (/home/runner/work/WorkTrack/WorkTrack/node_modules/jest-circus/build/utils.js:298:28)
            at new Promise (<anonymous>)
            at callAsyncCircusFn (/home/runner/work/WorkTrack/WorkTrack/node_modules/jest-circus/build/utils.js:231:10)
            at _callCircusTest (/home/runner/work/WorkTrack/WorkTrack/node_modules/jest-circus/build/run.js:316:40)
            at _runTest (/home/runner/work/WorkTrack/WorkTrack/node_modules/jest-circus/build/run.js:252:3)
            at _runTestsForDescribeBlock (/home/runner/work/WorkTrack/WorkTrack/node_modules/jest-circus/build/run.js:126:9)
            at _runTestsForDescribeBlock (/home/runner/work/WorkTrack/WorkTrack/node_modules/jest-circus/build/run.js:121:9)
            at _runTestsForDescribeBlock (/home/runner/work/WorkTrack/WorkTrack/node_modules/jest-circus/build/run.js:121:9)
            at run (/home/runner/work/WorkTrack/WorkTrack/node_modules/jest-circus/build/run.js:71:3)
            at runAndTransformResultsToJestFormat (/home/runner/work/WorkTrack/WorkTrack/node_modules/jest-circus/build/legacy-code-todo-rewrite/jestAdapterInit.js:122:21)
            at jestAdapter (/home/runner/work/WorkTrack/WorkTrack/node_modules/jest-circus/build/legacy-code-todo-rewrite/jestAdapter.js:79:19)
            at runTestInternal (/home/runner/work/WorkTrack/WorkTrack/node_modules/jest-runner/build/runTest.js:367:16)
            at runTest (/home/runner/work/WorkTrack/WorkTrack/node_modules/jest-runner/build/runTest.js:444:34)
      }

      23 | 	warn(message: string, context?: LogContext): void {
      24 | 		// eslint-disable-next-line no-console
    > 25 | 		console.warn(`[WARN] ${message}`, context ?? '');
         | 		        ^
      26 | 	}
      27 | 	error(message: string, context?: LogContext): void {
      28 | 		// eslint-disable-next-line no-console

      at ConsoleLogger.warn (src/logging/index.ts:25:11)
      at warn (src/use-cases/userManagementUseCase.ts:234:13)
          at Generator.throw (<anonymous>)
      at asyncGeneratorStep (node_modules/@babel/runtime/helpers/asyncToGenerator.js:3:17)
      at _throw (node_modules/@babel/runtime/helpers/asyncToGenerator.js:20:9)

PASS __tests__/unit/watermelonEntryRepoExpanded.test.ts
  ● Console

    console.debug
      [DEBUG] Successfully upserted entries { trackerId: 'tracker1', count: 1 }

      at ConsoleLogger.debug (src/logging/index.ts:17:11)

    console.debug
      [DEBUG] Successfully upserted entries { trackerId: 'tracker1', count: 1 }

      at ConsoleLogger.debug (src/logging/index.ts:17:11)

    console.error
Error: ERROR] Failed to upsert entries in WatermelonDB {
        error: Error: Write error
            at Object.<anonymous> (/home/runner/work/WorkTrack/WorkTrack/__tests__/unit/watermelonEntryRepoExpanded.test.ts:140:37)
            at Generator.next (<anonymous>)
            at asyncGeneratorStep (/home/runner/work/WorkTrack/WorkTrack/node_modules/@babel/runtime/helpers/asyncToGenerator.js:3:17)
            at _next (/home/runner/work/WorkTrack/WorkTrack/node_modules/@babel/runtime/helpers/asyncToGenerator.js:17:9)
            at /home/runner/work/WorkTrack/WorkTrack/node_modules/@babel/runtime/helpers/asyncToGenerator.js:22:7
            at new Promise (<anonymous>)
            at Object.<anonymous> (/home/runner/work/WorkTrack/WorkTrack/node_modules/@babel/runtime/helpers/asyncToGenerator.js:14:12)
            at Promise.then.completed (/home/runner/work/WorkTrack/WorkTrack/node_modules/jest-circus/build/utils.js:298:28)
            at new Promise (<anonymous>)
            at callAsyncCircusFn (/home/runner/work/WorkTrack/WorkTrack/node_modules/jest-circus/build/utils.js:231:10)
            at _callCircusTest (/home/runner/work/WorkTrack/WorkTrack/node_modules/jest-circus/build/run.js:316:40)
            at _runTest (/home/runner/work/WorkTrack/WorkTrack/node_modules/jest-circus/build/run.js:252:3)
            at _runTestsForDescribeBlock (/home/runner/work/WorkTrack/WorkTrack/node_modules/jest-circus/build/run.js:126:9)
            at _runTestsForDescribeBlock (/home/runner/work/WorkTrack/WorkTrack/node_modules/jest-circus/build/run.js:121:9)
            at _runTestsForDescribeBlock (/home/runner/work/WorkTrack/WorkTrack/node_modules/jest-circus/build/run.js:121:9)
            at run (/home/runner/work/WorkTrack/WorkTrack/node_modules/jest-circus/build/run.js:71:3)
            at runAndTransformResultsToJestFormat (/home/runner/work/WorkTrack/WorkTrack/node_modules/jest-circus/build/legacy-code-todo-rewrite/jestAdapterInit.js:122:21)
            at jestAdapter (/home/runner/work/WorkTrack/WorkTrack/node_modules/jest-circus/build/legacy-code-todo-rewrite/jestAdapter.js:79:19)
            at runTestInternal (/home/runner/work/WorkTrack/WorkTrack/node_modules/jest-runner/build/runTest.js:367:16)
            at runTest (/home/runner/work/WorkTrack/WorkTrack/node_modules/jest-runner/build/runTest.js:444:34),
        trackerId: 'tracker1',
        entryCount: 1
      }

      27 | 	error(message: string, context?: LogContext): void {
      28 | 		// eslint-disable-next-line no-console
    > 29 | 		console.error(`[ERROR] ${message}`, context ?? '');
         | 		        ^
      30 | 	}
      31 | }
      32 |

      at ConsoleLogger.error (src/logging/index.ts:29:11)
      at WatermelonEntryRepository.error (src/repositories/watermelonEntryRepository.ts:121:11)
          at Generator.throw (<anonymous>)
      at asyncGeneratorStep (node_modules/@babel/runtime/helpers/asyncToGenerator.js:3:17)
      at _throw (node_modules/@babel/runtime/helpers/asyncToGenerator.js:20:9)

    console.debug
      [DEBUG] Successfully marked entries as synced { count: 1 }

      at ConsoleLogger.debug (src/logging/index.ts:17:11)

    console.error
Error: ERROR] Failed to mark entries as synced in WatermelonDB {
        error: Error: Not found
            at Object.<anonymous> (/home/runner/work/WorkTrack/WorkTrack/__tests__/unit/watermelonEntryRepoExpanded.test.ts:191:39)
            at Generator.next (<anonymous>)
            at asyncGeneratorStep (/home/runner/work/WorkTrack/WorkTrack/node_modules/@babel/runtime/helpers/asyncToGenerator.js:3:17)
            at _next (/home/runner/work/WorkTrack/WorkTrack/node_modules/@babel/runtime/helpers/asyncToGenerator.js:17:9)
            at /home/runner/work/WorkTrack/WorkTrack/node_modules/@babel/runtime/helpers/asyncToGenerator.js:22:7
            at new Promise (<anonymous>)
            at Object.<anonymous> (/home/runner/work/WorkTrack/WorkTrack/node_modules/@babel/runtime/helpers/asyncToGenerator.js:14:12)
            at Promise.then.completed (/home/runner/work/WorkTrack/WorkTrack/node_modules/jest-circus/build/utils.js:298:28)
            at new Promise (<anonymous>)
            at callAsyncCircusFn (/home/runner/work/WorkTrack/WorkTrack/node_modules/jest-circus/build/utils.js:231:10)
            at _callCircusTest (/home/runner/work/WorkTrack/WorkTrack/node_modules/jest-circus/build/run.js:316:40)
            at _runTest (/home/runner/work/WorkTrack/WorkTrack/node_modules/jest-circus/build/run.js:252:3)
            at _runTestsForDescribeBlock (/home/runner/work/WorkTrack/WorkTrack/node_modules/jest-circus/build/run.js:126:9)
            at _runTestsForDescribeBlock (/home/runner/work/WorkTrack/WorkTrack/node_modules/jest-circus/build/run.js:121:9)
            at _runTestsForDescribeBlock (/home/runner/work/WorkTrack/WorkTrack/node_modules/jest-circus/build/run.js:121:9)
            at run (/home/runner/work/WorkTrack/WorkTrack/node_modules/jest-circus/build/run.js:71:3)
            at runAndTransformResultsToJestFormat (/home/runner/work/WorkTrack/WorkTrack/node_modules/jest-circus/build/legacy-code-todo-rewrite/jestAdapterInit.js:122:21)
            at jestAdapter (/home/runner/work/WorkTrack/WorkTrack/node_modules/jest-circus/build/legacy-code-todo-rewrite/jestAdapter.js:79:19)
            at runTestInternal (/home/runner/work/WorkTrack/WorkTrack/node_modules/jest-runner/build/runTest.js:367:16)
            at runTest (/home/runner/work/WorkTrack/WorkTrack/node_modules/jest-runner/build/runTest.js:444:34),
        entryCount: 1
      }

      27 | 	error(message: string, context?: LogContext): void {
      28 | 		// eslint-disable-next-line no-console
    > 29 | 		console.error(`[ERROR] ${message}`, context ?? '');
         | 		        ^
      30 | 	}
      31 | }
      32 |

      at ConsoleLogger.error (src/logging/index.ts:29:11)
      at WatermelonEntryRepository.error (src/repositories/watermelonEntryRepository.ts:151:11)
          at Generator.throw (<anonymous>)
      at asyncGeneratorStep (node_modules/@babel/runtime/helpers/asyncToGenerator.js:3:17)
      at _throw (node_modules/@babel/runtime/helpers/asyncToGenerator.js:20:9)

    console.error
Error: ERROR] Failed to mark entries as synced in WatermelonDB {
        error: Error: Write error
            at Object.<anonymous> (/home/runner/work/WorkTrack/WorkTrack/__tests__/unit/watermelonEntryRepoExpanded.test.ts:213:37)
            at Generator.next (<anonymous>)
            at asyncGeneratorStep (/home/runner/work/WorkTrack/WorkTrack/node_modules/@babel/runtime/helpers/asyncToGenerator.js:3:17)
            at _next (/home/runner/work/WorkTrack/WorkTrack/node_modules/@babel/runtime/helpers/asyncToGenerator.js:17:9)
            at /home/runner/work/WorkTrack/WorkTrack/node_modules/@babel/runtime/helpers/asyncToGenerator.js:22:7
            at new Promise (<anonymous>)
            at Object.<anonymous> (/home/runner/work/WorkTrack/WorkTrack/node_modules/@babel/runtime/helpers/asyncToGenerator.js:14:12)
            at Promise.then.completed (/home/runner/work/WorkTrack/WorkTrack/node_modules/jest-circus/build/utils.js:298:28)
            at new Promise (<anonymous>)
            at callAsyncCircusFn (/home/runner/work/WorkTrack/WorkTrack/node_modules/jest-circus/build/utils.js:231:10)
            at _callCircusTest (/home/runner/work/WorkTrack/WorkTrack/node_modules/jest-circus/build/run.js:316:40)
            at _runTest (/home/runner/work/WorkTrack/WorkTrack/node_modules/jest-circus/build/run.js:252:3)
            at _runTestsForDescribeBlock (/home/runner/work/WorkTrack/WorkTrack/node_modules/jest-circus/build/run.js:126:9)
            at _runTestsForDescribeBlock (/home/runner/work/WorkTrack/WorkTrack/node_modules/jest-circus/build/run.js:121:9)
            at _runTestsForDescribeBlock (/home/runner/work/WorkTrack/WorkTrack/node_modules/jest-circus/build/run.js:121:9)
            at run (/home/runner/work/WorkTrack/WorkTrack/node_modules/jest-circus/build/run.js:71:3)
            at runAndTransformResultsToJestFormat (/home/runner/work/WorkTrack/WorkTrack/node_modules/jest-circus/build/legacy-code-todo-rewrite/jestAdapterInit.js:122:21)
            at jestAdapter (/home/runner/work/WorkTrack/WorkTrack/node_modules/jest-circus/build/legacy-code-todo-rewrite/jestAdapter.js:79:19)
            at runTestInternal (/home/runner/work/WorkTrack/WorkTrack/node_modules/jest-runner/build/runTest.js:367:16)
            at runTest (/home/runner/work/WorkTrack/WorkTrack/node_modules/jest-runner/build/runTest.js:444:34),
        entryCount: 1
      }

      27 | 	error(message: string, context?: LogContext): void {
      28 | 		// eslint-disable-next-line no-console
    > 29 | 		console.error(`[ERROR] ${message}`, context ?? '');
         | 		        ^
      30 | 	}
      31 | }
      32 |

      at ConsoleLogger.error (src/logging/index.ts:29:11)
      at WatermelonEntryRepository.error (src/repositories/watermelonEntryRepository.ts:151:11)
          at Generator.throw (<anonymous>)
      at asyncGeneratorStep (node_modules/@babel/runtime/helpers/asyncToGenerator.js:3:17)
      at _throw (node_modules/@babel/runtime/helpers/asyncToGenerator.js:20:9)

PASS __tests__/unit/firebaseTrackerRepository.test.ts
  ● Console

    console.debug
      [DEBUG] Fetched owned trackers from Firestore { userId: 'u1', count: 1 }

      at ConsoleLogger.debug (src/logging/index.ts:17:11)

    console.debug
      [DEBUG] Fetched owned trackers from Firestore { userId: 'u1', count: 1 }

      at ConsoleLogger.debug (src/logging/index.ts:17:11)

    console.error
Error: ERROR] Failed to fetch owned trackers from Firestore { error: { code: 'firestore/permission-denied' }, userId: 'u1' }

      27 | 	error(message: string, context?: LogContext): void {
      28 | 		// eslint-disable-next-line no-console
    > 29 | 		console.error(`[ERROR] ${message}`, context ?? '');
         | 		        ^
      30 | 	}
      31 | }
      32 |

      at ConsoleLogger.error (src/logging/index.ts:29:11)
      at FirebaseTrackerRepository.error (src/repositories/firebaseTrackerRepository.ts:91:11)
          at Generator.throw (<anonymous>)
      at asyncGeneratorStep (node_modules/@babel/runtime/helpers/asyncToGenerator.js:3:17)
      at _throw (node_modules/@babel/runtime/helpers/asyncToGenerator.js:20:9)

    console.warn
      [WARN] Permission denied for owned trackers, returning empty array { userId: 'u1' }

      23 | 	warn(message: string, context?: LogContext): void {
      24 | 		// eslint-disable-next-line no-console
    > 25 | 		console.warn(`[WARN] ${message}`, context ?? '');
         | 		        ^
      26 | 	}
      27 | 	error(message: string, context?: LogContext): void {
      28 | 		// eslint-disable-next-line no-console

      at ConsoleLogger.warn (src/logging/index.ts:25:11)
      at FirebaseTrackerRepository.warn (src/repositories/firebaseTrackerRepository.ts:98:12)
          at Generator.throw (<anonymous>)
      at asyncGeneratorStep (node_modules/@babel/runtime/helpers/asyncToGenerator.js:3:17)
      at _throw (node_modules/@babel/runtime/helpers/asyncToGenerator.js:20:9)

    console.debug
      [DEBUG] Tracker data {
        trackerId: 't1',
        userId: 'u1',
        data: {
          ownerId: 'u2',
          name: 'S',
          color: '#222222',
          isDefault: false,
          trackerType: 'work',
          createdAt: { toMillis: [Function: toMillis] }
        }
      }

      at ConsoleLogger.debug (src/logging/index.ts:17:11)

    console.debug
      [DEBUG] Fetched shared trackers from Firestore { userId: 'u1', count: 1 }

      at ConsoleLogger.debug (src/logging/index.ts:17:11)

    console.info
      [INFO] Created default tracker in Firestore { id: 't1', ownerId: 'u1' }

      at ConsoleLogger.info (src/logging/index.ts:21:11)

    console.debug
      [DEBUG] Tracker already exists in Firestore { id: 't1', ownerId: 'u1' }

      at ConsoleLogger.debug (src/logging/index.ts:17:11)

    console.debug
      [DEBUG] Successfully upserted trackers to Firestore { count: 2 }

      at ConsoleLogger.debug (src/logging/index.ts:17:11)

    console.error
Error: ERROR] Failed to upsert trackers to Firestore {
        error: Error: boom
            at /home/runner/work/WorkTrack/WorkTrack/__tests__/unit/firebaseTrackerRepository.test.ts:214:11
            at Generator.next (<anonymous>)
            at asyncGeneratorStep (/home/runner/work/WorkTrack/WorkTrack/node_modules/@babel/runtime/helpers/asyncToGenerator.js:3:17)
            at _next (/home/runner/work/WorkTrack/WorkTrack/node_modules/@babel/runtime/helpers/asyncToGenerator.js:17:9)
            at /home/runner/work/WorkTrack/WorkTrack/node_modules/@babel/runtime/helpers/asyncToGenerator.js:22:7
            at new Promise (<anonymous>)
            at /home/runner/work/WorkTrack/WorkTrack/node_modules/@babel/runtime/helpers/asyncToGenerator.js:14:12
            at /home/runner/work/WorkTrack/WorkTrack/node_modules/jest-mock/build/index.js:397:39
            at /home/runner/work/WorkTrack/WorkTrack/node_modules/jest-mock/build/index.js:404:13
            at mockConstructor (/home/runner/work/WorkTrack/WorkTrack/node_modules/jest-mock/build/index.js:148:19)
            at FirebaseTrackerRepository.<anonymous> (/home/runner/work/WorkTrack/WorkTrack/src/repositories/firebaseTrackerRepository.ts:241:17)
            at Generator.next (<anonymous>)
            at asyncGeneratorStep (/home/runner/work/WorkTrack/WorkTrack/node_modules/@babel/runtime/helpers/asyncToGenerator.js:3:17)
            at _next (/home/runner/work/WorkTrack/WorkTrack/node_modules/@babel/runtime/helpers/asyncToGenerator.js:17:9)
            at /home/runner/work/WorkTrack/WorkTrack/node_modules/@babel/runtime/helpers/asyncToGenerator.js:22:7
            at new Promise (<anonymous>)
            at FirebaseTrackerRepository.<anonymous> (/home/runner/work/WorkTrack/WorkTrack/node_modules/@babel/runtime/helpers/asyncToGenerator.js:14:12)
            at FirebaseTrackerRepository.apply [as upsertMany] (/home/runner/work/WorkTrack/WorkTrack/src/repositories/firebaseTrackerRepository.ts:234:18)
            at upsertMany (/home/runner/work/WorkTrack/WorkTrack/__tests__/unit/firebaseTrackerRepository.test.ts:228:10)
            at Generator.next (<anonymous>)
            at asyncGeneratorStep (/home/runner/work/WorkTrack/WorkTrack/node_modules/@babel/runtime/helpers/asyncToGenerator.js:3:17)
            at _next (/home/runner/work/WorkTrack/WorkTrack/node_modules/@babel/runtime/helpers/asyncToGenerator.js:17:9)
            at /home/runner/work/WorkTrack/WorkTrack/node_modules/@babel/runtime/helpers/asyncToGenerator.js:22:7
            at new Promise (<anonymous>)
            at /home/runner/work/WorkTrack/WorkTrack/node_modules/@babel/runtime/helpers/asyncToGenerator.js:14:12
            at Runtime.isolateModules (/home/runner/work/WorkTrack/WorkTrack/node_modules/jest-runtime/build/index.js:1082:7)
            at Object.isolateModules (/home/runner/work/WorkTrack/WorkTrack/node_modules/jest-runtime/build/index.js:1992:12)
            at Object.isolateModules (/home/runner/work/WorkTrack/WorkTrack/__tests__/unit/firebaseTrackerRepository.test.ts:208:14)
            at Generator.next (<anonymous>)
            at asyncGeneratorStep (/home/runner/work/WorkTrack/WorkTrack/node_modules/@babel/runtime/helpers/asyncToGenerator.js:3:17)
            at _next (/home/runner/work/WorkTrack/WorkTrack/node_modules/@babel/runtime/helpers/asyncToGenerator.js:17:9),
        count: 1
      }

      27 | 	error(message: string, context?: LogContext): void {
      28 | 		// eslint-disable-next-line no-console
    > 29 | 		console.error(`[ERROR] ${message}`, context ?? '');
         | 		        ^
      30 | 	}
      31 | }
      32 |

      at ConsoleLogger.error (src/logging/index.ts:29:11)
      at FirebaseTrackerRepository.error (src/repositories/firebaseTrackerRepository.ts:248:11)
          at Generator.throw (<anonymous>)
      at asyncGeneratorStep (node_modules/@babel/runtime/helpers/asyncToGenerator.js:3:17)
      at _throw (node_modules/@babel/runtime/helpers/asyncToGenerator.js:20:9)

PASS __tests__/unit/shareReadUseCase.test.ts
  ● Console

    console.error
Error: ERROR] Failed to get my shares {
        error: Error: Firestore error
            at Object.<anonymous> (/home/runner/work/WorkTrack/WorkTrack/__tests__/unit/shareReadUseCase.test.ts:137:33)
            at Generator.next (<anonymous>)
            at asyncGeneratorStep (/home/runner/work/WorkTrack/WorkTrack/node_modules/@babel/runtime/helpers/asyncToGenerator.js:3:17)
            at _next (/home/runner/work/WorkTrack/WorkTrack/node_modules/@babel/runtime/helpers/asyncToGenerator.js:17:9)
            at /home/runner/work/WorkTrack/WorkTrack/node_modules/@babel/runtime/helpers/asyncToGenerator.js:22:7
            at new Promise (<anonymous>)
            at Object.<anonymous> (/home/runner/work/WorkTrack/WorkTrack/node_modules/@babel/runtime/helpers/asyncToGenerator.js:14:12)
            at Promise.then.completed (/home/runner/work/WorkTrack/WorkTrack/node_modules/jest-circus/build/utils.js:298:28)
            at new Promise (<anonymous>)
            at callAsyncCircusFn (/home/runner/work/WorkTrack/WorkTrack/node_modules/jest-circus/build/utils.js:231:10)
            at _callCircusTest (/home/runner/work/WorkTrack/WorkTrack/node_modules/jest-circus/build/run.js:316:40)
            at _runTest (/home/runner/work/WorkTrack/WorkTrack/node_modules/jest-circus/build/run.js:252:3)
            at _runTestsForDescribeBlock (/home/runner/work/WorkTrack/WorkTrack/node_modules/jest-circus/build/run.js:126:9)
            at _runTestsForDescribeBlock (/home/runner/work/WorkTrack/WorkTrack/node_modules/jest-circus/build/run.js:121:9)
            at run (/home/runner/work/WorkTrack/WorkTrack/node_modules/jest-circus/build/run.js:71:3)
            at runAndTransformResultsToJestFormat (/home/runner/work/WorkTrack/WorkTrack/node_modules/jest-circus/build/legacy-code-todo-rewrite/jestAdapterInit.js:122:21)
            at jestAdapter (/home/runner/work/WorkTrack/WorkTrack/node_modules/jest-circus/build/legacy-code-todo-rewrite/jestAdapter.js:79:19)
            at runTestInternal (/home/runner/work/WorkTrack/WorkTrack/node_modules/jest-runner/build/runTest.js:367:16)
            at runTest (/home/runner/work/WorkTrack/WorkTrack/node_modules/jest-runner/build/runTest.js:444:34)
      }

      27 | 	error(message: string, context?: LogContext): void {
      28 | 		// eslint-disable-next-line no-console
    > 29 | 		console.error(`[ERROR] ${message}`, context ?? '');
         | 		        ^
      30 | 	}
      31 | }
      32 |

      at ConsoleLogger.error (src/logging/index.ts:29:11)
      at ShareReadUseCaseImpl.error (src/use-cases/shareReadUseCase.ts:82:11)
          at Generator.throw (<anonymous>)
      at asyncGeneratorStep (node_modules/@babel/runtime/helpers/asyncToGenerator.js:3:17)
      at _throw (node_modules/@babel/runtime/helpers/asyncToGenerator.js:20:9)

    console.error
Error: ERROR] Failed to remove share {
        error: Error: Repository error
            at Object.<anonymous> (/home/runner/work/WorkTrack/WorkTrack/__tests__/unit/shareReadUseCase.test.ts:231:40)
            at Generator.next (<anonymous>)
            at asyncGeneratorStep (/home/runner/work/WorkTrack/WorkTrack/node_modules/@babel/runtime/helpers/asyncToGenerator.js:3:17)
            at _next (/home/runner/work/WorkTrack/WorkTrack/node_modules/@babel/runtime/helpers/asyncToGenerator.js:17:9)
            at /home/runner/work/WorkTrack/WorkTrack/node_modules/@babel/runtime/helpers/asyncToGenerator.js:22:7
            at new Promise (<anonymous>)
            at Object.<anonymous> (/home/runner/work/WorkTrack/WorkTrack/node_modules/@babel/runtime/helpers/asyncToGenerator.js:14:12)
            at Promise.then.completed (/home/runner/work/WorkTrack/WorkTrack/node_modules/jest-circus/build/utils.js:298:28)
            at new Promise (<anonymous>)
            at callAsyncCircusFn (/home/runner/work/WorkTrack/WorkTrack/node_modules/jest-circus/build/utils.js:231:10)
            at _callCircusTest (/home/runner/work/WorkTrack/WorkTrack/node_modules/jest-circus/build/run.js:316:40)
            at _runTest (/home/runner/work/WorkTrack/WorkTrack/node_modules/jest-circus/build/run.js:252:3)
            at _runTestsForDescribeBlock (/home/runner/work/WorkTrack/WorkTrack/node_modules/jest-circus/build/run.js:126:9)
            at _runTestsForDescribeBlock (/home/runner/work/WorkTrack/WorkTrack/node_modules/jest-circus/build/run.js:121:9)
            at run (/home/runner/work/WorkTrack/WorkTrack/node_modules/jest-circus/build/run.js:71:3)
            at runAndTransformResultsToJestFormat (/home/runner/work/WorkTrack/WorkTrack/node_modules/jest-circus/build/legacy-code-todo-rewrite/jestAdapterInit.js:122:21)
            at jestAdapter (/home/runner/work/WorkTrack/WorkTrack/node_modules/jest-circus/build/legacy-code-todo-rewrite/jestAdapter.js:79:19)
            at runTestInternal (/home/runner/work/WorkTrack/WorkTrack/node_modules/jest-runner/build/runTest.js:367:16)
            at runTest (/home/runner/work/WorkTrack/WorkTrack/node_modules/jest-runner/build/runTest.js:444:34)
      }

      27 | 	error(message: string, context?: LogContext): void {
      28 | 		// eslint-disable-next-line no-console
    > 29 | 		console.error(`[ERROR] ${message}`, context ?? '');
         | 		        ^
      30 | 	}
      31 | }
      32 |

      at ConsoleLogger.error (src/logging/index.ts:29:11)
      at ShareReadUseCaseImpl.error (src/use-cases/shareReadUseCase.ts:157:11)
          at Generator.throw (<anonymous>)
      at asyncGeneratorStep (node_modules/@babel/runtime/helpers/asyncToGenerator.js:3:17)
      at _throw (node_modules/@babel/runtime/helpers/asyncToGenerator.js:20:9)

PASS __tests__/integration/syncFromRemote.test.ts
  ● Console

    console.info
      [INFO] Starting sync process...

      at ConsoleLogger.info (src/logging/index.ts:21:11)

    console.debug
      [DEBUG] Found unsynced entries { count: 0 }

      at ConsoleLogger.debug (src/logging/index.ts:17:11)

    console.info
      [INFO] No entries to sync to remote

      at ConsoleLogger.info (src/logging/index.ts:21:11)

    console.info
      [INFO] Syncing from remote... { lastSyncTime: undefined }

      at ConsoleLogger.info (src/logging/index.ts:21:11)

    console.info
      [INFO] Found 1 trackers from remote { owned: 1, shared: 0 }

      at ConsoleLogger.info (src/logging/index.ts:21:11)

    console.debug
      [DEBUG] Syncing trackers to local database { count: 1 }

      at ConsoleLogger.debug (src/logging/index.ts:17:11)

    console.info
      [INFO] Successfully synced trackers to local database { count: 1 }

      at ConsoleLogger.info (src/logging/index.ts:21:11)

    console.debug
      [DEBUG] Fetched entries for tracker { trackerId: 'tracker_remote_1', count: 1 }

      at ConsoleLogger.debug (src/logging/index.ts:17:11)

    console.info
      [INFO] Synced 1 entries from remote

      at ConsoleLogger.info (src/logging/index.ts:21:11)

    console.info
      [INFO] Successfully synced from remote

      at ConsoleLogger.info (src/logging/index.ts:21:11)

    console.info
      [INFO] Sync process completed successfully

      at ConsoleLogger.info (src/logging/index.ts:21:11)

PASS __tests__/integration/syncToRemote.test.ts
  ● Console

    console.info
      [INFO] Starting sync process...

      at ConsoleLogger.info (src/logging/index.ts:21:11)

    console.debug
      [DEBUG] Found unsynced entries { count: 1 }

      at ConsoleLogger.debug (src/logging/index.ts:17:11)

    console.debug
      [DEBUG] Unsynced entry {
        index: 0,
        trackerId: 'tracker_test_1',
        date: '2025-01-01',
        status: 'office'
      }

      at ConsoleLogger.debug (src/logging/index.ts:17:11)
          at Array.forEach (<anonymous>)

    console.info
      [INFO] Syncing 1 entries to remote...

      at ConsoleLogger.info (src/logging/index.ts:21:11)

    console.debug
      [DEBUG] Ensuring tracker structure exists { trackerId: 'tracker_test_1' }

      at ConsoleLogger.debug (src/logging/index.ts:17:11)

    console.debug
      [DEBUG] Connected to Firestore emulator at 127.0.0.1:8080

      at ConsoleLogger.debug (src/logging/index.ts:17:11)

    console.info
      [INFO] Created default tracker in Firestore { id: 'tracker_test_1', ownerId: 'test-user' }

      at ConsoleLogger.info (src/logging/index.ts:21:11)

    console.debug
      [DEBUG] Successfully upserted entries to Firestore { trackerId: 'tracker_test_1', count: 1 }

      at ConsoleLogger.debug (src/logging/index.ts:17:11)

    console.info
      [INFO] Successfully synced entries to remote

      at ConsoleLogger.info (src/logging/index.ts:21:11)

    console.info
      [INFO] Sync process completed successfully

      at ConsoleLogger.info (src/logging/index.ts:21:11)

PASS __tests__/unit/firebaseShareRepo.test.ts
  ● Console

    console.error
Error: ERROR] Failed to share tracker {
        error: Error: boom
            at /home/runner/work/WorkTrack/WorkTrack/__tests__/unit/firebaseShareRepo.test.ts:56:10
            at Generator.next (<anonymous>)
            at asyncGeneratorStep (/home/runner/work/WorkTrack/WorkTrack/node_modules/@babel/runtime/helpers/asyncToGenerator.js:3:17)
            at _next (/home/runner/work/WorkTrack/WorkTrack/node_modules/@babel/runtime/helpers/asyncToGenerator.js:17:9)
            at /home/runner/work/WorkTrack/WorkTrack/node_modules/@babel/runtime/helpers/asyncToGenerator.js:22:7
            at new Promise (<anonymous>)
            at /home/runner/work/WorkTrack/WorkTrack/node_modules/@babel/runtime/helpers/asyncToGenerator.js:14:12
            at /home/runner/work/WorkTrack/WorkTrack/node_modules/jest-mock/build/index.js:397:39
            at /home/runner/work/WorkTrack/WorkTrack/node_modules/jest-mock/build/index.js:404:13
            at mockConstructor (/home/runner/work/WorkTrack/WorkTrack/node_modules/jest-mock/build/index.js:148:19)
            at FirebaseShareRepository.<anonymous> (/home/runner/work/WorkTrack/WorkTrack/src/repositories/firebaseShareRepository.ts:29:16)
            at Generator.next (<anonymous>)
            at asyncGeneratorStep (/home/runner/work/WorkTrack/WorkTrack/node_modules/@babel/runtime/helpers/asyncToGenerator.js:3:17)
            at _next (/home/runner/work/WorkTrack/WorkTrack/node_modules/@babel/runtime/helpers/asyncToGenerator.js:17:9)
            at /home/runner/work/WorkTrack/WorkTrack/node_modules/@babel/runtime/helpers/asyncToGenerator.js:22:7
            at new Promise (<anonymous>)
            at FirebaseShareRepository.<anonymous> (/home/runner/work/WorkTrack/WorkTrack/node_modules/@babel/runtime/helpers/asyncToGenerator.js:14:12)
            at FirebaseShareRepository.apply (/home/runner/work/WorkTrack/WorkTrack/src/repositories/firebaseShareRepository.ts:17:13)
            at Object.share (/home/runner/work/WorkTrack/WorkTrack/__tests__/unit/firebaseShareRepo.test.ts:72:9)
            at Generator.next (<anonymous>)
            at asyncGeneratorStep (/home/runner/work/WorkTrack/WorkTrack/node_modules/@babel/runtime/helpers/asyncToGenerator.js:3:17)
            at _next (/home/runner/work/WorkTrack/WorkTrack/node_modules/@babel/runtime/helpers/asyncToGenerator.js:17:9),
        share: {
          trackerId: 't1',
          sharedWithId: 'u2',
          permission: 'read',
          sharedWithEmail: 'a@b.com'
        }
      }

      27 | 	error(message: string, context?: LogContext): void {
      28 | 		// eslint-disable-next-line no-console
    > 29 | 		console.error(`[ERROR] ${message}`, context ?? '');
         | 		        ^
      30 | 	}
      31 | }
      32 |

      at ConsoleLogger.error (src/logging/index.ts:29:11)
      at FirebaseShareRepository.error (src/repositories/firebaseShareRepository.ts:31:11)
          at Generator.throw (<anonymous>)
      at asyncGeneratorStep (node_modules/@babel/runtime/helpers/asyncToGenerator.js:3:17)
      at _throw (node_modules/@babel/runtime/helpers/asyncToGenerator.js:20:9)

    console.error
Error: ERROR] Failed to update share permission {
        error: Error: boom
            at /home/runner/work/WorkTrack/WorkTrack/__tests__/unit/firebaseShareRepo.test.ts:121:10
            at Generator.next (<anonymous>)
            at asyncGeneratorStep (/home/runner/work/WorkTrack/WorkTrack/node_modules/@babel/runtime/helpers/asyncToGenerator.js:3:17)
            at _next (/home/runner/work/WorkTrack/WorkTrack/node_modules/@babel/runtime/helpers/asyncToGenerator.js:17:9)
            at /home/runner/work/WorkTrack/WorkTrack/node_modules/@babel/runtime/helpers/asyncToGenerator.js:22:7
            at new Promise (<anonymous>)
            at /home/runner/work/WorkTrack/WorkTrack/node_modules/@babel/runtime/helpers/asyncToGenerator.js:14:12
            at /home/runner/work/WorkTrack/WorkTrack/node_modules/jest-mock/build/index.js:397:39
            at /home/runner/work/WorkTrack/WorkTrack/node_modules/jest-mock/build/index.js:404:13
            at mockConstructor (/home/runner/work/WorkTrack/WorkTrack/node_modules/jest-mock/build/index.js:148:19)
            at FirebaseShareRepository.<anonymous> (/home/runner/work/WorkTrack/WorkTrack/src/repositories/firebaseShareRepository.ts:50:39)
            at Generator.next (<anonymous>)
            at asyncGeneratorStep (/home/runner/work/WorkTrack/WorkTrack/node_modules/@babel/runtime/helpers/asyncToGenerator.js:3:17)
            at _next (/home/runner/work/WorkTrack/WorkTrack/node_modules/@babel/runtime/helpers/asyncToGenerator.js:17:9)
            at /home/runner/work/WorkTrack/WorkTrack/node_modules/@babel/runtime/helpers/asyncToGenerator.js:22:7
            at new Promise (<anonymous>)
            at FirebaseShareRepository.<anonymous> (/home/runner/work/WorkTrack/WorkTrack/node_modules/@babel/runtime/helpers/asyncToGenerator.js:14:12)
            at FirebaseShareRepository.apply [as updatePermission] (/home/runner/work/WorkTrack/WorkTrack/src/repositories/firebaseShareRepository.ts:39:24)
            at Object.updatePermission (/home/runner/work/WorkTrack/WorkTrack/__tests__/unit/firebaseShareRepo.test.ts:139:21)
            at Generator.next (<anonymous>)
            at asyncGeneratorStep (/home/runner/work/WorkTrack/WorkTrack/node_modules/@babel/runtime/helpers/asyncToGenerator.js:3:17)
            at _next (/home/runner/work/WorkTrack/WorkTrack/node_modules/@babel/runtime/helpers/asyncToGenerator.js:17:9),
        shareId: 'u2',
        permission: 'read'
      }

      27 | 	error(message: string, context?: LogContext): void {
      28 | 		// eslint-disable-next-line no-console
    > 29 | 		console.error(`[ERROR] ${message}`, context ?? '');
         | 		        ^
      30 | 	}
      31 | }
      32 |

      at ConsoleLogger.error (src/logging/index.ts:29:11)
      at FirebaseShareRepository.error (src/repositories/firebaseShareRepository.ts:59:11)
          at Generator.throw (<anonymous>)
      at asyncGeneratorStep (node_modules/@babel/runtime/helpers/asyncToGenerator.js:3:17)
      at _throw (node_modules/@babel/runtime/helpers/asyncToGenerator.js:20:9)

    console.error
Error: ERROR] Failed to unshare tracker {
        error: Error: boom
            at Object.<anonymous> (/home/runner/work/WorkTrack/WorkTrack/__tests__/unit/firebaseShareRepo.test.ts:168:11)
            at Generator.next (<anonymous>)
            at asyncGeneratorStep (/home/runner/work/WorkTrack/WorkTrack/node_modules/@babel/runtime/helpers/asyncToGenerator.js:3:17)
            at _next (/home/runner/work/WorkTrack/WorkTrack/node_modules/@babel/runtime/helpers/asyncToGenerator.js:17:9)
            at /home/runner/work/WorkTrack/WorkTrack/node_modules/@babel/runtime/helpers/asyncToGenerator.js:22:7
            at new Promise (<anonymous>)
            at Object.<anonymous> (/home/runner/work/WorkTrack/WorkTrack/node_modules/@babel/runtime/helpers/asyncToGenerator.js:14:12)
            at /home/runner/work/WorkTrack/WorkTrack/node_modules/jest-mock/build/index.js:397:39
            at Object.<anonymous> (/home/runner/work/WorkTrack/WorkTrack/node_modules/jest-mock/build/index.js:404:13)
            at Object.mockConstructor [as delete] (/home/runner/work/WorkTrack/WorkTrack/node_modules/jest-mock/build/index.js:148:19)
            at FirebaseShareRepository.<anonymous> (/home/runner/work/WorkTrack/WorkTrack/src/repositories/firebaseShareRepository.ts:81:25)
            at Generator.next (<anonymous>)
            at asyncGeneratorStep (/home/runner/work/WorkTrack/WorkTrack/node_modules/@babel/runtime/helpers/asyncToGenerator.js:3:17)
            at _next (/home/runner/work/WorkTrack/WorkTrack/node_modules/@babel/runtime/helpers/asyncToGenerator.js:17:9)
            at /home/runner/work/WorkTrack/WorkTrack/node_modules/@babel/runtime/helpers/asyncToGenerator.js:22:7
            at new Promise (<anonymous>)
            at FirebaseShareRepository.<anonymous> (/home/runner/work/WorkTrack/WorkTrack/node_modules/@babel/runtime/helpers/asyncToGenerator.js:14:12)
            at FirebaseShareRepository.apply [as unshare] (/home/runner/work/WorkTrack/WorkTrack/src/repositories/firebaseShareRepository.ts:71:15)
            at Object.unshare (/home/runner/work/WorkTrack/WorkTrack/__tests__/unit/firebaseShareRepo.test.ts:184:21)
            at Generator.next (<anonymous>)
            at asyncGeneratorStep (/home/runner/work/WorkTrack/WorkTrack/node_modules/@babel/runtime/helpers/asyncToGenerator.js:3:17)
            at _next (/home/runner/work/WorkTrack/WorkTrack/node_modules/@babel/runtime/helpers/asyncToGenerator.js:17:9),
        trackerId: 't1',
        sharedWithId: 'u2'
      }

      27 | 	error(message: string, context?: LogContext): void {
      28 | 		// eslint-disable-next-line no-console
    > 29 | 		console.error(`[ERROR] ${message}`, context ?? '');
         | 		        ^
      30 | 	}
      31 | }
      32 |

      at ConsoleLogger.error (src/logging/index.ts:29:11)
      at FirebaseShareRepository.error (src/repositories/firebaseShareRepository.ts:83:11)
          at Generator.throw (<anonymous>)
      at asyncGeneratorStep (node_modules/@babel/runtime/helpers/asyncToGenerator.js:3:17)
      at _throw (node_modules/@babel/runtime/helpers/asyncToGenerator.js:20:9)

PASS __tests__/unit/watermelonEntryRepository.more.test.ts
  ● Console

    console.debug
      [DEBUG] Successfully upserted entry { entryId: '2025-01-01' }

      at ConsoleLogger.debug (src/logging/index.ts:17:11)

    console.debug
      [DEBUG] Successfully upserted entry { entryId: '2025-01-01' }

      at ConsoleLogger.debug (src/logging/index.ts:17:11)

    console.debug
      [DEBUG] Successfully marked entries as synced { count: 1 }

      at ConsoleLogger.debug (src/logging/index.ts:17:11)

    console.error
Error: ERROR] Failed to mark entries as synced in WatermelonDB {
        error: Error: nope
            at /home/runner/work/WorkTrack/WorkTrack/__tests__/unit/watermelonEntryRepository.more.test.ts:101:42
            at Generator.next (<anonymous>)
            at asyncGeneratorStep (/home/runner/work/WorkTrack/WorkTrack/node_modules/@babel/runtime/helpers/asyncToGenerator.js:3:17)
            at _next (/home/runner/work/WorkTrack/WorkTrack/node_modules/@babel/runtime/helpers/asyncToGenerator.js:17:9)
            at /home/runner/work/WorkTrack/WorkTrack/node_modules/@babel/runtime/helpers/asyncToGenerator.js:22:7
            at new Promise (<anonymous>)
            at /home/runner/work/WorkTrack/WorkTrack/node_modules/@babel/runtime/helpers/asyncToGenerator.js:14:12
            at Runtime.isolateModules (/home/runner/work/WorkTrack/WorkTrack/node_modules/jest-runtime/build/index.js:1082:7)
            at Object.isolateModules (/home/runner/work/WorkTrack/WorkTrack/node_modules/jest-runtime/build/index.js:1992:12)
            at Object.isolateModules (/home/runner/work/WorkTrack/WorkTrack/__tests__/unit/watermelonEntryRepository.more.test.ts:99:14)
            at Generator.next (<anonymous>)
            at asyncGeneratorStep (/home/runner/work/WorkTrack/WorkTrack/node_modules/@babel/runtime/helpers/asyncToGenerator.js:3:17)
            at _next (/home/runner/work/WorkTrack/WorkTrack/node_modules/@babel/runtime/helpers/asyncToGenerator.js:17:9),
        entryCount: 1
      }

      27 | 	error(message: string, context?: LogContext): void {
      28 | 		// eslint-disable-next-line no-console
    > 29 | 		console.error(`[ERROR] ${message}`, context ?? '');
         | 		        ^
      30 | 	}
      31 | }
      32 |

      at ConsoleLogger.error (src/logging/index.ts:29:11)
      at WatermelonEntryRepository.error (src/repositories/watermelonEntryRepository.ts:151:11)
          at Generator.throw (<anonymous>)
      at asyncGeneratorStep (node_modules/@babel/runtime/helpers/asyncToGenerator.js:3:17)
      at _throw (node_modules/@babel/runtime/helpers/asyncToGenerator.js:20:9)

    console.error
Error: ERROR] Failed to delete entry from WatermelonDB {
        error: Error: bad
            at Object.<anonymous> (/home/runner/work/WorkTrack/WorkTrack/__tests__/unit/watermelonEntryRepository.more.test.ts:136:11)
            at Generator.next (<anonymous>)
            at asyncGeneratorStep (/home/runner/work/WorkTrack/WorkTrack/node_modules/@babel/runtime/helpers/asyncToGenerator.js:3:17)
            at _next (/home/runner/work/WorkTrack/WorkTrack/node_modules/@babel/runtime/helpers/asyncToGenerator.js:17:9)
            at /home/runner/work/WorkTrack/WorkTrack/node_modules/@babel/runtime/helpers/asyncToGenerator.js:22:7
            at new Promise (<anonymous>)
            at Object.<anonymous> (/home/runner/work/WorkTrack/WorkTrack/node_modules/@babel/runtime/helpers/asyncToGenerator.js:14:12)
            at /home/runner/work/WorkTrack/WorkTrack/node_modules/jest-mock/build/index.js:397:39
            at Object.<anonymous> (/home/runner/work/WorkTrack/WorkTrack/node_modules/jest-mock/build/index.js:404:13)
            at Object.mockConstructor [as write] (/home/runner/work/WorkTrack/WorkTrack/node_modules/jest-mock/build/index.js:148:19)
            at WatermelonEntryRepository.write (/home/runner/work/WorkTrack/WorkTrack/src/repositories/watermelonEntryRepository.ts:239:19)
            at Generator.next (<anonymous>)
            at asyncGeneratorStep (/home/runner/work/WorkTrack/WorkTrack/node_modules/@babel/runtime/helpers/asyncToGenerator.js:3:17)
            at _next (/home/runner/work/WorkTrack/WorkTrack/node_modules/@babel/runtime/helpers/asyncToGenerator.js:17:9)
            at /home/runner/work/WorkTrack/WorkTrack/node_modules/@babel/runtime/helpers/asyncToGenerator.js:22:7
            at new Promise (<anonymous>)
            at WatermelonEntryRepository.<anonymous> (/home/runner/work/WorkTrack/WorkTrack/node_modules/@babel/runtime/helpers/asyncToGenerator.js:14:12)
            at WatermelonEntryRepository.apply (/home/runner/work/WorkTrack/WorkTrack/src/repositories/watermelonEntryRepository.ts:237:14)
            at /home/runner/work/WorkTrack/WorkTrack/__tests__/unit/watermelonEntryRepository.more.test.ts:146:28
            at Generator.next (<anonymous>)
            at asyncGeneratorStep (/home/runner/work/WorkTrack/WorkTrack/node_modules/@babel/runtime/helpers/asyncToGenerator.js:3:17)
            at _next (/home/runner/work/WorkTrack/WorkTrack/node_modules/@babel/runtime/helpers/asyncToGenerator.js:17:9)
            at /home/runner/work/WorkTrack/WorkTrack/node_modules/@babel/runtime/helpers/asyncToGenerator.js:22:7
            at new Promise (<anonymous>)
            at /home/runner/work/WorkTrack/WorkTrack/node_modules/@babel/runtime/helpers/asyncToGenerator.js:14:12
            at Runtime.isolateModules (/home/runner/work/WorkTrack/WorkTrack/node_modules/jest-runtime/build/index.js:1082:7)
            at Object.isolateModules (/home/runner/work/WorkTrack/WorkTrack/node_modules/jest-runtime/build/index.js:1992:12)
            at Object.isolateModules (/home/runner/work/WorkTrack/WorkTrack/__tests__/unit/watermelonEntryRepository.more.test.ts:133:14)
            at Generator.next (<anonymous>)
            at asyncGeneratorStep (/home/runner/work/WorkTrack/WorkTrack/node_modules/@babel/runtime/helpers/asyncToGenerator.js:3:17)
            at _next (/home/runner/work/WorkTrack/WorkTrack/node_modules/@babel/runtime/helpers/asyncToGenerator.js:17:9),
        entryId: '2025-01-01'
      }

      27 | 	error(message: string, context?: LogContext): void {
      28 | 		// eslint-disable-next-line no-console
    > 29 | 		console.error(`[ERROR] ${message}`, context ?? '');
         | 		        ^
      30 | 	}
      31 | }
      32 |

      at ConsoleLogger.error (src/logging/index.ts:29:11)
      at WatermelonEntryRepository.error (src/repositories/watermelonEntryRepository.ts:250:11)
          at Generator.throw (<anonymous>)
      at asyncGeneratorStep (node_modules/@babel/runtime/helpers/asyncToGenerator.js:3:17)
      at _throw (node_modules/@babel/runtime/helpers/asyncToGenerator.js:20:9)

    console.debug
      [DEBUG] Successfully deleted entry from WatermelonDB { entryId: '2025-01-01' }

      at ConsoleLogger.debug (src/logging/index.ts:17:11)

PASS __tests__/unit/entryUseCase.edgeLines.test.ts
PASS __tests__/unit/watermelonTrackerRepository.test.ts
  ● Console

    console.error
Error: ERROR] Failed to create tracker in WatermelonDB {
        error: Error: boom
            at Object.<anonymous> (/home/runner/work/WorkTrack/WorkTrack/__tests__/unit/watermelonTrackerRepository.test.ts:66:11)
            at Generator.next (<anonymous>)
            at asyncGeneratorStep (/home/runner/work/WorkTrack/WorkTrack/node_modules/@babel/runtime/helpers/asyncToGenerator.js:3:17)
            at _next (/home/runner/work/WorkTrack/WorkTrack/node_modules/@babel/runtime/helpers/asyncToGenerator.js:17:9)
            at /home/runner/work/WorkTrack/WorkTrack/node_modules/@babel/runtime/helpers/asyncToGenerator.js:22:7
            at new Promise (<anonymous>)
            at Object.<anonymous> (/home/runner/work/WorkTrack/WorkTrack/node_modules/@babel/runtime/helpers/asyncToGenerator.js:14:12)
            at /home/runner/work/WorkTrack/WorkTrack/node_modules/jest-mock/build/index.js:397:39
            at Object.<anonymous> (/home/runner/work/WorkTrack/WorkTrack/node_modules/jest-mock/build/index.js:404:13)
            at Object.mockConstructor [as write] (/home/runner/work/WorkTrack/WorkTrack/node_modules/jest-mock/build/index.js:148:19)
            at WatermelonTrackerRepository.write (/home/runner/work/WorkTrack/WorkTrack/src/repositories/watermelonTrackerRepository.ts:15:19)
            at Generator.next (<anonymous>)
            at asyncGeneratorStep (/home/runner/work/WorkTrack/WorkTrack/node_modules/@babel/runtime/helpers/asyncToGenerator.js:3:17)
            at _next (/home/runner/work/WorkTrack/WorkTrack/node_modules/@babel/runtime/helpers/asyncToGenerator.js:17:9)
            at /home/runner/work/WorkTrack/WorkTrack/node_modules/@babel/runtime/helpers/asyncToGenerator.js:22:7
            at new Promise (<anonymous>)
            at WatermelonTrackerRepository.<anonymous> (/home/runner/work/WorkTrack/WorkTrack/node_modules/@babel/runtime/helpers/asyncToGenerator.js:14:12)
            at WatermelonTrackerRepository.apply [as create] (/home/runner/work/WorkTrack/WorkTrack/src/repositories/watermelonTrackerRepository.ts:13:14)
            at create (/home/runner/work/WorkTrack/WorkTrack/__tests__/unit/watermelonTrackerRepository.test.ts:75:22)
            at Generator.next (<anonymous>)
            at asyncGeneratorStep (/home/runner/work/WorkTrack/WorkTrack/node_modules/@babel/runtime/helpers/asyncToGenerator.js:3:17)
            at _next (/home/runner/work/WorkTrack/WorkTrack/node_modules/@babel/runtime/helpers/asyncToGenerator.js:17:9)
            at /home/runner/work/WorkTrack/WorkTrack/node_modules/@babel/runtime/helpers/asyncToGenerator.js:22:7
            at new Promise (<anonymous>)
            at /home/runner/work/WorkTrack/WorkTrack/node_modules/@babel/runtime/helpers/asyncToGenerator.js:14:12
            at Runtime.isolateModules (/home/runner/work/WorkTrack/WorkTrack/node_modules/jest-runtime/build/index.js:1082:7)
            at Object.isolateModules (/home/runner/work/WorkTrack/WorkTrack/node_modules/jest-runtime/build/index.js:1992:12)
            at Object.isolateModules (/home/runner/work/WorkTrack/WorkTrack/__tests__/unit/watermelonTrackerRepository.test.ts:63:14)
            at Generator.next (<anonymous>)
            at asyncGeneratorStep (/home/runner/work/WorkTrack/WorkTrack/node_modules/@babel/runtime/helpers/asyncToGenerator.js:3:17)
            at _next (/home/runner/work/WorkTrack/WorkTrack/node_modules/@babel/runtime/helpers/asyncToGenerator.js:17:9),
        tracker: {
          id: 't1',
          ownerId: 'u1',
          name: 'N',
          color: '#aaaaaa',
          isDefault: false,
          trackerType: 'work'
        }
      }

      27 | 	error(message: string, context?: LogContext): void {
      28 | 		// eslint-disable-next-line no-console
    > 29 | 		console.error(`[ERROR] ${message}`, context ?? '');
         | 		        ^
      30 | 	}
      31 | }
      32 |

      at ConsoleLogger.error (src/logging/index.ts:29:11)
      at WatermelonTrackerRepository.error (src/repositories/watermelonTrackerRepository.ts:34:11)
          at Generator.throw (<anonymous>)
      at asyncGeneratorStep (node_modules/@babel/runtime/helpers/asyncToGenerator.js:3:17)
      at _throw (node_modules/@babel/runtime/helpers/asyncToGenerator.js:20:9)

    console.debug
      [DEBUG] Successfully created tracker in WatermelonDB { trackerId: 't1', ownerId: 'u1' }

      at ConsoleLogger.debug (src/logging/index.ts:17:11)

    console.debug
      [DEBUG] Successfully updated tracker in WatermelonDB { trackerId: 't1', ownerId: 'u1' }

      at ConsoleLogger.debug (src/logging/index.ts:17:11)

    console.debug
      [DEBUG] Successfully fetched owned trackers from WatermelonDB { userId: 'u1', count: 0 }

      at ConsoleLogger.debug (src/logging/index.ts:17:11)

    console.debug
      [DEBUG] Successfully created tracker in WatermelonDB { trackerId: 't1', ownerId: 'u1' }

      at ConsoleLogger.debug (src/logging/index.ts:17:11)

    console.debug
      [DEBUG] Created default tracker in WatermelonDB { trackerId: 't1', ownerId: 'u1' }

      at ConsoleLogger.debug (src/logging/index.ts:17:11)

    console.error
Error: ERROR] Failed to upsert trackers to WatermelonDB {
        error: Error: bad
            at Object.<anonymous> (/home/runner/work/WorkTrack/WorkTrack/__tests__/unit/watermelonTrackerRepository.test.ts:130:11)
            at Generator.next (<anonymous>)
            at asyncGeneratorStep (/home/runner/work/WorkTrack/WorkTrack/node_modules/@babel/runtime/helpers/asyncToGenerator.js:3:17)
            at _next (/home/runner/work/WorkTrack/WorkTrack/node_modules/@babel/runtime/helpers/asyncToGenerator.js:17:9)
            at /home/runner/work/WorkTrack/WorkTrack/node_modules/@babel/runtime/helpers/asyncToGenerator.js:22:7
            at new Promise (<anonymous>)
            at Object.<anonymous> (/home/runner/work/WorkTrack/WorkTrack/node_modules/@babel/runtime/helpers/asyncToGenerator.js:14:12)
            at /home/runner/work/WorkTrack/WorkTrack/node_modules/jest-mock/build/index.js:397:39
            at Object.<anonymous> (/home/runner/work/WorkTrack/WorkTrack/node_modules/jest-mock/build/index.js:404:13)
            at Object.mockConstructor [as write] (/home/runner/work/WorkTrack/WorkTrack/node_modules/jest-mock/build/index.js:148:19)
            at WatermelonTrackerRepository.write (/home/runner/work/WorkTrack/WorkTrack/src/repositories/watermelonTrackerRepository.ts:179:19)
            at Generator.next (<anonymous>)
            at asyncGeneratorStep (/home/runner/work/WorkTrack/WorkTrack/node_modules/@babel/runtime/helpers/asyncToGenerator.js:3:17)
            at _next (/home/runner/work/WorkTrack/WorkTrack/node_modules/@babel/runtime/helpers/asyncToGenerator.js:17:9)
            at /home/runner/work/WorkTrack/WorkTrack/node_modules/@babel/runtime/helpers/asyncToGenerator.js:22:7
            at new Promise (<anonymous>)
            at WatermelonTrackerRepository.<anonymous> (/home/runner/work/WorkTrack/WorkTrack/node_modules/@babel/runtime/helpers/asyncToGenerator.js:14:12)
            at WatermelonTrackerRepository.apply [as upsertMany] (/home/runner/work/WorkTrack/WorkTrack/src/repositories/watermelonTrackerRepository.ts:177:18)
            at upsertMany (/home/runner/work/WorkTrack/WorkTrack/__tests__/unit/watermelonTrackerRepository.test.ts:139:22)
            at Generator.next (<anonymous>)
            at asyncGeneratorStep (/home/runner/work/WorkTrack/WorkTrack/node_modules/@babel/runtime/helpers/asyncToGenerator.js:3:17)
            at _next (/home/runner/work/WorkTrack/WorkTrack/node_modules/@babel/runtime/helpers/asyncToGenerator.js:17:9)
            at /home/runner/work/WorkTrack/WorkTrack/node_modules/@babel/runtime/helpers/asyncToGenerator.js:22:7
            at new Promise (<anonymous>)
            at /home/runner/work/WorkTrack/WorkTrack/node_modules/@babel/runtime/helpers/asyncToGenerator.js:14:12
            at Runtime.isolateModules (/home/runner/work/WorkTrack/WorkTrack/node_modules/jest-runtime/build/index.js:1082:7)
            at Object.isolateModules (/home/runner/work/WorkTrack/WorkTrack/node_modules/jest-runtime/build/index.js:1992:12)
            at Object.isolateModules (/home/runner/work/WorkTrack/WorkTrack/__tests__/unit/watermelonTrackerRepository.test.ts:127:14)
            at Generator.next (<anonymous>)
            at asyncGeneratorStep (/home/runner/work/WorkTrack/WorkTrack/node_modules/@babel/runtime/helpers/asyncToGenerator.js:3:17)
            at _next (/home/runner/work/WorkTrack/WorkTrack/node_modules/@babel/runtime/helpers/asyncToGenerator.js:17:9),
        count: 1
      }

      27 | 	error(message: string, context?: LogContext): void {
      28 | 		// eslint-disable-next-line no-console
    > 29 | 		console.error(`[ERROR] ${message}`, context ?? '');
         | 		        ^
      30 | 	}
      31 | }
      32 |

      at ConsoleLogger.error (src/logging/index.ts:29:11)
      at WatermelonTrackerRepository.error (src/repositories/watermelonTrackerRepository.ts:219:11)
          at Generator.throw (<anonymous>)
      at asyncGeneratorStep (node_modules/@babel/runtime/helpers/asyncToGenerator.js:3:17)
      at _throw (node_modules/@babel/runtime/helpers/asyncToGenerator.js:20:9)

    console.debug
      [DEBUG] Successfully upserted trackers to WatermelonDB { count: 2 }

      at ConsoleLogger.debug (src/logging/index.ts:17:11)

PASS __tests__/unit/syncFromRemoteUseCase.edgeLines.test.ts
  ● Console

    console.warn
      [WARN] Failed to sync from remote, continuing with local data {
        error: SyncError: User not authenticated
            at SyncFromRemoteUseCaseImpl.<anonymous> (/home/runner/work/WorkTrack/WorkTrack/src/use-cases/syncFromRemoteUseCase.ts:28:11)
            at Generator.next (<anonymous>)
            at asyncGeneratorStep (/home/runner/work/WorkTrack/WorkTrack/node_modules/@babel/runtime/helpers/asyncToGenerator.js:3:17)
            at _next (/home/runner/work/WorkTrack/WorkTrack/node_modules/@babel/runtime/helpers/asyncToGenerator.js:17:9)
            at /home/runner/work/WorkTrack/WorkTrack/node_modules/@babel/runtime/helpers/asyncToGenerator.js:22:7
            at new Promise (<anonymous>)
            at SyncFromRemoteUseCaseImpl.<anonymous> (/home/runner/work/WorkTrack/WorkTrack/node_modules/@babel/runtime/helpers/asyncToGenerator.js:14:12)
            at SyncFromRemoteUseCaseImpl.apply [as execute] (/home/runner/work/WorkTrack/WorkTrack/src/use-cases/syncFromRemoteUseCase.ts:24:15)
            at execute (/home/runner/work/WorkTrack/WorkTrack/__tests__/unit/syncFromRemoteUseCase.edgeLines.test.ts:30:25)
            at Generator.next (<anonymous>)
            at asyncGeneratorStep (/home/runner/work/WorkTrack/WorkTrack/node_modules/@babel/runtime/helpers/asyncToGenerator.js:3:17)
            at _next (/home/runner/work/WorkTrack/WorkTrack/node_modules/@babel/runtime/helpers/asyncToGenerator.js:17:9)
            at /home/runner/work/WorkTrack/WorkTrack/node_modules/@babel/runtime/helpers/asyncToGenerator.js:22:7
            at new Promise (<anonymous>)
            at /home/runner/work/WorkTrack/WorkTrack/node_modules/@babel/runtime/helpers/asyncToGenerator.js:14:12
            at Runtime.isolateModules (/home/runner/work/WorkTrack/WorkTrack/node_modules/jest-runtime/build/index.js:1082:7)
            at Object.isolateModules (/home/runner/work/WorkTrack/WorkTrack/node_modules/jest-runtime/build/index.js:1992:12)
            at Object.isolateModules (/home/runner/work/WorkTrack/WorkTrack/__tests__/unit/syncFromRemoteUseCase.edgeLines.test.ts:5:14)
            at Generator.next (<anonymous>)
            at asyncGeneratorStep (/home/runner/work/WorkTrack/WorkTrack/node_modules/@babel/runtime/helpers/asyncToGenerator.js:3:17)
            at _next (/home/runner/work/WorkTrack/WorkTrack/node_modules/@babel/runtime/helpers/asyncToGenerator.js:17:9)
            at /home/runner/work/WorkTrack/WorkTrack/node_modules/@babel/runtime/helpers/asyncToGenerator.js:22:7
            at new Promise (<anonymous>)
            at Object.<anonymous> (/home/runner/work/WorkTrack/WorkTrack/node_modules/@babel/runtime/helpers/asyncToGenerator.js:14:12)
            at Promise.then.completed (/home/runner/work/WorkTrack/WorkTrack/node_modules/jest-circus/build/utils.js:298:28)
            at new Promise (<anonymous>)
            at callAsyncCircusFn (/home/runner/work/WorkTrack/WorkTrack/node_modules/jest-circus/build/utils.js:231:10)
            at _callCircusTest (/home/runner/work/WorkTrack/WorkTrack/node_modules/jest-circus/build/run.js:316:40)
            at _runTest (/home/runner/work/WorkTrack/WorkTrack/node_modules/jest-circus/build/run.js:252:3)
            at _runTestsForDescribeBlock (/home/runner/work/WorkTrack/WorkTrack/node_modules/jest-circus/build/run.js:126:9)
            at _runTestsForDescribeBlock (/home/runner/work/WorkTrack/WorkTrack/node_modules/jest-circus/build/run.js:121:9)
            at run (/home/runner/work/WorkTrack/WorkTrack/node_modules/jest-circus/build/run.js:71:3)
            at runAndTransformResultsToJestFormat (/home/runner/work/WorkTrack/WorkTrack/node_modules/jest-circus/build/legacy-code-todo-rewrite/jestAdapterInit.js:122:21)
            at jestAdapter (/home/runner/work/WorkTrack/WorkTrack/node_modules/jest-circus/build/legacy-code-todo-rewrite/jestAdapter.js:79:19)
            at runTestInternal (/home/runner/work/WorkTrack/WorkTrack/node_modules/jest-runner/build/runTest.js:367:16)
            at runTest (/home/runner/work/WorkTrack/WorkTrack/node_modules/jest-runner/build/runTest.js:444:34) {
          context: { code: 'auth.unauthenticated' }
        }
      }

      23 | 	warn(message: string, context?: LogContext): void {
      24 | 		// eslint-disable-next-line no-console
    > 25 | 		console.warn(`[WARN] ${message}`, context ?? '');
         | 		        ^
      26 | 	}
      27 | 	error(message: string, context?: LogContext): void {
      28 | 		// eslint-disable-next-line no-console

      at ConsoleLogger.warn (src/logging/index.ts:25:11)
      at SyncFromRemoteUseCaseImpl.warn (src/use-cases/syncFromRemoteUseCase.ts:99:11)
      at asyncGeneratorStep (node_modules/@babel/runtime/helpers/asyncToGenerator.js:3:17)
      at _next (node_modules/@babel/runtime/helpers/asyncToGenerator.js:17:9)
      at node_modules/@babel/runtime/helpers/asyncToGenerator.js:22:7
      at SyncFromRemoteUseCaseImpl.<anonymous> (node_modules/@babel/runtime/helpers/asyncToGenerator.js:14:12)
      at SyncFromRemoteUseCaseImpl.apply [as execute] (src/use-cases/syncFromRemoteUseCase.ts:24:15)
      at execute (__tests__/unit/syncFromRemoteUseCase.edgeLines.test.ts:30:25)
      at asyncGeneratorStep (node_modules/@babel/runtime/helpers/asyncToGenerator.js:3:17)
      at _next (node_modules/@babel/runtime/helpers/asyncToGenerator.js:17:9)
      at node_modules/@babel/runtime/helpers/asyncToGenerator.js:22:7
      at node_modules/@babel/runtime/helpers/asyncToGenerator.js:14:12
      at Object.isolateModules (__tests__/unit/syncFromRemoteUseCase.edgeLines.test.ts:5:14)
      at asyncGeneratorStep (node_modules/@babel/runtime/helpers/asyncToGenerator.js:3:17)
      at _next (node_modules/@babel/runtime/helpers/asyncToGenerator.js:17:9)
      at node_modules/@babel/runtime/helpers/asyncToGenerator.js:22:7
      at Object.<anonymous> (node_modules/@babel/runtime/helpers/asyncToGenerator.js:14:12)

PASS __tests__/unit/entryUseCaseExpanded.test.ts
  ● Console

    console.debug
      [DEBUG] Entry created/updated successfully {
        entryDTO: {
          id: '2025-01-01',
          trackerId: 'tracker1',
          date: '2025-01-01',
          status: 'office',
          isAdvisory: false,
          needsSync: true,
          lastModified: 1758126721305
        }
      }

      at ConsoleLogger.debug (src/logging/index.ts:17:11)

    console.debug
      [DEBUG] Entry created/updated successfully {
        entryDTO: {
          id: '2025-01-01',
          trackerId: 'tracker1',
          date: '2025-01-01',
          status: 'home',
          isAdvisory: true,
          needsSync: true,
          lastModified: 1758126721305
        }
      }

      at ConsoleLogger.debug (src/logging/index.ts:17:11)

    console.error
Error: ERROR] Failed to create/update entry {
        error: Error: Repository error
            at Object.<anonymous> (/home/runner/work/WorkTrack/WorkTrack/__tests__/unit/entryUseCaseExpanded.test.ts:133:5)
            at Generator.next (<anonymous>)
            at asyncGeneratorStep (/home/runner/work/WorkTrack/WorkTrack/node_modules/@babel/runtime/helpers/asyncToGenerator.js:3:17)
            at _next (/home/runner/work/WorkTrack/WorkTrack/node_modules/@babel/runtime/helpers/asyncToGenerator.js:17:9)
            at /home/runner/work/WorkTrack/WorkTrack/node_modules/@babel/runtime/helpers/asyncToGenerator.js:22:7
            at new Promise (<anonymous>)
            at Object.<anonymous> (/home/runner/work/WorkTrack/WorkTrack/node_modules/@babel/runtime/helpers/asyncToGenerator.js:14:12)
            at Promise.then.completed (/home/runner/work/WorkTrack/WorkTrack/node_modules/jest-circus/build/utils.js:298:28)
            at new Promise (<anonymous>)
            at callAsyncCircusFn (/home/runner/work/WorkTrack/WorkTrack/node_modules/jest-circus/build/utils.js:231:10)
            at _callCircusTest (/home/runner/work/WorkTrack/WorkTrack/node_modules/jest-circus/build/run.js:316:40)
            at _runTest (/home/runner/work/WorkTrack/WorkTrack/node_modules/jest-circus/build/run.js:252:3)
            at _runTestsForDescribeBlock (/home/runner/work/WorkTrack/WorkTrack/node_modules/jest-circus/build/run.js:126:9)
            at _runTestsForDescribeBlock (/home/runner/work/WorkTrack/WorkTrack/node_modules/jest-circus/build/run.js:121:9)
            at _runTestsForDescribeBlock (/home/runner/work/WorkTrack/WorkTrack/node_modules/jest-circus/build/run.js:121:9)
            at run (/home/runner/work/WorkTrack/WorkTrack/node_modules/jest-circus/build/run.js:71:3)
            at runAndTransformResultsToJestFormat (/home/runner/work/WorkTrack/WorkTrack/node_modules/jest-circus/build/legacy-code-todo-rewrite/jestAdapterInit.js:122:21)
            at jestAdapter (/home/runner/work/WorkTrack/WorkTrack/node_modules/jest-circus/build/legacy-code-todo-rewrite/jestAdapter.js:79:19)
            at runTestInternal (/home/runner/work/WorkTrack/WorkTrack/node_modules/jest-runner/build/runTest.js:367:16)
            at runTest (/home/runner/work/WorkTrack/WorkTrack/node_modules/jest-runner/build/runTest.js:444:34)
      }

      27 | 	error(message: string, context?: LogContext): void {
      28 | 		// eslint-disable-next-line no-console
    > 29 | 		console.error(`[ERROR] ${message}`, context ?? '');
         | 		        ^
      30 | 	}
      31 | }
      32 |

      at ConsoleLogger.error (src/logging/index.ts:29:11)
      at Function.error (src/utils/errorHandler.ts:20:11)
          at Generator.throw (<anonymous>)
      at asyncGeneratorStep (node_modules/@babel/runtime/helpers/asyncToGenerator.js:3:17)
      at _throw (node_modules/@babel/runtime/helpers/asyncToGenerator.js:20:9)

PASS __tests__/unit/watermelonEntryRepository.success.test.ts
PASS __tests__/unit/watermelonEntryRepository.errors.test.ts
  ● Console

    console.error
Error: ERROR] Failed to fetch unsynced entries from WatermelonDB {
        error: TypeError: Cannot read properties of undefined (reading 'where')
            at WatermelonEntryRepository.where (/home/runner/work/WorkTrack/WorkTrack/src/repositories/watermelonEntryRepository.ts:15:14)
            at Generator.next (<anonymous>)
            at asyncGeneratorStep (/home/runner/work/WorkTrack/WorkTrack/node_modules/@babel/runtime/helpers/asyncToGenerator.js:3:17)
            at _next (/home/runner/work/WorkTrack/WorkTrack/node_modules/@babel/runtime/helpers/asyncToGenerator.js:17:9)
            at /home/runner/work/WorkTrack/WorkTrack/node_modules/@babel/runtime/helpers/asyncToGenerator.js:22:7
            at new Promise (<anonymous>)
            at WatermelonEntryRepository.<anonymous> (/home/runner/work/WorkTrack/WorkTrack/node_modules/@babel/runtime/helpers/asyncToGenerator.js:14:12)
            at WatermelonEntryRepository.apply [as listUnsynced] (/home/runner/work/WorkTrack/WorkTrack/src/repositories/watermelonEntryRepository.ts:11:20)
            at listUnsynced (/home/runner/work/WorkTrack/WorkTrack/__tests__/unit/watermelonEntryRepository.errors.test.ts:16:22)
            at Generator.next (<anonymous>)
            at asyncGeneratorStep (/home/runner/work/WorkTrack/WorkTrack/node_modules/@babel/runtime/helpers/asyncToGenerator.js:3:17)
            at _next (/home/runner/work/WorkTrack/WorkTrack/node_modules/@babel/runtime/helpers/asyncToGenerator.js:17:9)
            at /home/runner/work/WorkTrack/WorkTrack/node_modules/@babel/runtime/helpers/asyncToGenerator.js:22:7
            at new Promise (<anonymous>)
            at /home/runner/work/WorkTrack/WorkTrack/node_modules/@babel/runtime/helpers/asyncToGenerator.js:14:12
            at Runtime.isolateModules (/home/runner/work/WorkTrack/WorkTrack/node_modules/jest-runtime/build/index.js:1082:7)
            at Object.isolateModules (/home/runner/work/WorkTrack/WorkTrack/node_modules/jest-runtime/build/index.js:1992:12)
            at Object.isolateModules (/home/runner/work/WorkTrack/WorkTrack/__tests__/unit/watermelonEntryRepository.errors.test.ts:3:14)
            at Generator.next (<anonymous>)
            at asyncGeneratorStep (/home/runner/work/WorkTrack/WorkTrack/node_modules/@babel/runtime/helpers/asyncToGenerator.js:3:17)
            at _next (/home/runner/work/WorkTrack/WorkTrack/node_modules/@babel/runtime/helpers/asyncToGenerator.js:17:9)
            at /home/runner/work/WorkTrack/WorkTrack/node_modules/@babel/runtime/helpers/asyncToGenerator.js:22:7
            at new Promise (<anonymous>)
            at Object.<anonymous> (/home/runner/work/WorkTrack/WorkTrack/node_modules/@babel/runtime/helpers/asyncToGenerator.js:14:12)
            at Promise.then.completed (/home/runner/work/WorkTrack/WorkTrack/node_modules/jest-circus/build/utils.js:298:28)
            at new Promise (<anonymous>)
            at callAsyncCircusFn (/home/runner/work/WorkTrack/WorkTrack/node_modules/jest-circus/build/utils.js:231:10)
            at _callCircusTest (/home/runner/work/WorkTrack/WorkTrack/node_modules/jest-circus/build/run.js:316:40)
            at _runTest (/home/runner/work/WorkTrack/WorkTrack/node_modules/jest-circus/build/run.js:252:3)
            at _runTestsForDescribeBlock (/home/runner/work/WorkTrack/WorkTrack/node_modules/jest-circus/build/run.js:126:9)
            at _runTestsForDescribeBlock (/home/runner/work/WorkTrack/WorkTrack/node_modules/jest-circus/build/run.js:121:9)
            at run (/home/runner/work/WorkTrack/WorkTrack/node_modules/jest-circus/build/run.js:71:3)
            at runAndTransformResultsToJestFormat (/home/runner/work/WorkTrack/WorkTrack/node_modules/jest-circus/build/legacy-code-todo-rewrite/jestAdapterInit.js:122:21)
            at jestAdapter (/home/runner/work/WorkTrack/WorkTrack/node_modules/jest-circus/build/legacy-code-todo-rewrite/jestAdapter.js:79:19)
            at runTestInternal (/home/runner/work/WorkTrack/WorkTrack/node_modules/jest-runner/build/runTest.js:367:16)
            at runTest (/home/runner/work/WorkTrack/WorkTrack/node_modules/jest-runner/build/runTest.js:444:34)
      }

      27 | 	error(message: string, context?: LogContext): void {
      28 | 		// eslint-disable-next-line no-console
    > 29 | 		console.error(`[ERROR] ${message}`, context ?? '');
         | 		        ^
      30 | 	}
      31 | }
      32 |

      at ConsoleLogger.error (src/logging/index.ts:29:11)
      at WatermelonEntryRepository.error (src/repositories/watermelonEntryRepository.ts:20:11)
      at asyncGeneratorStep (node_modules/@babel/runtime/helpers/asyncToGenerator.js:3:17)
      at _next (node_modules/@babel/runtime/helpers/asyncToGenerator.js:17:9)
      at node_modules/@babel/runtime/helpers/asyncToGenerator.js:22:7
      at WatermelonEntryRepository.<anonymous> (node_modules/@babel/runtime/helpers/asyncToGenerator.js:14:12)
      at WatermelonEntryRepository.apply [as listUnsynced] (src/repositories/watermelonEntryRepository.ts:11:20)
      at listUnsynced (__tests__/unit/watermelonEntryRepository.errors.test.ts:16:22)
      at asyncGeneratorStep (node_modules/@babel/runtime/helpers/asyncToGenerator.js:3:17)
      at _next (node_modules/@babel/runtime/helpers/asyncToGenerator.js:17:9)
      at node_modules/@babel/runtime/helpers/asyncToGenerator.js:22:7
      at node_modules/@babel/runtime/helpers/asyncToGenerator.js:14:12
      at Object.isolateModules (__tests__/unit/watermelonEntryRepository.errors.test.ts:3:14)
      at asyncGeneratorStep (node_modules/@babel/runtime/helpers/asyncToGenerator.js:3:17)
      at _next (node_modules/@babel/runtime/helpers/asyncToGenerator.js:17:9)
      at node_modules/@babel/runtime/helpers/asyncToGenerator.js:22:7
      at Object.<anonymous> (node_modules/@babel/runtime/helpers/asyncToGenerator.js:14:12)

    console.error
Error: ERROR] Failed to fetch failed sync records from WatermelonDB {
        error: TypeError: Cannot read properties of undefined (reading 'where')
            at WatermelonEntryRepository.where (/home/runner/work/WorkTrack/WorkTrack/src/repositories/watermelonEntryRepository.ts:164:8)
            at Generator.next (<anonymous>)
            at asyncGeneratorStep (/home/runner/work/WorkTrack/WorkTrack/node_modules/@babel/runtime/helpers/asyncToGenerator.js:3:17)
            at _next (/home/runner/work/WorkTrack/WorkTrack/node_modules/@babel/runtime/helpers/asyncToGenerator.js:17:9)
            at /home/runner/work/WorkTrack/WorkTrack/node_modules/@babel/runtime/helpers/asyncToGenerator.js:22:7
            at new Promise (<anonymous>)
            at WatermelonEntryRepository.<anonymous> (/home/runner/work/WorkTrack/WorkTrack/node_modules/@babel/runtime/helpers/asyncToGenerator.js:14:12)
            at WatermelonEntryRepository.apply [as getFailedSyncRecords] (/home/runner/work/WorkTrack/WorkTrack/src/repositories/watermelonEntryRepository.ts:159:28)
            at getFailedSyncRecords (/home/runner/work/WorkTrack/WorkTrack/__tests__/unit/watermelonEntryRepository.errors.test.ts:36:22)
            at Generator.next (<anonymous>)
            at asyncGeneratorStep (/home/runner/work/WorkTrack/WorkTrack/node_modules/@babel/runtime/helpers/asyncToGenerator.js:3:17)
            at _next (/home/runner/work/WorkTrack/WorkTrack/node_modules/@babel/runtime/helpers/asyncToGenerator.js:17:9)
            at /home/runner/work/WorkTrack/WorkTrack/node_modules/@babel/runtime/helpers/asyncToGenerator.js:22:7
            at new Promise (<anonymous>)
            at /home/runner/work/WorkTrack/WorkTrack/node_modules/@babel/runtime/helpers/asyncToGenerator.js:14:12
            at Runtime.isolateModules (/home/runner/work/WorkTrack/WorkTrack/node_modules/jest-runtime/build/index.js:1082:7)
            at Object.isolateModules (/home/runner/work/WorkTrack/WorkTrack/node_modules/jest-runtime/build/index.js:1992:12)
            at Object.isolateModules (/home/runner/work/WorkTrack/WorkTrack/__tests__/unit/watermelonEntryRepository.errors.test.ts:23:14)
            at Generator.next (<anonymous>)
            at asyncGeneratorStep (/home/runner/work/WorkTrack/WorkTrack/node_modules/@babel/runtime/helpers/asyncToGenerator.js:3:17)
            at _next (/home/runner/work/WorkTrack/WorkTrack/node_modules/@babel/runtime/helpers/asyncToGenerator.js:17:9)
            at /home/runner/work/WorkTrack/WorkTrack/node_modules/@babel/runtime/helpers/asyncToGenerator.js:22:7
            at new Promise (<anonymous>)
            at Object.<anonymous> (/home/runner/work/WorkTrack/WorkTrack/node_modules/@babel/runtime/helpers/asyncToGenerator.js:14:12)
            at Promise.then.completed (/home/runner/work/WorkTrack/WorkTrack/node_modules/jest-circus/build/utils.js:298:28)
            at new Promise (<anonymous>)
            at callAsyncCircusFn (/home/runner/work/WorkTrack/WorkTrack/node_modules/jest-circus/build/utils.js:231:10)
            at _callCircusTest (/home/runner/work/WorkTrack/WorkTrack/node_modules/jest-circus/build/run.js:316:40)
            at _runTest (/home/runner/work/WorkTrack/WorkTrack/node_modules/jest-circus/build/run.js:252:3)
            at _runTestsForDescribeBlock (/home/runner/work/WorkTrack/WorkTrack/node_modules/jest-circus/build/run.js:126:9)
            at _runTestsForDescribeBlock (/home/runner/work/WorkTrack/WorkTrack/node_modules/jest-circus/build/run.js:121:9)
            at run (/home/runner/work/WorkTrack/WorkTrack/node_modules/jest-circus/build/run.js:71:3)
            at runAndTransformResultsToJestFormat (/home/runner/work/WorkTrack/WorkTrack/node_modules/jest-circus/build/legacy-code-todo-rewrite/jestAdapterInit.js:122:21)
            at jestAdapter (/home/runner/work/WorkTrack/WorkTrack/node_modules/jest-circus/build/legacy-code-todo-rewrite/jestAdapter.js:79:19)
            at runTestInternal (/home/runner/work/WorkTrack/WorkTrack/node_modules/jest-runner/build/runTest.js:367:16)
            at runTest (/home/runner/work/WorkTrack/WorkTrack/node_modules/jest-runner/build/runTest.js:444:34)
      }

      27 | 	error(message: string, context?: LogContext): void {
      28 | 		// eslint-disable-next-line no-console
    > 29 | 		console.error(`[ERROR] ${message}`, context ?? '');
         | 		        ^
      30 | 	}
      31 | }
      32 |

      at ConsoleLogger.error (src/logging/index.ts:29:11)
      at WatermelonEntryRepository.error (src/repositories/watermelonEntryRepository.ts:171:11)
      at asyncGeneratorStep (node_modules/@babel/runtime/helpers/asyncToGenerator.js:3:17)
      at _next (node_modules/@babel/runtime/helpers/asyncToGenerator.js:17:9)
      at node_modules/@babel/runtime/helpers/asyncToGenerator.js:22:7
      at WatermelonEntryRepository.<anonymous> (node_modules/@babel/runtime/helpers/asyncToGenerator.js:14:12)
      at WatermelonEntryRepository.apply [as getFailedSyncRecords] (src/repositories/watermelonEntryRepository.ts:159:28)
      at getFailedSyncRecords (__tests__/unit/watermelonEntryRepository.errors.test.ts:36:22)
      at asyncGeneratorStep (node_modules/@babel/runtime/helpers/asyncToGenerator.js:3:17)
      at _next (node_modules/@babel/runtime/helpers/asyncToGenerator.js:17:9)
      at node_modules/@babel/runtime/helpers/asyncToGenerator.js:22:7
      at node_modules/@babel/runtime/helpers/asyncToGenerator.js:14:12
      at Object.isolateModules (__tests__/unit/watermelonEntryRepository.errors.test.ts:23:14)
      at asyncGeneratorStep (node_modules/@babel/runtime/helpers/asyncToGenerator.js:3:17)
      at _next (node_modules/@babel/runtime/helpers/asyncToGenerator.js:17:9)
      at node_modules/@babel/runtime/helpers/asyncToGenerator.js:22:7
      at Object.<anonymous> (node_modules/@babel/runtime/helpers/asyncToGenerator.js:14:12)

    console.error
Error: ERROR] Failed to fetch records exceeding retry limit from WatermelonDB {
        error: TypeError: Cannot read properties of undefined (reading 'where')
            at WatermelonEntryRepository.where (/home/runner/work/WorkTrack/WorkTrack/src/repositories/watermelonEntryRepository.ts:186:8)
            at Generator.next (<anonymous>)
            at asyncGeneratorStep (/home/runner/work/WorkTrack/WorkTrack/node_modules/@babel/runtime/helpers/asyncToGenerator.js:3:17)
            at _next (/home/runner/work/WorkTrack/WorkTrack/node_modules/@babel/runtime/helpers/asyncToGenerator.js:17:9)
            at /home/runner/work/WorkTrack/WorkTrack/node_modules/@babel/runtime/helpers/asyncToGenerator.js:22:7
            at new Promise (<anonymous>)
            at WatermelonEntryRepository.<anonymous> (/home/runner/work/WorkTrack/WorkTrack/node_modules/@babel/runtime/helpers/asyncToGenerator.js:14:12)
            at WatermelonEntryRepository.apply [as getRecordsExceedingRetryLimit] (/home/runner/work/WorkTrack/WorkTrack/src/repositories/watermelonEntryRepository.ts:181:37)
            at getRecordsExceedingRetryLimit (/home/runner/work/WorkTrack/WorkTrack/__tests__/unit/watermelonEntryRepository.errors.test.ts:57:10)
            at Generator.next (<anonymous>)
            at asyncGeneratorStep (/home/runner/work/WorkTrack/WorkTrack/node_modules/@babel/runtime/helpers/asyncToGenerator.js:3:17)
            at _next (/home/runner/work/WorkTrack/WorkTrack/node_modules/@babel/runtime/helpers/asyncToGenerator.js:17:9)
            at /home/runner/work/WorkTrack/WorkTrack/node_modules/@babel/runtime/helpers/asyncToGenerator.js:22:7
            at new Promise (<anonymous>)
            at /home/runner/work/WorkTrack/WorkTrack/node_modules/@babel/runtime/helpers/asyncToGenerator.js:14:12
            at Runtime.isolateModules (/home/runner/work/WorkTrack/WorkTrack/node_modules/jest-runtime/build/index.js:1082:7)
            at Object.isolateModules (/home/runner/work/WorkTrack/WorkTrack/node_modules/jest-runtime/build/index.js:1992:12)
            at Object.isolateModules (/home/runner/work/WorkTrack/WorkTrack/__tests__/unit/watermelonEntryRepository.errors.test.ts:43:14)
            at Generator.next (<anonymous>)
            at asyncGeneratorStep (/home/runner/work/WorkTrack/WorkTrack/node_modules/@babel/runtime/helpers/asyncToGenerator.js:3:17)
            at _next (/home/runner/work/WorkTrack/WorkTrack/node_modules/@babel/runtime/helpers/asyncToGenerator.js:17:9)
            at /home/runner/work/WorkTrack/WorkTrack/node_modules/@babel/runtime/helpers/asyncToGenerator.js:22:7
            at new Promise (<anonymous>)
            at Object.<anonymous> (/home/runner/work/WorkTrack/WorkTrack/node_modules/@babel/runtime/helpers/asyncToGenerator.js:14:12)
            at Promise.then.completed (/home/runner/work/WorkTrack/WorkTrack/node_modules/jest-circus/build/utils.js:298:28)
            at new Promise (<anonymous>)
            at callAsyncCircusFn (/home/runner/work/WorkTrack/WorkTrack/node_modules/jest-circus/build/utils.js:231:10)
            at _callCircusTest (/home/runner/work/WorkTrack/WorkTrack/node_modules/jest-circus/build/run.js:316:40)
            at _runTest (/home/runner/work/WorkTrack/WorkTrack/node_modules/jest-circus/build/run.js:252:3)
            at _runTestsForDescribeBlock (/home/runner/work/WorkTrack/WorkTrack/node_modules/jest-circus/build/run.js:126:9)
            at _runTestsForDescribeBlock (/home/runner/work/WorkTrack/WorkTrack/node_modules/jest-circus/build/run.js:121:9)
            at run (/home/runner/work/WorkTrack/WorkTrack/node_modules/jest-circus/build/run.js:71:3)
            at runAndTransformResultsToJestFormat (/home/runner/work/WorkTrack/WorkTrack/node_modules/jest-circus/build/legacy-code-todo-rewrite/jestAdapterInit.js:122:21)
            at jestAdapter (/home/runner/work/WorkTrack/WorkTrack/node_modules/jest-circus/build/legacy-code-todo-rewrite/jestAdapter.js:79:19)
            at runTestInternal (/home/runner/work/WorkTrack/WorkTrack/node_modules/jest-runner/build/runTest.js:367:16)
            at runTest (/home/runner/work/WorkTrack/WorkTrack/node_modules/jest-runner/build/runTest.js:444:34),
        limit: 3
      }

      27 | 	error(message: string, context?: LogContext): void {
      28 | 		// eslint-disable-next-line no-console
    > 29 | 		console.error(`[ERROR] ${message}`, context ?? '');
         | 		        ^
      30 | 	}
      31 | }
      32 |

      at ConsoleLogger.error (src/logging/index.ts:29:11)
      at WatermelonEntryRepository.error (src/repositories/watermelonEntryRepository.ts:193:11)
      at asyncGeneratorStep (node_modules/@babel/runtime/helpers/asyncToGenerator.js:3:17)
      at _next (node_modules/@babel/runtime/helpers/asyncToGenerator.js:17:9)
      at node_modules/@babel/runtime/helpers/asyncToGenerator.js:22:7
      at WatermelonEntryRepository.<anonymous> (node_modules/@babel/runtime/helpers/asyncToGenerator.js:14:12)
      at WatermelonEntryRepository.apply [as getRecordsExceedingRetryLimit] (src/repositories/watermelonEntryRepository.ts:181:37)
      at getRecordsExceedingRetryLimit (__tests__/unit/watermelonEntryRepository.errors.test.ts:57:10)
      at asyncGeneratorStep (node_modules/@babel/runtime/helpers/asyncToGenerator.js:3:17)
      at _next (node_modules/@babel/runtime/helpers/asyncToGenerator.js:17:9)
      at node_modules/@babel/runtime/helpers/asyncToGenerator.js:22:7
      at node_modules/@babel/runtime/helpers/asyncToGenerator.js:14:12
      at Object.isolateModules (__tests__/unit/watermelonEntryRepository.errors.test.ts:43:14)
      at asyncGeneratorStep (node_modules/@babel/runtime/helpers/asyncToGenerator.js:3:17)
      at _next (node_modules/@babel/runtime/helpers/asyncToGenerator.js:17:9)
      at node_modules/@babel/runtime/helpers/asyncToGenerator.js:22:7
      at Object.<anonymous> (node_modules/@babel/runtime/helpers/asyncToGenerator.js:14:12)

    console.error
Error: ERROR] Failed to fetch entries for tracker from WatermelonDB {
        error: TypeError: Cannot read properties of undefined (reading 'where')
            at WatermelonEntryRepository.where (/home/runner/work/WorkTrack/WorkTrack/src/repositories/watermelonEntryRepository.ts:205:14)
            at Generator.next (<anonymous>)
            at asyncGeneratorStep (/home/runner/work/WorkTrack/WorkTrack/node_modules/@babel/runtime/helpers/asyncToGenerator.js:3:17)
            at _next (/home/runner/work/WorkTrack/WorkTrack/node_modules/@babel/runtime/helpers/asyncToGenerator.js:17:9)
            at /home/runner/work/WorkTrack/WorkTrack/node_modules/@babel/runtime/helpers/asyncToGenerator.js:22:7
            at new Promise (<anonymous>)
            at WatermelonEntryRepository.<anonymous> (/home/runner/work/WorkTrack/WorkTrack/node_modules/@babel/runtime/helpers/asyncToGenerator.js:14:12)
            at WatermelonEntryRepository.apply [as getEntriesForTracker] (/home/runner/work/WorkTrack/WorkTrack/src/repositories/watermelonEntryRepository.ts:201:28)
            at getEntriesForTracker (/home/runner/work/WorkTrack/WorkTrack/__tests__/unit/watermelonEntryRepository.errors.test.ts:77:10)
            at Generator.next (<anonymous>)
            at asyncGeneratorStep (/home/runner/work/WorkTrack/WorkTrack/node_modules/@babel/runtime/helpers/asyncToGenerator.js:3:17)
            at _next (/home/runner/work/WorkTrack/WorkTrack/node_modules/@babel/runtime/helpers/asyncToGenerator.js:17:9)
            at /home/runner/work/WorkTrack/WorkTrack/node_modules/@babel/runtime/helpers/asyncToGenerator.js:22:7
            at new Promise (<anonymous>)
            at /home/runner/work/WorkTrack/WorkTrack/node_modules/@babel/runtime/helpers/asyncToGenerator.js:14:12
            at Runtime.isolateModules (/home/runner/work/WorkTrack/WorkTrack/node_modules/jest-runtime/build/index.js:1082:7)
            at Object.isolateModules (/home/runner/work/WorkTrack/WorkTrack/node_modules/jest-runtime/build/index.js:1992:12)
            at Object.isolateModules (/home/runner/work/WorkTrack/WorkTrack/__tests__/unit/watermelonEntryRepository.errors.test.ts:63:14)
            at Generator.next (<anonymous>)
            at asyncGeneratorStep (/home/runner/work/WorkTrack/WorkTrack/node_modules/@babel/runtime/helpers/asyncToGenerator.js:3:17)
            at _next (/home/runner/work/WorkTrack/WorkTrack/node_modules/@babel/runtime/helpers/asyncToGenerator.js:17:9)
            at /home/runner/work/WorkTrack/WorkTrack/node_modules/@babel/runtime/helpers/asyncToGenerator.js:22:7
            at new Promise (<anonymous>)
            at Object.<anonymous> (/home/runner/work/WorkTrack/WorkTrack/node_modules/@babel/runtime/helpers/asyncToGenerator.js:14:12)
            at Promise.then.completed (/home/runner/work/WorkTrack/WorkTrack/node_modules/jest-circus/build/utils.js:298:28)
            at new Promise (<anonymous>)
            at callAsyncCircusFn (/home/runner/work/WorkTrack/WorkTrack/node_modules/jest-circus/build/utils.js:231:10)
            at _callCircusTest (/home/runner/work/WorkTrack/WorkTrack/node_modules/jest-circus/build/run.js:316:40)
            at _runTest (/home/runner/work/WorkTrack/WorkTrack/node_modules/jest-circus/build/run.js:252:3)
            at _runTestsForDescribeBlock (/home/runner/work/WorkTrack/WorkTrack/node_modules/jest-circus/build/run.js:126:9)
            at _runTestsForDescribeBlock (/home/runner/work/WorkTrack/WorkTrack/node_modules/jest-circus/build/run.js:121:9)
            at run (/home/runner/work/WorkTrack/WorkTrack/node_modules/jest-circus/build/run.js:71:3)
            at runAndTransformResultsToJestFormat (/home/runner/work/WorkTrack/WorkTrack/node_modules/jest-circus/build/legacy-code-todo-rewrite/jestAdapterInit.js:122:21)
            at jestAdapter (/home/runner/work/WorkTrack/WorkTrack/node_modules/jest-circus/build/legacy-code-todo-rewrite/jestAdapter.js:79:19)
            at runTestInternal (/home/runner/work/WorkTrack/WorkTrack/node_modules/jest-runner/build/runTest.js:367:16)
            at runTest (/home/runner/work/WorkTrack/WorkTrack/node_modules/jest-runner/build/runTest.js:444:34),
        trackerId: 't1'
      }

      27 | 	error(message: string, context?: LogContext): void {
      28 | 		// eslint-disable-next-line no-console
    > 29 | 		console.error(`[ERROR] ${message}`, context ?? '');
         | 		        ^
      30 | 	}
      31 | }
      32 |

      at ConsoleLogger.error (src/logging/index.ts:29:11)
      at WatermelonEntryRepository.error (src/repositories/watermelonEntryRepository.ts:210:11)
      at asyncGeneratorStep (node_modules/@babel/runtime/helpers/asyncToGenerator.js:3:17)
      at _next (node_modules/@babel/runtime/helpers/asyncToGenerator.js:17:9)
      at node_modules/@babel/runtime/helpers/asyncToGenerator.js:22:7
      at WatermelonEntryRepository.<anonymous> (node_modules/@babel/runtime/helpers/asyncToGenerator.js:14:12)
      at WatermelonEntryRepository.apply [as getEntriesForTracker] (src/repositories/watermelonEntryRepository.ts:201:28)
      at getEntriesForTracker (__tests__/unit/watermelonEntryRepository.errors.test.ts:77:10)
      at asyncGeneratorStep (node_modules/@babel/runtime/helpers/asyncToGenerator.js:3:17)
      at _next (node_modules/@babel/runtime/helpers/asyncToGenerator.js:17:9)
      at node_modules/@babel/runtime/helpers/asyncToGenerator.js:22:7
      at node_modules/@babel/runtime/helpers/asyncToGenerator.js:14:12
      at Object.isolateModules (__tests__/unit/watermelonEntryRepository.errors.test.ts:63:14)
      at asyncGeneratorStep (node_modules/@babel/runtime/helpers/asyncToGenerator.js:3:17)
      at _next (node_modules/@babel/runtime/helpers/asyncToGenerator.js:17:9)
      at node_modules/@babel/runtime/helpers/asyncToGenerator.js:22:7
      at Object.<anonymous> (node_modules/@babel/runtime/helpers/asyncToGenerator.js:14:12)

    console.error
Error: ERROR] Failed to fetch all entries from WatermelonDB {
        error: Error: q
            at Object.query (/home/runner/work/WorkTrack/WorkTrack/__tests__/unit/watermelonEntryRepository.errors.test.ts:86:41)
            at WatermelonEntryRepository.query (/home/runner/work/WorkTrack/WorkTrack/src/repositories/watermelonEntryRepository.ts:225:6)
            at Generator.next (<anonymous>)
            at asyncGeneratorStep (/home/runner/work/WorkTrack/WorkTrack/node_modules/@babel/runtime/helpers/asyncToGenerator.js:3:17)
            at _next (/home/runner/work/WorkTrack/WorkTrack/node_modules/@babel/runtime/helpers/asyncToGenerator.js:17:9)
            at /home/runner/work/WorkTrack/WorkTrack/node_modules/@babel/runtime/helpers/asyncToGenerator.js:22:7
            at new Promise (<anonymous>)
            at WatermelonEntryRepository.<anonymous> (/home/runner/work/WorkTrack/WorkTrack/node_modules/@babel/runtime/helpers/asyncToGenerator.js:14:12)
            at WatermelonEntryRepository.apply [as getAllEntries] (/home/runner/work/WorkTrack/WorkTrack/src/repositories/watermelonEntryRepository.ts:221:21)
            at getAllEntries (/home/runner/work/WorkTrack/WorkTrack/__tests__/unit/watermelonEntryRepository.errors.test.ts:96:22)
            at Generator.next (<anonymous>)
            at asyncGeneratorStep (/home/runner/work/WorkTrack/WorkTrack/node_modules/@babel/runtime/helpers/asyncToGenerator.js:3:17)
            at _next (/home/runner/work/WorkTrack/WorkTrack/node_modules/@babel/runtime/helpers/asyncToGenerator.js:17:9)
            at /home/runner/work/WorkTrack/WorkTrack/node_modules/@babel/runtime/helpers/asyncToGenerator.js:22:7
            at new Promise (<anonymous>)
            at /home/runner/work/WorkTrack/WorkTrack/node_modules/@babel/runtime/helpers/asyncToGenerator.js:14:12
            at Runtime.isolateModules (/home/runner/work/WorkTrack/WorkTrack/node_modules/jest-runtime/build/index.js:1082:7)
            at Object.isolateModules (/home/runner/work/WorkTrack/WorkTrack/node_modules/jest-runtime/build/index.js:1992:12)
            at Object.isolateModules (/home/runner/work/WorkTrack/WorkTrack/__tests__/unit/watermelonEntryRepository.errors.test.ts:83:14)
            at Generator.next (<anonymous>)
            at asyncGeneratorStep (/home/runner/work/WorkTrack/WorkTrack/node_modules/@babel/runtime/helpers/asyncToGenerator.js:3:17)
            at _next (/home/runner/work/WorkTrack/WorkTrack/node_modules/@babel/runtime/helpers/asyncToGenerator.js:17:9)
            at /home/runner/work/WorkTrack/WorkTrack/node_modules/@babel/runtime/helpers/asyncToGenerator.js:22:7
            at new Promise (<anonymous>)
            at Object.<anonymous> (/home/runner/work/WorkTrack/WorkTrack/node_modules/@babel/runtime/helpers/asyncToGenerator.js:14:12)
            at Promise.then.completed (/home/runner/work/WorkTrack/WorkTrack/node_modules/jest-circus/build/utils.js:298:28)
            at new Promise (<anonymous>)
            at callAsyncCircusFn (/home/runner/work/WorkTrack/WorkTrack/node_modules/jest-circus/build/utils.js:231:10)
            at _callCircusTest (/home/runner/work/WorkTrack/WorkTrack/node_modules/jest-circus/build/run.js:316:40)
            at _runTest (/home/runner/work/WorkTrack/WorkTrack/node_modules/jest-circus/build/run.js:252:3)
            at _runTestsForDescribeBlock (/home/runner/work/WorkTrack/WorkTrack/node_modules/jest-circus/build/run.js:126:9)
            at _runTestsForDescribeBlock (/home/runner/work/WorkTrack/WorkTrack/node_modules/jest-circus/build/run.js:121:9)
            at run (/home/runner/work/WorkTrack/WorkTrack/node_modules/jest-circus/build/run.js:71:3)
            at runAndTransformResultsToJestFormat (/home/runner/work/WorkTrack/WorkTrack/node_modules/jest-circus/build/legacy-code-todo-rewrite/jestAdapterInit.js:122:21)
            at jestAdapter (/home/runner/work/WorkTrack/WorkTrack/node_modules/jest-circus/build/legacy-code-todo-rewrite/jestAdapter.js:79:19)
            at runTestInternal (/home/runner/work/WorkTrack/WorkTrack/node_modules/jest-runner/build/runTest.js:367:16)
            at runTest (/home/runner/work/WorkTrack/WorkTrack/node_modules/jest-runner/build/runTest.js:444:34)
      }

      27 | 	error(message: string, context?: LogContext): void {
      28 | 		// eslint-disable-next-line no-console
    > 29 | 		console.error(`[ERROR] ${message}`, context ?? '');
         | 		        ^
      30 | 	}
      31 | }
      32 |

      at ConsoleLogger.error (src/logging/index.ts:29:11)
      at WatermelonEntryRepository.error (src/repositories/watermelonEntryRepository.ts:230:11)
          at Generator.throw (<anonymous>)
      at asyncGeneratorStep (node_modules/@babel/runtime/helpers/asyncToGenerator.js:3:17)
      at _throw (node_modules/@babel/runtime/helpers/asyncToGenerator.js:20:9)

    console.error
Error: ERROR] Failed to upsert entry in WatermelonDB {
        error: Error: write
            at Object.<anonymous> (/home/runner/work/WorkTrack/WorkTrack/__tests__/unit/watermelonEntryRepository.errors.test.ts:107:11)
            at Generator.next (<anonymous>)
            at asyncGeneratorStep (/home/runner/work/WorkTrack/WorkTrack/node_modules/@babel/runtime/helpers/asyncToGenerator.js:3:17)
            at _next (/home/runner/work/WorkTrack/WorkTrack/node_modules/@babel/runtime/helpers/asyncToGenerator.js:17:9)
            at /home/runner/work/WorkTrack/WorkTrack/node_modules/@babel/runtime/helpers/asyncToGenerator.js:22:7
            at new Promise (<anonymous>)
            at Object.<anonymous> (/home/runner/work/WorkTrack/WorkTrack/node_modules/@babel/runtime/helpers/asyncToGenerator.js:14:12)
            at /home/runner/work/WorkTrack/WorkTrack/node_modules/jest-mock/build/index.js:397:39
            at Object.<anonymous> (/home/runner/work/WorkTrack/WorkTrack/node_modules/jest-mock/build/index.js:404:13)
            at Object.mockConstructor [as write] (/home/runner/work/WorkTrack/WorkTrack/node_modules/jest-mock/build/index.js:148:19)
            at WatermelonEntryRepository.write (/home/runner/work/WorkTrack/WorkTrack/src/repositories/watermelonEntryRepository.ts:32:19)
            at Generator.next (<anonymous>)
            at asyncGeneratorStep (/home/runner/work/WorkTrack/WorkTrack/node_modules/@babel/runtime/helpers/asyncToGenerator.js:3:17)
            at _next (/home/runner/work/WorkTrack/WorkTrack/node_modules/@babel/runtime/helpers/asyncToGenerator.js:17:9)
            at /home/runner/work/WorkTrack/WorkTrack/node_modules/@babel/runtime/helpers/asyncToGenerator.js:22:7
            at new Promise (<anonymous>)
            at WatermelonEntryRepository.<anonymous> (/home/runner/work/WorkTrack/WorkTrack/node_modules/@babel/runtime/helpers/asyncToGenerator.js:14:12)
            at WatermelonEntryRepository.apply [as upsertOne] (/home/runner/work/WorkTrack/WorkTrack/src/repositories/watermelonEntryRepository.ts:30:17)
            at upsertOne (/home/runner/work/WorkTrack/WorkTrack/__tests__/unit/watermelonEntryRepository.errors.test.ts:118:10)
            at Generator.next (<anonymous>)
            at asyncGeneratorStep (/home/runner/work/WorkTrack/WorkTrack/node_modules/@babel/runtime/helpers/asyncToGenerator.js:3:17)
            at _next (/home/runner/work/WorkTrack/WorkTrack/node_modules/@babel/runtime/helpers/asyncToGenerator.js:17:9)
            at /home/runner/work/WorkTrack/WorkTrack/node_modules/@babel/runtime/helpers/asyncToGenerator.js:22:7
            at new Promise (<anonymous>)
            at /home/runner/work/WorkTrack/WorkTrack/node_modules/@babel/runtime/helpers/asyncToGenerator.js:14:12
            at Runtime.isolateModules (/home/runner/work/WorkTrack/WorkTrack/node_modules/jest-runtime/build/index.js:1082:7)
            at Object.isolateModules (/home/runner/work/WorkTrack/WorkTrack/node_modules/jest-runtime/build/index.js:1992:12)
            at Object.isolateModules (/home/runner/work/WorkTrack/WorkTrack/__tests__/unit/watermelonEntryRepository.errors.test.ts:101:14)
            at Generator.next (<anonymous>)
            at asyncGeneratorStep (/home/runner/work/WorkTrack/WorkTrack/node_modules/@babel/runtime/helpers/asyncToGenerator.js:3:17)
            at _next (/home/runner/work/WorkTrack/WorkTrack/node_modules/@babel/runtime/helpers/asyncToGenerator.js:17:9)
            at /home/runner/work/WorkTrack/WorkTrack/node_modules/@babel/runtime/helpers/asyncToGenerator.js:22:7
            at new Promise (<anonymous>)
            at Object.<anonymous> (/home/runner/work/WorkTrack/WorkTrack/node_modules/@babel/runtime/helpers/asyncToGenerator.js:14:12)
            at Promise.then.completed (/home/runner/work/WorkTrack/WorkTrack/node_modules/jest-circus/build/utils.js:298:28)
            at new Promise (<anonymous>)
            at callAsyncCircusFn (/home/runner/work/WorkTrack/WorkTrack/node_modules/jest-circus/build/utils.js:231:10)
            at _callCircusTest (/home/runner/work/WorkTrack/WorkTrack/node_modules/jest-circus/build/run.js:316:40)
            at _runTest (/home/runner/work/WorkTrack/WorkTrack/node_modules/jest-circus/build/run.js:252:3)
            at _runTestsForDescribeBlock (/home/runner/work/WorkTrack/WorkTrack/node_modules/jest-circus/build/run.js:126:9)
            at _runTestsForDescribeBlock (/home/runner/work/WorkTrack/WorkTrack/node_modules/jest-circus/build/run.js:121:9)
            at run (/home/runner/work/WorkTrack/WorkTrack/node_modules/jest-circus/build/run.js:71:3)
            at runAndTransformResultsToJestFormat (/home/runner/work/WorkTrack/WorkTrack/node_modules/jest-circus/build/legacy-code-todo-rewrite/jestAdapterInit.js:122:21)
            at jestAdapter (/home/runner/work/WorkTrack/WorkTrack/node_modules/jest-circus/build/legacy-code-todo-rewrite/jestAdapter.js:79:19)
            at runTestInternal (/home/runner/work/WorkTrack/WorkTrack/node_modules/jest-runner/build/runTest.js:367:16)
            at runTest (/home/runner/work/WorkTrack/WorkTrack/node_modules/jest-runner/build/runTest.js:444:34),
        entry: {
          id: '1',
          trackerId: 't',
          date: 'd',
          status: 'office',
          isAdvisory: false,
          needsSync: true,
          lastModified: 1
        }
      }

      27 | 	error(message: string, context?: LogContext): void {
      28 | 		// eslint-disable-next-line no-console
    > 29 | 		console.error(`[ERROR] ${message}`, context ?? '');
         | 		        ^
      30 | 	}
      31 | }
      32 |

      at ConsoleLogger.error (src/logging/index.ts:29:11)
      at WatermelonEntryRepository.error (src/repositories/watermelonEntryRepository.ts:67:11)
          at Generator.throw (<anonymous>)
      at asyncGeneratorStep (node_modules/@babel/runtime/helpers/asyncToGenerator.js:3:17)
      at _throw (node_modules/@babel/runtime/helpers/asyncToGenerator.js:20:9)

PASS __tests__/unit/firebaseTrackerRepo.test.ts
  ● Console

    console.info
      [INFO] Created default tracker in Firestore { id: 'tracker1', ownerId: 'user1' }

      at ConsoleLogger.info (src/logging/index.ts:21:11)

    console.debug
      [DEBUG] Tracker already exists in Firestore { id: 'tracker1', ownerId: 'user1' }

      at ConsoleLogger.debug (src/logging/index.ts:17:11)

    console.error
Error: ERROR] Failed to ensure tracker exists in Firestore {
        error: Error: Firestore error
            at Object.<anonymous> (/home/runner/work/WorkTrack/WorkTrack/__tests__/unit/firebaseTrackerRepo.test.ts:77:33)
            at Generator.next (<anonymous>)
            at asyncGeneratorStep (/home/runner/work/WorkTrack/WorkTrack/node_modules/@babel/runtime/helpers/asyncToGenerator.js:3:17)
            at _next (/home/runner/work/WorkTrack/WorkTrack/node_modules/@babel/runtime/helpers/asyncToGenerator.js:17:9)
            at /home/runner/work/WorkTrack/WorkTrack/node_modules/@babel/runtime/helpers/asyncToGenerator.js:22:7
            at new Promise (<anonymous>)
            at Object.<anonymous> (/home/runner/work/WorkTrack/WorkTrack/node_modules/@babel/runtime/helpers/asyncToGenerator.js:14:12)
            at Promise.then.completed (/home/runner/work/WorkTrack/WorkTrack/node_modules/jest-circus/build/utils.js:298:28)
            at new Promise (<anonymous>)
            at callAsyncCircusFn (/home/runner/work/WorkTrack/WorkTrack/node_modules/jest-circus/build/utils.js:231:10)
            at _callCircusTest (/home/runner/work/WorkTrack/WorkTrack/node_modules/jest-circus/build/run.js:316:40)
            at _runTest (/home/runner/work/WorkTrack/WorkTrack/node_modules/jest-circus/build/run.js:252:3)
            at _runTestsForDescribeBlock (/home/runner/work/WorkTrack/WorkTrack/node_modules/jest-circus/build/run.js:126:9)
            at _runTestsForDescribeBlock (/home/runner/work/WorkTrack/WorkTrack/node_modules/jest-circus/build/run.js:121:9)
            at _runTestsForDescribeBlock (/home/runner/work/WorkTrack/WorkTrack/node_modules/jest-circus/build/run.js:121:9)
            at run (/home/runner/work/WorkTrack/WorkTrack/node_modules/jest-circus/build/run.js:71:3)
            at runAndTransformResultsToJestFormat (/home/runner/work/WorkTrack/WorkTrack/node_modules/jest-circus/build/legacy-code-todo-rewrite/jestAdapterInit.js:122:21)
            at jestAdapter (/home/runner/work/WorkTrack/WorkTrack/node_modules/jest-circus/build/legacy-code-todo-rewrite/jestAdapter.js:79:19)
            at runTestInternal (/home/runner/work/WorkTrack/WorkTrack/node_modules/jest-runner/build/runTest.js:367:16)
            at runTest (/home/runner/work/WorkTrack/WorkTrack/node_modules/jest-runner/build/runTest.js:444:34),
        id: 'tracker1',
        ownerId: 'user1'
      }

      27 | 	error(message: string, context?: LogContext): void {
      28 | 		// eslint-disable-next-line no-console
    > 29 | 		console.error(`[ERROR] ${message}`, context ?? '');
         | 		        ^
      30 | 	}
      31 | }
      32 |

      at ConsoleLogger.error (src/logging/index.ts:29:11)
      at FirebaseTrackerRepository.error (src/repositories/firebaseTrackerRepository.ts:225:11)
          at Generator.throw (<anonymous>)
      at asyncGeneratorStep (node_modules/@babel/runtime/helpers/asyncToGenerator.js:3:17)
      at _throw (node_modules/@babel/runtime/helpers/asyncToGenerator.js:20:9)

    console.error
Error: ERROR] Failed to ensure tracker exists in Firestore {
        error: Error: Set error
            at Object.<anonymous> (/home/runner/work/WorkTrack/WorkTrack/__tests__/unit/firebaseTrackerRepo.test.ts:86:33)
            at Generator.next (<anonymous>)
            at asyncGeneratorStep (/home/runner/work/WorkTrack/WorkTrack/node_modules/@babel/runtime/helpers/asyncToGenerator.js:3:17)
            at _next (/home/runner/work/WorkTrack/WorkTrack/node_modules/@babel/runtime/helpers/asyncToGenerator.js:17:9)
            at /home/runner/work/WorkTrack/WorkTrack/node_modules/@babel/runtime/helpers/asyncToGenerator.js:22:7
            at new Promise (<anonymous>)
            at Object.<anonymous> (/home/runner/work/WorkTrack/WorkTrack/node_modules/@babel/runtime/helpers/asyncToGenerator.js:14:12)
            at Promise.then.completed (/home/runner/work/WorkTrack/WorkTrack/node_modules/jest-circus/build/utils.js:298:28)
            at new Promise (<anonymous>)
            at callAsyncCircusFn (/home/runner/work/WorkTrack/WorkTrack/node_modules/jest-circus/build/utils.js:231:10)
            at _callCircusTest (/home/runner/work/WorkTrack/WorkTrack/node_modules/jest-circus/build/run.js:316:40)
            at _runTest (/home/runner/work/WorkTrack/WorkTrack/node_modules/jest-circus/build/run.js:252:3)
            at _runTestsForDescribeBlock (/home/runner/work/WorkTrack/WorkTrack/node_modules/jest-circus/build/run.js:126:9)
            at _runTestsForDescribeBlock (/home/runner/work/WorkTrack/WorkTrack/node_modules/jest-circus/build/run.js:121:9)
            at _runTestsForDescribeBlock (/home/runner/work/WorkTrack/WorkTrack/node_modules/jest-circus/build/run.js:121:9)
            at run (/home/runner/work/WorkTrack/WorkTrack/node_modules/jest-circus/build/run.js:71:3)
            at runAndTransformResultsToJestFormat (/home/runner/work/WorkTrack/WorkTrack/node_modules/jest-circus/build/legacy-code-todo-rewrite/jestAdapterInit.js:122:21)
            at jestAdapter (/home/runner/work/WorkTrack/WorkTrack/node_modules/jest-circus/build/legacy-code-todo-rewrite/jestAdapter.js:79:19)
            at runTestInternal (/home/runner/work/WorkTrack/WorkTrack/node_modules/jest-runner/build/runTest.js:367:16)
            at runTest (/home/runner/work/WorkTrack/WorkTrack/node_modules/jest-runner/build/runTest.js:444:34),
        id: 'tracker1',
        ownerId: 'user1'
      }

      27 | 	error(message: string, context?: LogContext): void {
      28 | 		// eslint-disable-next-line no-console
    > 29 | 		console.error(`[ERROR] ${message}`, context ?? '');
         | 		        ^
      30 | 	}
      31 | }
      32 |

      at ConsoleLogger.error (src/logging/index.ts:29:11)
      at FirebaseTrackerRepository.error (src/repositories/firebaseTrackerRepository.ts:225:11)
          at Generator.throw (<anonymous>)
      at asyncGeneratorStep (node_modules/@babel/runtime/helpers/asyncToGenerator.js:3:17)
      at _throw (node_modules/@babel/runtime/helpers/asyncToGenerator.js:20:9)

PASS __tests__/unit/shareUseCase.branches.test.ts
  ● Console

    console.info
      [INFO] Updated share permission { trackerId: 't1', sharedWithId: 'u2', permission: 'write' }

      at ConsoleLogger.info (src/logging/index.ts:21:11)

PASS __tests__/unit/firebaseTrackerRepository.branches.test.ts
  ● Console

    console.debug
      [DEBUG] Fetched owned trackers from Firestore { userId: 'u1', count: 1 }

      at ConsoleLogger.debug (src/logging/index.ts:17:11)

    console.error
Error: ERROR] Failed to fetch owned trackers from Firestore {
        error: Error: fail
            at /home/runner/work/WorkTrack/WorkTrack/__tests__/unit/firebaseTrackerRepository.branches.test.ts:50:48
            at Generator.next (<anonymous>)
            at asyncGeneratorStep (/home/runner/work/WorkTrack/WorkTrack/node_modules/@babel/runtime/helpers/asyncToGenerator.js:3:17)
            at _next (/home/runner/work/WorkTrack/WorkTrack/node_modules/@babel/runtime/helpers/asyncToGenerator.js:17:9)
            at /home/runner/work/WorkTrack/WorkTrack/node_modules/@babel/runtime/helpers/asyncToGenerator.js:22:7
            at new Promise (<anonymous>)
            at /home/runner/work/WorkTrack/WorkTrack/node_modules/@babel/runtime/helpers/asyncToGenerator.js:14:12
            at Runtime.isolateModules (/home/runner/work/WorkTrack/WorkTrack/node_modules/jest-runtime/build/index.js:1082:7)
            at Object.isolateModules (/home/runner/work/WorkTrack/WorkTrack/node_modules/jest-runtime/build/index.js:1992:12)
            at Object.isolateModules (/home/runner/work/WorkTrack/WorkTrack/__tests__/unit/firebaseTrackerRepository.branches.test.ts:46:14)
            at Generator.next (<anonymous>)
            at asyncGeneratorStep (/home/runner/work/WorkTrack/WorkTrack/node_modules/@babel/runtime/helpers/asyncToGenerator.js:3:17)
            at _next (/home/runner/work/WorkTrack/WorkTrack/node_modules/@babel/runtime/helpers/asyncToGenerator.js:17:9)
            at /home/runner/work/WorkTrack/WorkTrack/node_modules/@babel/runtime/helpers/asyncToGenerator.js:22:7
            at new Promise (<anonymous>)
            at Object.<anonymous> (/home/runner/work/WorkTrack/WorkTrack/node_modules/@babel/runtime/helpers/asyncToGenerator.js:14:12)
            at Promise.then.completed (/home/runner/work/WorkTrack/WorkTrack/node_modules/jest-circus/build/utils.js:298:28)
            at new Promise (<anonymous>)
            at callAsyncCircusFn (/home/runner/work/WorkTrack/WorkTrack/node_modules/jest-circus/build/utils.js:231:10)
            at _callCircusTest (/home/runner/work/WorkTrack/WorkTrack/node_modules/jest-circus/build/run.js:316:40)
            at _runTest (/home/runner/work/WorkTrack/WorkTrack/node_modules/jest-circus/build/run.js:252:3)
            at _runTestsForDescribeBlock (/home/runner/work/WorkTrack/WorkTrack/node_modules/jest-circus/build/run.js:126:9)
            at _runTestsForDescribeBlock (/home/runner/work/WorkTrack/WorkTrack/node_modules/jest-circus/build/run.js:121:9)
            at run (/home/runner/work/WorkTrack/WorkTrack/node_modules/jest-circus/build/run.js:71:3)
            at runAndTransformResultsToJestFormat (/home/runner/work/WorkTrack/WorkTrack/node_modules/jest-circus/build/legacy-code-todo-rewrite/jestAdapterInit.js:122:21)
            at jestAdapter (/home/runner/work/WorkTrack/WorkTrack/node_modules/jest-circus/build/legacy-code-todo-rewrite/jestAdapter.js:79:19)
            at runTestInternal (/home/runner/work/WorkTrack/WorkTrack/node_modules/jest-runner/build/runTest.js:367:16)
            at runTest (/home/runner/work/WorkTrack/WorkTrack/node_modules/jest-runner/build/runTest.js:444:34),
        userId: 'u1'
      }

      27 | 	error(message: string, context?: LogContext): void {
      28 | 		// eslint-disable-next-line no-console
    > 29 | 		console.error(`[ERROR] ${message}`, context ?? '');
         | 		        ^
      30 | 	}
      31 | }
      32 |

      at ConsoleLogger.error (src/logging/index.ts:29:11)
      at FirebaseTrackerRepository.error (src/repositories/firebaseTrackerRepository.ts:91:11)
          at Generator.throw (<anonymous>)
      at asyncGeneratorStep (node_modules/@babel/runtime/helpers/asyncToGenerator.js:3:17)
      at _throw (node_modules/@babel/runtime/helpers/asyncToGenerator.js:20:9)

    console.debug
      [DEBUG] Tracker data { trackerId: 't1', userId: 'u1', data: {} }

      at ConsoleLogger.debug (src/logging/index.ts:17:11)

    console.warn
      [WARN] Failed to convert tracker data {
        trackerId: 't1',
        userId: 'u1',
        error: Error: bad convert
            at trackerFirestoreToDTO (/home/runner/work/WorkTrack/WorkTrack/__tests__/unit/firebaseTrackerRepository.branches.test.ts:77:12)
            at FirebaseTrackerRepository.<anonymous> (/home/runner/work/WorkTrack/WorkTrack/src/repositories/firebaseTrackerRepository.ts:147:43)
            at Generator.next (<anonymous>)
            at asyncGeneratorStep (/home/runner/work/WorkTrack/WorkTrack/node_modules/@babel/runtime/helpers/asyncToGenerator.js:3:17)
            at _next (/home/runner/work/WorkTrack/WorkTrack/node_modules/@babel/runtime/helpers/asyncToGenerator.js:17:9),
        data: {}
      }

      23 | 	warn(message: string, context?: LogContext): void {
      24 | 		// eslint-disable-next-line no-console
    > 25 | 		console.warn(`[WARN] ${message}`, context ?? '');
         | 		        ^
      26 | 	}
      27 | 	error(message: string, context?: LogContext): void {
      28 | 		// eslint-disable-next-line no-console

      at ConsoleLogger.warn (src/logging/index.ts:25:11)
      at FirebaseTrackerRepository.warn (src/repositories/firebaseTrackerRepository.ts:149:15)
      at asyncGeneratorStep (node_modules/@babel/runtime/helpers/asyncToGenerator.js:3:17)
      at _next (node_modules/@babel/runtime/helpers/asyncToGenerator.js:17:9)

    console.debug
      [DEBUG] Fetched shared trackers from Firestore { userId: 'u1', count: 0 }

      at ConsoleLogger.debug (src/logging/index.ts:17:11)

    console.error
Error: ERROR] Failed to fetch shared trackers from Firestore { error: { code: 'firestore/permission-denied' }, userId: 'u1' }

      27 | 	error(message: string, context?: LogContext): void {
      28 | 		// eslint-disable-next-line no-console
    > 29 | 		console.error(`[ERROR] ${message}`, context ?? '');
         | 		        ^
      30 | 	}
      31 | }
      32 |

      at ConsoleLogger.error (src/logging/index.ts:29:11)
      at FirebaseTrackerRepository.error (src/repositories/firebaseTrackerRepository.ts:171:11)
          at Generator.throw (<anonymous>)
      at asyncGeneratorStep (node_modules/@babel/runtime/helpers/asyncToGenerator.js:3:17)
      at _throw (node_modules/@babel/runtime/helpers/asyncToGenerator.js:20:9)

    console.warn
      [WARN] Permission denied for shared trackers, returning empty array { userId: 'u1' }

      23 | 	warn(message: string, context?: LogContext): void {
      24 | 		// eslint-disable-next-line no-console
    > 25 | 		console.warn(`[WARN] ${message}`, context ?? '');
         | 		        ^
      26 | 	}
      27 | 	error(message: string, context?: LogContext): void {
      28 | 		// eslint-disable-next-line no-console

      at ConsoleLogger.warn (src/logging/index.ts:25:11)
      at FirebaseTrackerRepository.warn (src/repositories/firebaseTrackerRepository.ts:178:12)
          at Generator.throw (<anonymous>)
      at asyncGeneratorStep (node_modules/@babel/runtime/helpers/asyncToGenerator.js:3:17)
      at _throw (node_modules/@babel/runtime/helpers/asyncToGenerator.js:20:9)

PASS __tests__/unit/watermelonTrackerRepository.edgeLines.test.ts
  ● Console

    console.debug
      [DEBUG] Successfully updated tracker in WatermelonDB { trackerId: 't1', ownerId: 'u1' }

      at ConsoleLogger.debug (src/logging/index.ts:17:11)

    console.debug
      [DEBUG] Successfully updated tracker in WatermelonDB { trackerId: 't1', ownerId: 'u1' }

      at ConsoleLogger.debug (src/logging/index.ts:17:11)

    console.debug
      [DEBUG] Successfully updated tracker in WatermelonDB { trackerId: 't1', ownerId: 'u1' }

      at ConsoleLogger.debug (src/logging/index.ts:17:11)

PASS __tests__/unit/entryMapper.test.ts
PASS __tests__/unit/entryUseCase.test.ts
  ● Console

    console.debug
      [DEBUG] Entry created/updated successfully {
        entryDTO: {
          id: '2025-01-01',
          trackerId: 't1',
          date: '2025-01-01',
          status: 'office',
          isAdvisory: false,
          needsSync: true,
          lastModified: 1758126721885
        }
      }

      at ConsoleLogger.debug (src/logging/index.ts:17:11)

    console.info
      [INFO] Starting sync process...

      at ConsoleLogger.info (src/logging/index.ts:21:11)

    console.debug
      [DEBUG] Found unsynced entries { count: 0 }

      at ConsoleLogger.debug (src/logging/index.ts:17:11)

    console.info
      [INFO] No entries to sync to remote

      at ConsoleLogger.info (src/logging/index.ts:21:11)

    console.info
      [INFO] Syncing from remote... { lastSyncTime: undefined }

      at ConsoleLogger.info (src/logging/index.ts:21:11)

    console.info
      [INFO] Found 0 trackers from remote { owned: 0, shared: 0 }

      at ConsoleLogger.info (src/logging/index.ts:21:11)

    console.info
      [INFO] Successfully synced from remote

      at ConsoleLogger.info (src/logging/index.ts:21:11)

    console.info
      [INFO] Sync process completed successfully

      at ConsoleLogger.info (src/logging/index.ts:21:11)

PASS __tests__/unit/shareUseCase.test.ts
  ● Console

    console.info
      [INFO] Shared tracker successfully { trackerId: 't1', sharedWithId: 'other', permission: 'write' }

      at ConsoleLogger.info (src/logging/index.ts:21:11)

PASS __tests__/unit/firebaseEntryRepository.edgeLines.test.ts
  ● Console

    console.error
Error: ERROR] Failed to fetch entries from Firestore {
        error: Error: Generic error
            at /home/runner/work/WorkTrack/WorkTrack/__tests__/unit/firebaseEntryRepository.edgeLines.test.ts:75:25
            at Runtime.requireMock (/home/runner/work/WorkTrack/WorkTrack/node_modules/jest-runtime/build/index.js:940:55)
            at Runtime.requireModuleOrMock (/home/runner/work/WorkTrack/WorkTrack/node_modules/jest-runtime/build/index.js:1046:21)
            at Object.require (/home/runner/work/WorkTrack/WorkTrack/src/repositories/firebaseEntryRepository.ts:1:1)
            at Runtime._execModule (/home/runner/work/WorkTrack/WorkTrack/node_modules/jest-runtime/build/index.js:1439:24)
            at Runtime._loadModule (/home/runner/work/WorkTrack/WorkTrack/node_modules/jest-runtime/build/index.js:1022:12)
            at Runtime.requireModule (/home/runner/work/WorkTrack/WorkTrack/node_modules/jest-runtime/build/index.js:882:12)
            at Runtime.requireModuleOrMock (/home/runner/work/WorkTrack/WorkTrack/node_modules/jest-runtime/build/index.js:1048:21)
            at require (/home/runner/work/WorkTrack/WorkTrack/__tests__/unit/firebaseEntryRepository.edgeLines.test.ts:93:27)
            at Generator.next (<anonymous>)
            at asyncGeneratorStep (/home/runner/work/WorkTrack/WorkTrack/node_modules/@babel/runtime/helpers/asyncToGenerator.js:3:17)
            at _next (/home/runner/work/WorkTrack/WorkTrack/node_modules/@babel/runtime/helpers/asyncToGenerator.js:17:9)
            at /home/runner/work/WorkTrack/WorkTrack/node_modules/@babel/runtime/helpers/asyncToGenerator.js:22:7
            at new Promise (<anonymous>)
            at /home/runner/work/WorkTrack/WorkTrack/node_modules/@babel/runtime/helpers/asyncToGenerator.js:14:12
            at Runtime.isolateModules (/home/runner/work/WorkTrack/WorkTrack/node_modules/jest-runtime/build/index.js:1082:7)
            at Object.isolateModules (/home/runner/work/WorkTrack/WorkTrack/node_modules/jest-runtime/build/index.js:1992:12)
            at Object.isolateModules (/home/runner/work/WorkTrack/WorkTrack/__tests__/unit/firebaseEntryRepository.edgeLines.test.ts:67:14)
            at Generator.next (<anonymous>)
            at asyncGeneratorStep (/home/runner/work/WorkTrack/WorkTrack/node_modules/@babel/runtime/helpers/asyncToGenerator.js:3:17)
            at _next (/home/runner/work/WorkTrack/WorkTrack/node_modules/@babel/runtime/helpers/asyncToGenerator.js:17:9)
            at /home/runner/work/WorkTrack/WorkTrack/node_modules/@babel/runtime/helpers/asyncToGenerator.js:22:7
            at new Promise (<anonymous>)
            at Object.<anonymous> (/home/runner/work/WorkTrack/WorkTrack/node_modules/@babel/runtime/helpers/asyncToGenerator.js:14:12)
            at Promise.then.completed (/home/runner/work/WorkTrack/WorkTrack/node_modules/jest-circus/build/utils.js:298:28)
            at new Promise (<anonymous>)
            at callAsyncCircusFn (/home/runner/work/WorkTrack/WorkTrack/node_modules/jest-circus/build/utils.js:231:10)
            at _callCircusTest (/home/runner/work/WorkTrack/WorkTrack/node_modules/jest-circus/build/run.js:316:40)
            at _runTest (/home/runner/work/WorkTrack/WorkTrack/node_modules/jest-circus/build/run.js:252:3)
            at _runTestsForDescribeBlock (/home/runner/work/WorkTrack/WorkTrack/node_modules/jest-circus/build/run.js:126:9)
            at _runTestsForDescribeBlock (/home/runner/work/WorkTrack/WorkTrack/node_modules/jest-circus/build/run.js:121:9)
            at run (/home/runner/work/WorkTrack/WorkTrack/node_modules/jest-circus/build/run.js:71:3)
            at runAndTransformResultsToJestFormat (/home/runner/work/WorkTrack/WorkTrack/node_modules/jest-circus/build/legacy-code-todo-rewrite/jestAdapterInit.js:122:21)
            at jestAdapter (/home/runner/work/WorkTrack/WorkTrack/node_modules/jest-circus/build/legacy-code-todo-rewrite/jestAdapter.js:79:19)
            at runTestInternal (/home/runner/work/WorkTrack/WorkTrack/node_modules/jest-runner/build/runTest.js:367:16)
            at runTest (/home/runner/work/WorkTrack/WorkTrack/node_modules/jest-runner/build/runTest.js:444:34),
        trackerId: 't1'
      }

      27 | 	error(message: string, context?: LogContext): void {
      28 | 		// eslint-disable-next-line no-console
    > 29 | 		console.error(`[ERROR] ${message}`, context ?? '');
         | 		        ^
      30 | 	}
      31 | }
      32 |

      at ConsoleLogger.error (src/logging/index.ts:29:11)
      at FirebaseEntryRepository.error (src/repositories/firebaseEntryRepository.ts:79:11)
          at Generator.throw (<anonymous>)
      at asyncGeneratorStep (node_modules/@babel/runtime/helpers/asyncToGenerator.js:3:17)
      at _throw (node_modules/@babel/runtime/helpers/asyncToGenerator.js:20:9)

PASS __tests__/unit/watermelonTrackerRepo.test.ts
  ● Console

    console.debug
      [DEBUG] Successfully created tracker in WatermelonDB { trackerId: 't1', ownerId: 'u1' }

      at ConsoleLogger.debug (src/logging/index.ts:17:11)

    console.debug
      [DEBUG] Successfully fetched owned trackers from WatermelonDB { userId: 'u1', count: 1 }

      at ConsoleLogger.debug (src/logging/index.ts:17:11)

PASS __tests__/unit/trackerMapper.test.ts
PASS __tests__/unit/firebaseTrackerRepository.edgeLines.test.ts
PASS __tests__/unit/userManagementUseCase.test.ts
PASS __tests__/unit/shareReadUseCase.edgeLines.test.ts
PASS __tests__/unit/syncUseCase.branches.test.ts
  ● Console

    console.warn
      [WARN] Sync already in progress, skipping

      23 | 	warn(message: string, context?: LogContext): void {
      24 | 		// eslint-disable-next-line no-console
    > 25 | 		console.warn(`[WARN] ${message}`, context ?? '');
         | 		        ^
      26 | 	}
      27 | 	error(message: string, context?: LogContext): void {
      28 | 		// eslint-disable-next-line no-console

      at ConsoleLogger.warn (src/logging/index.ts:25:11)
      at SyncUseCaseImpl.warn (src/use-cases/syncUseCase.ts:25:11)
      at asyncGeneratorStep (node_modules/@babel/runtime/helpers/asyncToGenerator.js:3:17)
      at _next (node_modules/@babel/runtime/helpers/asyncToGenerator.js:17:9)
      at node_modules/@babel/runtime/helpers/asyncToGenerator.js:22:7
      at SyncUseCaseImpl.<anonymous> (node_modules/@babel/runtime/helpers/asyncToGenerator.js:14:12)
      at SyncUseCaseImpl.apply [as execute] (src/use-cases/syncUseCase.ts:23:15)
      at execute (__tests__/unit/syncUseCase.branches.test.ts:33:14)
      at asyncGeneratorStep (node_modules/@babel/runtime/helpers/asyncToGenerator.js:3:17)
      at _next (node_modules/@babel/runtime/helpers/asyncToGenerator.js:17:9)

    console.info
      [INFO] Starting sync process...

      at ConsoleLogger.info (src/logging/index.ts:21:11)

    console.info
      [INFO] Sync process completed successfully

      at ConsoleLogger.info (src/logging/index.ts:21:11)

    console.info
      [INFO] Starting sync process...

      at ConsoleLogger.info (src/logging/index.ts:21:11)

    console.error
Error: ERROR] Sync process failed {
        error: Error: boom
            at Object.<anonymous> (/home/runner/work/WorkTrack/WorkTrack/__tests__/unit/syncUseCase.branches.test.ts:60:12)
            at Generator.next (<anonymous>)
            at asyncGeneratorStep (/home/runner/work/WorkTrack/WorkTrack/node_modules/@babel/runtime/helpers/asyncToGenerator.js:3:17)
            at _next (/home/runner/work/WorkTrack/WorkTrack/node_modules/@babel/runtime/helpers/asyncToGenerator.js:17:9)
            at /home/runner/work/WorkTrack/WorkTrack/node_modules/@babel/runtime/helpers/asyncToGenerator.js:22:7
            at new Promise (<anonymous>)
            at Object.<anonymous> (/home/runner/work/WorkTrack/WorkTrack/node_modules/@babel/runtime/helpers/asyncToGenerator.js:14:12)
            at /home/runner/work/WorkTrack/WorkTrack/node_modules/jest-mock/build/index.js:397:39
            at Object.<anonymous> (/home/runner/work/WorkTrack/WorkTrack/node_modules/jest-mock/build/index.js:404:13)
            at Object.mockConstructor [as execute] (/home/runner/work/WorkTrack/WorkTrack/node_modules/jest-mock/build/index.js:148:19)
            at SyncUseCaseImpl.execute (/home/runner/work/WorkTrack/WorkTrack/src/use-cases/syncUseCase.ts:41:28)
            at Generator.next (<anonymous>)
            at asyncGeneratorStep (/home/runner/work/WorkTrack/WorkTrack/node_modules/@babel/runtime/helpers/asyncToGenerator.js:3:17)
            at _next (/home/runner/work/WorkTrack/WorkTrack/node_modules/@babel/runtime/helpers/asyncToGenerator.js:17:9)
            at /home/runner/work/WorkTrack/WorkTrack/node_modules/@babel/runtime/helpers/asyncToGenerator.js:22:7
            at new Promise (<anonymous>)
            at SyncUseCaseImpl.<anonymous> (/home/runner/work/WorkTrack/WorkTrack/node_modules/@babel/runtime/helpers/asyncToGenerator.js:14:12)
            at SyncUseCaseImpl.apply [as execute] (/home/runner/work/WorkTrack/WorkTrack/src/use-cases/syncUseCase.ts:23:15)
            at execute (/home/runner/work/WorkTrack/WorkTrack/__tests__/unit/syncUseCase.branches.test.ts:71:20)
            at Generator.next (<anonymous>)
            at asyncGeneratorStep (/home/runner/work/WorkTrack/WorkTrack/node_modules/@babel/runtime/helpers/asyncToGenerator.js:3:17)
            at _next (/home/runner/work/WorkTrack/WorkTrack/node_modules/@babel/runtime/helpers/asyncToGenerator.js:17:9)
            at /home/runner/work/WorkTrack/WorkTrack/node_modules/@babel/runtime/helpers/asyncToGenerator.js:22:7
            at new Promise (<anonymous>)
            at /home/runner/work/WorkTrack/WorkTrack/node_modules/@babel/runtime/helpers/asyncToGenerator.js:14:12
            at Runtime.isolateModules (/home/runner/work/WorkTrack/WorkTrack/node_modules/jest-runtime/build/index.js:1082:7)
            at Object.isolateModules (/home/runner/work/WorkTrack/WorkTrack/node_modules/jest-runtime/build/index.js:1992:12)
            at Object.isolateModules (/home/runner/work/WorkTrack/WorkTrack/__tests__/unit/syncUseCase.branches.test.ts:57:8)
            at Generator.next (<anonymous>)
            at asyncGeneratorStep (/home/runner/work/WorkTrack/WorkTrack/node_modules/@babel/runtime/helpers/asyncToGenerator.js:3:17)
            at _next (/home/runner/work/WorkTrack/WorkTrack/node_modules/@babel/runtime/helpers/asyncToGenerator.js:17:9)
            at /home/runner/work/WorkTrack/WorkTrack/node_modules/@babel/runtime/helpers/asyncToGenerator.js:22:7
            at new Promise (<anonymous>)
            at Object.<anonymous> (/home/runner/work/WorkTrack/WorkTrack/node_modules/@babel/runtime/helpers/asyncToGenerator.js:14:12)
            at Promise.then.completed (/home/runner/work/WorkTrack/WorkTrack/node_modules/jest-circus/build/utils.js:298:28)
            at new Promise (<anonymous>)
            at callAsyncCircusFn (/home/runner/work/WorkTrack/WorkTrack/node_modules/jest-circus/build/utils.js:231:10)
            at _callCircusTest (/home/runner/work/WorkTrack/WorkTrack/node_modules/jest-circus/build/run.js:316:40)
            at _runTest (/home/runner/work/WorkTrack/WorkTrack/node_modules/jest-circus/build/run.js:252:3)
            at _runTestsForDescribeBlock (/home/runner/work/WorkTrack/WorkTrack/node_modules/jest-circus/build/run.js:126:9)
            at _runTestsForDescribeBlock (/home/runner/work/WorkTrack/WorkTrack/node_modules/jest-circus/build/run.js:121:9)
            at run (/home/runner/work/WorkTrack/WorkTrack/node_modules/jest-circus/build/run.js:71:3)
            at runAndTransformResultsToJestFormat (/home/runner/work/WorkTrack/WorkTrack/node_modules/jest-circus/build/legacy-code-todo-rewrite/jestAdapterInit.js:122:21)
            at jestAdapter (/home/runner/work/WorkTrack/WorkTrack/node_modules/jest-circus/build/legacy-code-todo-rewrite/jestAdapter.js:79:19)
            at runTestInternal (/home/runner/work/WorkTrack/WorkTrack/node_modules/jest-runner/build/runTest.js:367:16)
            at runTest (/home/runner/work/WorkTrack/WorkTrack/node_modules/jest-runner/build/runTest.js:444:34)
      }

      27 | 	error(message: string, context?: LogContext): void {
      28 | 		// eslint-disable-next-line no-console
    > 29 | 		console.error(`[ERROR] ${message}`, context ?? '');
         | 		        ^
      30 | 	}
      31 | }
      32 |

      at ConsoleLogger.error (src/logging/index.ts:29:11)
      at SyncUseCaseImpl.error (src/use-cases/syncUseCase.ts:54:11)
          at Generator.throw (<anonymous>)
      at asyncGeneratorStep (node_modules/@babel/runtime/helpers/asyncToGenerator.js:3:17)
      at _throw (node_modules/@babel/runtime/helpers/asyncToGenerator.js:20:9)

PASS __tests__/unit/shareUseCase.edgeLines.test.ts
PASS __tests__/unit/watermelonEntryRepo.test.ts
  ● Console

    console.debug
      [DEBUG] Successfully upserted entry { entryId: '2025-01-01' }

      at ConsoleLogger.debug (src/logging/index.ts:17:11)

    console.debug
      [DEBUG] Successfully marked entries as synced { count: 1 }

      at ConsoleLogger.debug (src/logging/index.ts:17:11)

PASS __tests__/unit/firebaseEntryRepository.moreBranches.test.ts
  ● Console

    console.error
Error: ERROR] Failed to fetch entries from Firestore { error: { code: 'firestore/permission-denied' }, trackerId: 't1' }

      27 | 	error(message: string, context?: LogContext): void {
      28 | 		// eslint-disable-next-line no-console
    > 29 | 		console.error(`[ERROR] ${message}`, context ?? '');
         | 		        ^
      30 | 	}
      31 | }
      32 |

      at ConsoleLogger.error (src/logging/index.ts:29:11)
      at FirebaseEntryRepository.error (src/repositories/firebaseEntryRepository.ts:79:11)
          at Generator.throw (<anonymous>)
      at asyncGeneratorStep (node_modules/@babel/runtime/helpers/asyncToGenerator.js:3:17)
      at _throw (node_modules/@babel/runtime/helpers/asyncToGenerator.js:20:9)

    console.warn
      [WARN] Permission denied for entries, returning empty array { trackerId: 't1' }

      23 | 	warn(message: string, context?: LogContext): void {
      24 | 		// eslint-disable-next-line no-console
    > 25 | 		console.warn(`[WARN] ${message}`, context ?? '');
         | 		        ^
      26 | 	}
      27 | 	error(message: string, context?: LogContext): void {
      28 | 		// eslint-disable-next-line no-console

      at ConsoleLogger.warn (src/logging/index.ts:25:11)
      at FirebaseEntryRepository.warn (src/repositories/firebaseEntryRepository.ts:85:12)
          at Generator.throw (<anonymous>)
      at asyncGeneratorStep (node_modules/@babel/runtime/helpers/asyncToGenerator.js:3:17)
      at _throw (node_modules/@babel/runtime/helpers/asyncToGenerator.js:20:9)

    console.error
Error: ERROR] Failed to fetch all entries from Firestore { error: { code: 'firestore/permission-denied' } }

      27 | 	error(message: string, context?: LogContext): void {
      28 | 		// eslint-disable-next-line no-console
    > 29 | 		console.error(`[ERROR] ${message}`, context ?? '');
         | 		        ^
      30 | 	}
      31 | }
      32 |

      at ConsoleLogger.error (src/logging/index.ts:29:11)
      at FirebaseEntryRepository.error (src/repositories/firebaseEntryRepository.ts:142:11)
          at Generator.throw (<anonymous>)
      at asyncGeneratorStep (node_modules/@babel/runtime/helpers/asyncToGenerator.js:3:17)
      at _throw (node_modules/@babel/runtime/helpers/asyncToGenerator.js:20:9)

    console.warn
      [WARN] Permission denied for entries, returning empty array

      23 | 	warn(message: string, context?: LogContext): void {
      24 | 		// eslint-disable-next-line no-console
    > 25 | 		console.warn(`[WARN] ${message}`, context ?? '');
         | 		        ^
      26 | 	}
      27 | 	error(message: string, context?: LogContext): void {
      28 | 		// eslint-disable-next-line no-console

      at ConsoleLogger.warn (src/logging/index.ts:25:11)
      at FirebaseEntryRepository.warn (src/repositories/firebaseEntryRepository.ts:147:12)
          at Generator.throw (<anonymous>)
      at asyncGeneratorStep (node_modules/@babel/runtime/helpers/asyncToGenerator.js:3:17)
      at _throw (node_modules/@babel/runtime/helpers/asyncToGenerator.js:20:9)

    console.debug
      [DEBUG] Entry not found in any Firebase tracker { entryId: 'x' }

      at ConsoleLogger.debug (src/logging/index.ts:17:11)
          at Generator.throw (<anonymous>)

PASS __tests__/unit/shareMapper.test.ts
PASS __tests__/integration/container.test.ts
  ● Console

    console.debug
      [DEBUG] Connected to Firestore emulator at 127.0.0.1:8080

      at ConsoleLogger.debug (src/logging/index.ts:17:11)

PASS __tests__/unit/toastQueue.test.ts
PASS __tests__/unit/toastQueue.retry.test.ts
PASS __tests__/unit/watermelonEntryRepository.upsertOne.test.ts
  ● Console

    console.debug
      [DEBUG] Successfully upserted entry { entryId: 'e1' }

      at ConsoleLogger.debug (src/logging/index.ts:17:11)

    console.debug
      [DEBUG] Successfully upserted entry { entryId: 'e1' }

      at ConsoleLogger.debug (src/logging/index.ts:17:11)

PASS __tests__/unit/watermelonEntryRepository.edgeLines.test.ts
  ● Console

    console.debug
      [DEBUG] Successfully upserted entries { trackerId: 't1', count: 1 }

      at ConsoleLogger.debug (src/logging/index.ts:17:11)

PASS __tests__/unit/useCasesIndex.direct.test.ts
PASS __tests__/unit/toastQueue.branches.test.ts
PASS __tests__/unit/watermelonEntryRepository.upsertMany.create.test.ts
  ● Console

    console.debug
      [DEBUG] Successfully upserted entries { trackerId: 't1', count: 1 }

      at ConsoleLogger.debug (src/logging/index.ts:17:11)

PASS __tests__/unit/syncToRemoteUseCase.error.test.ts
  ● Console

    console.debug
      [DEBUG] Found unsynced entries { count: 1 }

      at ConsoleLogger.debug (src/logging/index.ts:17:11)

    console.debug
      [DEBUG] Unsynced entry { index: 0, trackerId: 't1', date: '2025-01-01', status: 'office' }

      at ConsoleLogger.debug (src/logging/index.ts:17:11)
          at Array.forEach (<anonymous>)

    console.info
      [INFO] Syncing 1 entries to remote...

      at ConsoleLogger.info (src/logging/index.ts:21:11)

    console.debug
      [DEBUG] Ensuring tracker structure exists { trackerId: 't1' }

      at ConsoleLogger.debug (src/logging/index.ts:17:11)

    console.error
Error: ERROR] Failed to sync entries to remote {
        error: Error: boom
            at Object.<anonymous> (/home/runner/work/WorkTrack/WorkTrack/__tests__/unit/syncToRemoteUseCase.error.test.ts:38:11)
            at Generator.next (<anonymous>)
            at asyncGeneratorStep (/home/runner/work/WorkTrack/WorkTrack/node_modules/@babel/runtime/helpers/asyncToGenerator.js:3:17)
            at _next (/home/runner/work/WorkTrack/WorkTrack/node_modules/@babel/runtime/helpers/asyncToGenerator.js:17:9)
            at /home/runner/work/WorkTrack/WorkTrack/node_modules/@babel/runtime/helpers/asyncToGenerator.js:22:7
            at new Promise (<anonymous>)
            at Object.<anonymous> (/home/runner/work/WorkTrack/WorkTrack/node_modules/@babel/runtime/helpers/asyncToGenerator.js:14:12)
            at /home/runner/work/WorkTrack/WorkTrack/node_modules/jest-mock/build/index.js:397:39
            at Object.<anonymous> (/home/runner/work/WorkTrack/WorkTrack/node_modules/jest-mock/build/index.js:404:13)
            at Object.mockConstructor [as upsertMany] (/home/runner/work/WorkTrack/WorkTrack/node_modules/jest-mock/build/index.js:148:19)
            at SyncToRemoteUseCaseImpl.upsertMany (/home/runner/work/WorkTrack/WorkTrack/src/use-cases/syncToRemoteUseCase.ts:78:40)
            at Generator.next (<anonymous>)
            at asyncGeneratorStep (/home/runner/work/WorkTrack/WorkTrack/node_modules/@babel/runtime/helpers/asyncToGenerator.js:3:17)
            at _next (/home/runner/work/WorkTrack/WorkTrack/node_modules/@babel/runtime/helpers/asyncToGenerator.js:17:9)
      }

      27 | 	error(message: string, context?: LogContext): void {
      28 | 		// eslint-disable-next-line no-console
    > 29 | 		console.error(`[ERROR] ${message}`, context ?? '');
         | 		        ^
      30 | 	}
      31 | }
      32 |

      at ConsoleLogger.error (src/logging/index.ts:29:11)
      at SyncToRemoteUseCaseImpl.error (src/use-cases/syncToRemoteUseCase.ts:88:11)
          at Generator.throw (<anonymous>)
      at asyncGeneratorStep (node_modules/@babel/runtime/helpers/asyncToGenerator.js:3:17)
      at _throw (node_modules/@babel/runtime/helpers/asyncToGenerator.js:20:9)

    console.warn
      [WARN] Marking entries with sync error for retry { error: 'boom' }

      23 | 	warn(message: string, context?: LogContext): void {
      24 | 		// eslint-disable-next-line no-console
    > 25 | 		console.warn(`[WARN] ${message}`, context ?? '');
         | 		        ^
      26 | 	}
      27 | 	error(message: string, context?: LogContext): void {
      28 | 		// eslint-disable-next-line no-console

      at ConsoleLogger.warn (src/logging/index.ts:25:11)
      at SyncToRemoteUseCaseImpl.warn (src/use-cases/syncToRemoteUseCase.ts:93:12)
          at Generator.throw (<anonymous>)
      at asyncGeneratorStep (node_modules/@babel/runtime/helpers/asyncToGenerator.js:3:17)
      at _throw (node_modules/@babel/runtime/helpers/asyncToGenerator.js:20:9)

PASS __tests__/unit/schema.test.ts
PASS __tests__/unit/toastQueue.process.test.ts
PASS __tests__/unit/errorHandler.test.ts
  ● Console

    console.error
Error: ERROR] Failed op {
        error: Error: boom
            at /home/runner/work/WorkTrack/WorkTrack/__tests__/unit/errorHandler.test.ts:18:12
            at Generator.next (<anonymous>)
            at asyncGeneratorStep (/home/runner/work/WorkTrack/WorkTrack/node_modules/@babel/runtime/helpers/asyncToGenerator.js:3:17)
            at _next (/home/runner/work/WorkTrack/WorkTrack/node_modules/@babel/runtime/helpers/asyncToGenerator.js:17:9)
            at /home/runner/work/WorkTrack/WorkTrack/node_modules/@babel/runtime/helpers/asyncToGenerator.js:22:7
            at new Promise (<anonymous>)
            at /home/runner/work/WorkTrack/WorkTrack/node_modules/@babel/runtime/helpers/asyncToGenerator.js:14:12
            at Function.operation (/home/runner/work/WorkTrack/WorkTrack/src/utils/errorHandler.ts:18:17)
            at Generator.next (<anonymous>)
            at asyncGeneratorStep (/home/runner/work/WorkTrack/WorkTrack/node_modules/@babel/runtime/helpers/asyncToGenerator.js:3:17)
            at _next (/home/runner/work/WorkTrack/WorkTrack/node_modules/@babel/runtime/helpers/asyncToGenerator.js:17:9)
            at /home/runner/work/WorkTrack/WorkTrack/node_modules/@babel/runtime/helpers/asyncToGenerator.js:22:7
            at new Promise (<anonymous>)
            at Function.<anonymous> (/home/runner/work/WorkTrack/WorkTrack/node_modules/@babel/runtime/helpers/asyncToGenerator.js:14:12)
            at Function.apply [as wrapAsync] (/home/runner/work/WorkTrack/WorkTrack/src/utils/errorHandler.ts:11:24)
            at Object.wrapAsync (/home/runner/work/WorkTrack/WorkTrack/__tests__/unit/errorHandler.test.ts:16:17)
            at Generator.next (<anonymous>)
            at asyncGeneratorStep (/home/runner/work/WorkTrack/WorkTrack/node_modules/@babel/runtime/helpers/asyncToGenerator.js:3:17)
            at _next (/home/runner/work/WorkTrack/WorkTrack/node_modules/@babel/runtime/helpers/asyncToGenerator.js:17:9)
            at /home/runner/work/WorkTrack/WorkTrack/node_modules/@babel/runtime/helpers/asyncToGenerator.js:22:7
            at new Promise (<anonymous>)
            at Object.<anonymous> (/home/runner/work/WorkTrack/WorkTrack/node_modules/@babel/runtime/helpers/asyncToGenerator.js:14:12)
            at Promise.then.completed (/home/runner/work/WorkTrack/WorkTrack/node_modules/jest-circus/build/utils.js:298:28)
            at new Promise (<anonymous>)
            at callAsyncCircusFn (/home/runner/work/WorkTrack/WorkTrack/node_modules/jest-circus/build/utils.js:231:10)
            at _callCircusTest (/home/runner/work/WorkTrack/WorkTrack/node_modules/jest-circus/build/run.js:316:40)
            at _runTest (/home/runner/work/WorkTrack/WorkTrack/node_modules/jest-circus/build/run.js:252:3)
            at _runTestsForDescribeBlock (/home/runner/work/WorkTrack/WorkTrack/node_modules/jest-circus/build/run.js:126:9)
            at _runTestsForDescribeBlock (/home/runner/work/WorkTrack/WorkTrack/node_modules/jest-circus/build/run.js:121:9)
            at run (/home/runner/work/WorkTrack/WorkTrack/node_modules/jest-circus/build/run.js:71:3)
            at runAndTransformResultsToJestFormat (/home/runner/work/WorkTrack/WorkTrack/node_modules/jest-circus/build/legacy-code-todo-rewrite/jestAdapterInit.js:122:21)
            at jestAdapter (/home/runner/work/WorkTrack/WorkTrack/node_modules/jest-circus/build/legacy-code-todo-rewrite/jestAdapter.js:79:19)
            at runTestInternal (/home/runner/work/WorkTrack/WorkTrack/node_modules/jest-runner/build/runTest.js:367:16)
            at runTest (/home/runner/work/WorkTrack/WorkTrack/node_modules/jest-runner/build/runTest.js:444:34)
      }

      27 | 	error(message: string, context?: LogContext): void {
      28 | 		// eslint-disable-next-line no-console
    > 29 | 		console.error(`[ERROR] ${message}`, context ?? '');
         | 		        ^
      30 | 	}
      31 | }
      32 |

      at ConsoleLogger.error (src/logging/index.ts:29:11)
      at Function.error (src/utils/errorHandler.ts:20:11)
          at Generator.throw (<anonymous>)
      at asyncGeneratorStep (node_modules/@babel/runtime/helpers/asyncToGenerator.js:3:17)
      at _throw (node_modules/@babel/runtime/helpers/asyncToGenerator.js:20:9)

    console.error
Error: ERROR] Failed custom {
        error: Error: boom
            at /home/runner/work/WorkTrack/WorkTrack/__tests__/unit/errorHandler.test.ts:31:12
            at Generator.next (<anonymous>)
            at asyncGeneratorStep (/home/runner/work/WorkTrack/WorkTrack/node_modules/@babel/runtime/helpers/asyncToGenerator.js:3:17)
            at _next (/home/runner/work/WorkTrack/WorkTrack/node_modules/@babel/runtime/helpers/asyncToGenerator.js:17:9)
            at /home/runner/work/WorkTrack/WorkTrack/node_modules/@babel/runtime/helpers/asyncToGenerator.js:22:7
            at new Promise (<anonymous>)
            at /home/runner/work/WorkTrack/WorkTrack/node_modules/@babel/runtime/helpers/asyncToGenerator.js:14:12
            at Function.operation (/home/runner/work/WorkTrack/WorkTrack/src/utils/errorHandler.ts:18:17)
            at Generator.next (<anonymous>)
            at asyncGeneratorStep (/home/runner/work/WorkTrack/WorkTrack/node_modules/@babel/runtime/helpers/asyncToGenerator.js:3:17)
            at _next (/home/runner/work/WorkTrack/WorkTrack/node_modules/@babel/runtime/helpers/asyncToGenerator.js:17:9)
            at /home/runner/work/WorkTrack/WorkTrack/node_modules/@babel/runtime/helpers/asyncToGenerator.js:22:7
            at new Promise (<anonymous>)
            at Function.<anonymous> (/home/runner/work/WorkTrack/WorkTrack/node_modules/@babel/runtime/helpers/asyncToGenerator.js:14:12)
            at Function.apply [as wrapAsync] (/home/runner/work/WorkTrack/WorkTrack/src/utils/errorHandler.ts:11:24)
            at Object.wrapAsync (/home/runner/work/WorkTrack/WorkTrack/__tests__/unit/errorHandler.test.ts:29:17)
            at Generator.next (<anonymous>)
            at asyncGeneratorStep (/home/runner/work/WorkTrack/WorkTrack/node_modules/@babel/runtime/helpers/asyncToGenerator.js:3:17)
            at _next (/home/runner/work/WorkTrack/WorkTrack/node_modules/@babel/runtime/helpers/asyncToGenerator.js:17:9)
            at /home/runner/work/WorkTrack/WorkTrack/node_modules/@babel/runtime/helpers/asyncToGenerator.js:22:7
            at new Promise (<anonymous>)
            at Object.<anonymous> (/home/runner/work/WorkTrack/WorkTrack/node_modules/@babel/runtime/helpers/asyncToGenerator.js:14:12)
            at Promise.then.completed (/home/runner/work/WorkTrack/WorkTrack/node_modules/jest-circus/build/utils.js:298:28)
            at new Promise (<anonymous>)
            at callAsyncCircusFn (/home/runner/work/WorkTrack/WorkTrack/node_modules/jest-circus/build/utils.js:231:10)
            at _callCircusTest (/home/runner/work/WorkTrack/WorkTrack/node_modules/jest-circus/build/run.js:316:40)
            at _runTest (/home/runner/work/WorkTrack/WorkTrack/node_modules/jest-circus/build/run.js:252:3)
            at _runTestsForDescribeBlock (/home/runner/work/WorkTrack/WorkTrack/node_modules/jest-circus/build/run.js:126:9)
            at _runTestsForDescribeBlock (/home/runner/work/WorkTrack/WorkTrack/node_modules/jest-circus/build/run.js:121:9)
            at run (/home/runner/work/WorkTrack/WorkTrack/node_modules/jest-circus/build/run.js:71:3)
            at runAndTransformResultsToJestFormat (/home/runner/work/WorkTrack/WorkTrack/node_modules/jest-circus/build/legacy-code-todo-rewrite/jestAdapterInit.js:122:21)
            at jestAdapter (/home/runner/work/WorkTrack/WorkTrack/node_modules/jest-circus/build/legacy-code-todo-rewrite/jestAdapter.js:79:19)
            at runTestInternal (/home/runner/work/WorkTrack/WorkTrack/node_modules/jest-runner/build/runTest.js:367:16)
            at runTest (/home/runner/work/WorkTrack/WorkTrack/node_modules/jest-runner/build/runTest.js:444:34)
      }

      27 | 	error(message: string, context?: LogContext): void {
      28 | 		// eslint-disable-next-line no-console
    > 29 | 		console.error(`[ERROR] ${message}`, context ?? '');
         | 		        ^
      30 | 	}
      31 | }
      32 |

      at ConsoleLogger.error (src/logging/index.ts:29:11)
      at Function.error (src/utils/errorHandler.ts:20:11)
          at Generator.throw (<anonymous>)
      at asyncGeneratorStep (node_modules/@babel/runtime/helpers/asyncToGenerator.js:3:17)
      at _throw (node_modules/@babel/runtime/helpers/asyncToGenerator.js:20:9)

PASS __tests__/unit/watermelonTrackerRepository.moreBranches.test.ts
  ● Console

    console.error
Error: ERROR] Failed to update tracker in WatermelonDB {
        error: Error: db
            at /home/runner/work/WorkTrack/WorkTrack/__tests__/unit/watermelonTrackerRepository.moreBranches.test.ts:13:28
            at Runtime.requireMock (/home/runner/work/WorkTrack/WorkTrack/node_modules/jest-runtime/build/index.js:940:55)
            at Runtime.requireModuleOrMock (/home/runner/work/WorkTrack/WorkTrack/node_modules/jest-runtime/build/index.js:1046:21)
            at Object.require (/home/runner/work/WorkTrack/WorkTrack/src/repositories/watermelonTrackerRepository.ts:2:1)
            at Runtime._execModule (/home/runner/work/WorkTrack/WorkTrack/node_modules/jest-runtime/build/index.js:1439:24)
            at Runtime._loadModule (/home/runner/work/WorkTrack/WorkTrack/node_modules/jest-runtime/build/index.js:1022:12)
            at Runtime.requireModule (/home/runner/work/WorkTrack/WorkTrack/node_modules/jest-runtime/build/index.js:882:12)
            at Runtime.requireModuleOrMock (/home/runner/work/WorkTrack/WorkTrack/node_modules/jest-runtime/build/index.js:1048:21)
            at require (/home/runner/work/WorkTrack/WorkTrack/__tests__/unit/watermelonTrackerRepository.moreBranches.test.ts:20:8)
            at Generator.next (<anonymous>)
            at asyncGeneratorStep (/home/runner/work/WorkTrack/WorkTrack/node_modules/@babel/runtime/helpers/asyncToGenerator.js:3:17)
            at _next (/home/runner/work/WorkTrack/WorkTrack/node_modules/@babel/runtime/helpers/asyncToGenerator.js:17:9)
            at /home/runner/work/WorkTrack/WorkTrack/node_modules/@babel/runtime/helpers/asyncToGenerator.js:22:7
            at new Promise (<anonymous>)
            at /home/runner/work/WorkTrack/WorkTrack/node_modules/@babel/runtime/helpers/asyncToGenerator.js:14:12
            at Runtime.isolateModules (/home/runner/work/WorkTrack/WorkTrack/node_modules/jest-runtime/build/index.js:1082:7)
            at Object.isolateModules (/home/runner/work/WorkTrack/WorkTrack/node_modules/jest-runtime/build/index.js:1992:12)
            at Object.isolateModules (/home/runner/work/WorkTrack/WorkTrack/__tests__/unit/watermelonTrackerRepository.moreBranches.test.ts:3:14)
            at Generator.next (<anonymous>)
            at asyncGeneratorStep (/home/runner/work/WorkTrack/WorkTrack/node_modules/@babel/runtime/helpers/asyncToGenerator.js:3:17)
            at _next (/home/runner/work/WorkTrack/WorkTrack/node_modules/@babel/runtime/helpers/asyncToGenerator.js:17:9)
            at /home/runner/work/WorkTrack/WorkTrack/node_modules/@babel/runtime/helpers/asyncToGenerator.js:22:7
            at new Promise (<anonymous>)
            at Object.<anonymous> (/home/runner/work/WorkTrack/WorkTrack/node_modules/@babel/runtime/helpers/asyncToGenerator.js:14:12)
            at Promise.then.completed (/home/runner/work/WorkTrack/WorkTrack/node_modules/jest-circus/build/utils.js:298:28)
            at new Promise (<anonymous>)
            at callAsyncCircusFn (/home/runner/work/WorkTrack/WorkTrack/node_modules/jest-circus/build/utils.js:231:10)
            at _callCircusTest (/home/runner/work/WorkTrack/WorkTrack/node_modules/jest-circus/build/run.js:316:40)
            at _runTest (/home/runner/work/WorkTrack/WorkTrack/node_modules/jest-circus/build/run.js:252:3)
            at _runTestsForDescribeBlock (/home/runner/work/WorkTrack/WorkTrack/node_modules/jest-circus/build/run.js:126:9)
            at _runTestsForDescribeBlock (/home/runner/work/WorkTrack/WorkTrack/node_modules/jest-circus/build/run.js:121:9)
            at run (/home/runner/work/WorkTrack/WorkTrack/node_modules/jest-circus/build/run.js:71:3)
            at runAndTransformResultsToJestFormat (/home/runner/work/WorkTrack/WorkTrack/node_modules/jest-circus/build/legacy-code-todo-rewrite/jestAdapterInit.js:122:21)
            at jestAdapter (/home/runner/work/WorkTrack/WorkTrack/node_modules/jest-circus/build/legacy-code-todo-rewrite/jestAdapter.js:79:19)
            at runTestInternal (/home/runner/work/WorkTrack/WorkTrack/node_modules/jest-runner/build/runTest.js:367:16)
            at runTest (/home/runner/work/WorkTrack/WorkTrack/node_modules/jest-runner/build/runTest.js:444:34),
        tracker: { id: 't1', name: 'n' }
      }

      27 | 	error(message: string, context?: LogContext): void {
      28 | 		// eslint-disable-next-line no-console
    > 29 | 		console.error(`[ERROR] ${message}`, context ?? '');
         | 		        ^
      30 | 	}
      31 | }
      32 |

      at ConsoleLogger.error (src/logging/index.ts:29:11)
      at WatermelonTrackerRepository.error (src/repositories/watermelonTrackerRepository.ts:77:11)
          at Generator.throw (<anonymous>)
      at asyncGeneratorStep (node_modules/@babel/runtime/helpers/asyncToGenerator.js:3:17)
      at _throw (node_modules/@babel/runtime/helpers/asyncToGenerator.js:20:9)

PASS __tests__/unit/watermelonTrackerRepository.updateBranches.test.ts
  ● Console

    console.debug
      [DEBUG] Successfully updated tracker in WatermelonDB { trackerId: 't1', ownerId: 'u1' }

      at ConsoleLogger.debug (src/logging/index.ts:17:11)

    console.debug
      [DEBUG] Successfully updated tracker in WatermelonDB { trackerId: 't1', ownerId: 'u1' }

      at ConsoleLogger.debug (src/logging/index.ts:17:11)

    console.debug
      [DEBUG] Successfully updated tracker in WatermelonDB { trackerId: 't1', ownerId: 'u1' }

      at ConsoleLogger.debug (src/logging/index.ts:17:11)

PASS __tests__/unit/toastQueue.clear.currentToast.test.ts
PASS __tests__/unit/toastQueue.missing.branches.test.ts
PASS __tests__/unit/firebaseService.test.ts
  ● Console

    console.debug
      [DEBUG] Connected to Firestore emulator at 127.0.0.1:8080

      at ConsoleLogger.debug (src/logging/index.ts:17:11)

PASS __tests__/unit/watermelonEntryRepository.updateFields.test.ts
  ● Console

    console.debug
      [DEBUG] Successfully upserted entries { trackerId: 't1', count: 1 }

      at ConsoleLogger.debug (src/logging/index.ts:17:11)

PASS __tests__/unit/watermelonEntryRepository.updatePath.test.ts
  ● Console

    console.debug
      [DEBUG] Successfully upserted entries { trackerId: 't1', count: 1 }

      at ConsoleLogger.debug (src/logging/index.ts:17:11)

PASS __tests__/unit/watermelonTrackerRepository.errors.test.ts
  ● Console

    console.error
Error: ERROR] Failed to fetch owned trackers from WatermelonDB {
        error: Error: q
            at Object.query (/home/runner/work/WorkTrack/WorkTrack/__tests__/unit/watermelonTrackerRepository.errors.test.ts:6:41)
            at WatermelonTrackerRepository.query (/home/runner/work/WorkTrack/WorkTrack/src/repositories/watermelonTrackerRepository.ts:92:6)
            at Generator.next (<anonymous>)
            at asyncGeneratorStep (/home/runner/work/WorkTrack/WorkTrack/node_modules/@babel/runtime/helpers/asyncToGenerator.js:3:17)
            at _next (/home/runner/work/WorkTrack/WorkTrack/node_modules/@babel/runtime/helpers/asyncToGenerator.js:17:9)
            at /home/runner/work/WorkTrack/WorkTrack/node_modules/@babel/runtime/helpers/asyncToGenerator.js:22:7
            at new Promise (<anonymous>)
            at WatermelonTrackerRepository.<anonymous> (/home/runner/work/WorkTrack/WorkTrack/node_modules/@babel/runtime/helpers/asyncToGenerator.js:14:12)
            at WatermelonTrackerRepository.apply [as listOwned] (/home/runner/work/WorkTrack/WorkTrack/src/repositories/watermelonTrackerRepository.ts:88:17)
            at listOwned (/home/runner/work/WorkTrack/WorkTrack/__tests__/unit/watermelonTrackerRepository.errors.test.ts:16:22)
            at Generator.next (<anonymous>)
            at asyncGeneratorStep (/home/runner/work/WorkTrack/WorkTrack/node_modules/@babel/runtime/helpers/asyncToGenerator.js:3:17)
            at _next (/home/runner/work/WorkTrack/WorkTrack/node_modules/@babel/runtime/helpers/asyncToGenerator.js:17:9)
            at /home/runner/work/WorkTrack/WorkTrack/node_modules/@babel/runtime/helpers/asyncToGenerator.js:22:7
            at new Promise (<anonymous>)
            at /home/runner/work/WorkTrack/WorkTrack/node_modules/@babel/runtime/helpers/asyncToGenerator.js:14:12
            at Runtime.isolateModules (/home/runner/work/WorkTrack/WorkTrack/node_modules/jest-runtime/build/index.js:1082:7)
            at Object.isolateModules (/home/runner/work/WorkTrack/WorkTrack/node_modules/jest-runtime/build/index.js:1992:12)
            at Object.isolateModules (/home/runner/work/WorkTrack/WorkTrack/__tests__/unit/watermelonTrackerRepository.errors.test.ts:3:14)
            at Generator.next (<anonymous>)
            at asyncGeneratorStep (/home/runner/work/WorkTrack/WorkTrack/node_modules/@babel/runtime/helpers/asyncToGenerator.js:3:17)
            at _next (/home/runner/work/WorkTrack/WorkTrack/node_modules/@babel/runtime/helpers/asyncToGenerator.js:17:9)
            at /home/runner/work/WorkTrack/WorkTrack/node_modules/@babel/runtime/helpers/asyncToGenerator.js:22:7
            at new Promise (<anonymous>)
            at Object.<anonymous> (/home/runner/work/WorkTrack/WorkTrack/node_modules/@babel/runtime/helpers/asyncToGenerator.js:14:12)
            at Promise.then.completed (/home/runner/work/WorkTrack/WorkTrack/node_modules/jest-circus/build/utils.js:298:28)
            at new Promise (<anonymous>)
            at callAsyncCircusFn (/home/runner/work/WorkTrack/WorkTrack/node_modules/jest-circus/build/utils.js:231:10)
            at _callCircusTest (/home/runner/work/WorkTrack/WorkTrack/node_modules/jest-circus/build/run.js:316:40)
            at _runTest (/home/runner/work/WorkTrack/WorkTrack/node_modules/jest-circus/build/run.js:252:3)
            at _runTestsForDescribeBlock (/home/runner/work/WorkTrack/WorkTrack/node_modules/jest-circus/build/run.js:126:9)
            at _runTestsForDescribeBlock (/home/runner/work/WorkTrack/WorkTrack/node_modules/jest-circus/build/run.js:121:9)
            at run (/home/runner/work/WorkTrack/WorkTrack/node_modules/jest-circus/build/run.js:71:3)
            at runAndTransformResultsToJestFormat (/home/runner/work/WorkTrack/WorkTrack/node_modules/jest-circus/build/legacy-code-todo-rewrite/jestAdapterInit.js:122:21)
            at jestAdapter (/home/runner/work/WorkTrack/WorkTrack/node_modules/jest-circus/build/legacy-code-todo-rewrite/jestAdapter.js:79:19)
            at runTestInternal (/home/runner/work/WorkTrack/WorkTrack/node_modules/jest-runner/build/runTest.js:367:16)
            at runTest (/home/runner/work/WorkTrack/WorkTrack/node_modules/jest-runner/build/runTest.js:444:34),
        userId: 'u1'
      }

      27 | 	error(message: string, context?: LogContext): void {
      28 | 		// eslint-disable-next-line no-console
    > 29 | 		console.error(`[ERROR] ${message}`, context ?? '');
         | 		        ^
      30 | 	}
      31 | }
      32 |

      at ConsoleLogger.error (src/logging/index.ts:29:11)
      at WatermelonTrackerRepository.error (src/repositories/watermelonTrackerRepository.ts:109:11)
          at Generator.throw (<anonymous>)
      at asyncGeneratorStep (node_modules/@babel/runtime/helpers/asyncToGenerator.js:3:17)
      at _throw (node_modules/@babel/runtime/helpers/asyncToGenerator.js:20:9)

    console.error
Error: ERROR] Failed to ensure tracker exists in WatermelonDB {
        error: Error: db
            at Object.<anonymous> (/home/runner/work/WorkTrack/WorkTrack/__tests__/unit/watermelonTrackerRepository.errors.test.ts:26:12)
            at /home/runner/work/WorkTrack/WorkTrack/node_modules/jest-mock/build/index.js:397:39
            at Object.<anonymous> (/home/runner/work/WorkTrack/WorkTrack/node_modules/jest-mock/build/index.js:404:13)
            at Object.mockConstructor [as find] (/home/runner/work/WorkTrack/WorkTrack/node_modules/jest-mock/build/index.js:148:19)
            at WatermelonTrackerRepository.find (/home/runner/work/WorkTrack/WorkTrack/src/repositories/watermelonTrackerRepository.ts:144:6)
            at Generator.next (<anonymous>)
            at asyncGeneratorStep (/home/runner/work/WorkTrack/WorkTrack/node_modules/@babel/runtime/helpers/asyncToGenerator.js:3:17)
            at _next (/home/runner/work/WorkTrack/WorkTrack/node_modules/@babel/runtime/helpers/asyncToGenerator.js:17:9)
            at /home/runner/work/WorkTrack/WorkTrack/node_modules/@babel/runtime/helpers/asyncToGenerator.js:22:7
            at new Promise (<anonymous>)
            at WatermelonTrackerRepository.<anonymous> (/home/runner/work/WorkTrack/WorkTrack/node_modules/@babel/runtime/helpers/asyncToGenerator.js:14:12)
            at WatermelonTrackerRepository.apply [as ensureExists] (/home/runner/work/WorkTrack/WorkTrack/src/repositories/watermelonTrackerRepository.ts:140:20)
            at ensureExists (/home/runner/work/WorkTrack/WorkTrack/__tests__/unit/watermelonTrackerRepository.errors.test.ts:36:22)
            at Generator.next (<anonymous>)
            at asyncGeneratorStep (/home/runner/work/WorkTrack/WorkTrack/node_modules/@babel/runtime/helpers/asyncToGenerator.js:3:17)
            at _next (/home/runner/work/WorkTrack/WorkTrack/node_modules/@babel/runtime/helpers/asyncToGenerator.js:17:9)
            at /home/runner/work/WorkTrack/WorkTrack/node_modules/@babel/runtime/helpers/asyncToGenerator.js:22:7
            at new Promise (<anonymous>)
            at /home/runner/work/WorkTrack/WorkTrack/node_modules/@babel/runtime/helpers/asyncToGenerator.js:14:12
            at Runtime.isolateModules (/home/runner/work/WorkTrack/WorkTrack/node_modules/jest-runtime/build/index.js:1082:7)
            at Object.isolateModules (/home/runner/work/WorkTrack/WorkTrack/node_modules/jest-runtime/build/index.js:1992:12)
            at Object.isolateModules (/home/runner/work/WorkTrack/WorkTrack/__tests__/unit/watermelonTrackerRepository.errors.test.ts:23:14)
            at Generator.next (<anonymous>)
            at asyncGeneratorStep (/home/runner/work/WorkTrack/WorkTrack/node_modules/@babel/runtime/helpers/asyncToGenerator.js:3:17)
            at _next (/home/runner/work/WorkTrack/WorkTrack/node_modules/@babel/runtime/helpers/asyncToGenerator.js:17:9)
            at /home/runner/work/WorkTrack/WorkTrack/node_modules/@babel/runtime/helpers/asyncToGenerator.js:22:7
            at new Promise (<anonymous>)
            at Object.<anonymous> (/home/runner/work/WorkTrack/WorkTrack/node_modules/@babel/runtime/helpers/asyncToGenerator.js:14:12)
            at Promise.then.completed (/home/runner/work/WorkTrack/WorkTrack/node_modules/jest-circus/build/utils.js:298:28)
            at new Promise (<anonymous>)
            at callAsyncCircusFn (/home/runner/work/WorkTrack/WorkTrack/node_modules/jest-circus/build/utils.js:231:10)
            at _callCircusTest (/home/runner/work/WorkTrack/WorkTrack/node_modules/jest-circus/build/run.js:316:40)
            at _runTest (/home/runner/work/WorkTrack/WorkTrack/node_modules/jest-circus/build/run.js:252:3)
            at _runTestsForDescribeBlock (/home/runner/work/WorkTrack/WorkTrack/node_modules/jest-circus/build/run.js:126:9)
            at _runTestsForDescribeBlock (/home/runner/work/WorkTrack/WorkTrack/node_modules/jest-circus/build/run.js:121:9)
            at run (/home/runner/work/WorkTrack/WorkTrack/node_modules/jest-circus/build/run.js:71:3)
            at runAndTransformResultsToJestFormat (/home/runner/work/WorkTrack/WorkTrack/node_modules/jest-circus/build/legacy-code-todo-rewrite/jestAdapterInit.js:122:21)
            at jestAdapter (/home/runner/work/WorkTrack/WorkTrack/node_modules/jest-circus/build/legacy-code-todo-rewrite/jestAdapter.js:79:19)
            at runTestInternal (/home/runner/work/WorkTrack/WorkTrack/node_modules/jest-runner/build/runTest.js:367:16)
            at runTest (/home/runner/work/WorkTrack/WorkTrack/node_modules/jest-runner/build/runTest.js:444:34),
        trackerId: 't1',
        ownerId: 'u1'
      }

      27 | 	error(message: string, context?: LogContext): void {
      28 | 		// eslint-disable-next-line no-console
    > 29 | 		console.error(`[ERROR] ${message}`, context ?? '');
         | 		        ^
      30 | 	}
      31 | }
      32 |

      at ConsoleLogger.error (src/logging/index.ts:29:11)
      at WatermelonTrackerRepository.error (src/repositories/watermelonTrackerRepository.ts:165:11)
      at asyncGeneratorStep (node_modules/@babel/runtime/helpers/asyncToGenerator.js:3:17)
      at _next (node_modules/@babel/runtime/helpers/asyncToGenerator.js:17:9)
      at node_modules/@babel/runtime/helpers/asyncToGenerator.js:22:7
      at WatermelonTrackerRepository.<anonymous> (node_modules/@babel/runtime/helpers/asyncToGenerator.js:14:12)
      at WatermelonTrackerRepository.apply [as ensureExists] (src/repositories/watermelonTrackerRepository.ts:140:20)
      at ensureExists (__tests__/unit/watermelonTrackerRepository.errors.test.ts:36:22)
      at asyncGeneratorStep (node_modules/@babel/runtime/helpers/asyncToGenerator.js:3:17)
      at _next (node_modules/@babel/runtime/helpers/asyncToGenerator.js:17:9)
      at node_modules/@babel/runtime/helpers/asyncToGenerator.js:22:7
      at node_modules/@babel/runtime/helpers/asyncToGenerator.js:14:12
      at Object.isolateModules (__tests__/unit/watermelonTrackerRepository.errors.test.ts:23:14)
      at asyncGeneratorStep (node_modules/@babel/runtime/helpers/asyncToGenerator.js:3:17)
      at _next (node_modules/@babel/runtime/helpers/asyncToGenerator.js:17:9)
      at node_modules/@babel/runtime/helpers/asyncToGenerator.js:22:7
      at Object.<anonymous> (node_modules/@babel/runtime/helpers/asyncToGenerator.js:14:12)

PASS __tests__/unit/watermelonTrackerRepository.optionalFields.test.ts
  ● Console

    console.debug
      [DEBUG] Successfully updated tracker in WatermelonDB { trackerId: 't1', ownerId: 'u1' }

      at ConsoleLogger.debug (src/logging/index.ts:17:11)

PASS __tests__/unit/errorsIndex.test.ts
PASS __tests__/unit/repositoriesIndex.direct.test.ts
PASS __tests__/unit/barrels.direct.index.test.ts
PASS __tests__/unit/syncToRemoteUseCase.edgeLines.test.ts
  ● Console

    console.error
Error: ERROR] Failed to sync entries to remote {
        error: TypeError: Cannot read properties of undefined (reading 'listUnsynced')
            at SyncToRemoteUseCaseImpl.listUnsynced (/home/runner/work/WorkTrack/WorkTrack/src/use-cases/syncToRemoteUseCase.ts:26:37)
            at Generator.next (<anonymous>)
            at asyncGeneratorStep (/home/runner/work/WorkTrack/WorkTrack/node_modules/@babel/runtime/helpers/asyncToGenerator.js:3:17)
            at _next (/home/runner/work/WorkTrack/WorkTrack/node_modules/@babel/runtime/helpers/asyncToGenerator.js:17:9)
            at /home/runner/work/WorkTrack/WorkTrack/node_modules/@babel/runtime/helpers/asyncToGenerator.js:22:7
            at new Promise (<anonymous>)
            at SyncToRemoteUseCaseImpl.<anonymous> (/home/runner/work/WorkTrack/WorkTrack/node_modules/@babel/runtime/helpers/asyncToGenerator.js:14:12)
            at SyncToRemoteUseCaseImpl.apply [as execute] (/home/runner/work/WorkTrack/WorkTrack/src/use-cases/syncToRemoteUseCase.ts:23:15)
            at execute (/home/runner/work/WorkTrack/WorkTrack/__tests__/unit/syncToRemoteUseCase.edgeLines.test.ts:30:25)
            at Generator.next (<anonymous>)
            at asyncGeneratorStep (/home/runner/work/WorkTrack/WorkTrack/node_modules/@babel/runtime/helpers/asyncToGenerator.js:3:17)
            at _next (/home/runner/work/WorkTrack/WorkTrack/node_modules/@babel/runtime/helpers/asyncToGenerator.js:17:9)
            at /home/runner/work/WorkTrack/WorkTrack/node_modules/@babel/runtime/helpers/asyncToGenerator.js:22:7
            at new Promise (<anonymous>)
            at /home/runner/work/WorkTrack/WorkTrack/node_modules/@babel/runtime/helpers/asyncToGenerator.js:14:12
            at Runtime.isolateModules (/home/runner/work/WorkTrack/WorkTrack/node_modules/jest-runtime/build/index.js:1082:7)
            at Object.isolateModules (/home/runner/work/WorkTrack/WorkTrack/node_modules/jest-runtime/build/index.js:1992:12)
            at Object.isolateModules (/home/runner/work/WorkTrack/WorkTrack/__tests__/unit/syncToRemoteUseCase.edgeLines.test.ts:5:14)
            at Generator.next (<anonymous>)
            at asyncGeneratorStep (/home/runner/work/WorkTrack/WorkTrack/node_modules/@babel/runtime/helpers/asyncToGenerator.js:3:17)
            at _next (/home/runner/work/WorkTrack/WorkTrack/node_modules/@babel/runtime/helpers/asyncToGenerator.js:17:9)
            at /home/runner/work/WorkTrack/WorkTrack/node_modules/@babel/runtime/helpers/asyncToGenerator.js:22:7
            at new Promise (<anonymous>)
            at Object.<anonymous> (/home/runner/work/WorkTrack/WorkTrack/node_modules/@babel/runtime/helpers/asyncToGenerator.js:14:12)
            at Promise.then.completed (/home/runner/work/WorkTrack/WorkTrack/node_modules/jest-circus/build/utils.js:298:28)
            at new Promise (<anonymous>)
            at callAsyncCircusFn (/home/runner/work/WorkTrack/WorkTrack/node_modules/jest-circus/build/utils.js:231:10)
            at _callCircusTest (/home/runner/work/WorkTrack/WorkTrack/node_modules/jest-circus/build/run.js:316:40)
            at _runTest (/home/runner/work/WorkTrack/WorkTrack/node_modules/jest-circus/build/run.js:252:3)
            at _runTestsForDescribeBlock (/home/runner/work/WorkTrack/WorkTrack/node_modules/jest-circus/build/run.js:126:9)
            at _runTestsForDescribeBlock (/home/runner/work/WorkTrack/WorkTrack/node_modules/jest-circus/build/run.js:121:9)
            at run (/home/runner/work/WorkTrack/WorkTrack/node_modules/jest-circus/build/run.js:71:3)
            at runAndTransformResultsToJestFormat (/home/runner/work/WorkTrack/WorkTrack/node_modules/jest-circus/build/legacy-code-todo-rewrite/jestAdapterInit.js:122:21)
            at jestAdapter (/home/runner/work/WorkTrack/WorkTrack/node_modules/jest-circus/build/legacy-code-todo-rewrite/jestAdapter.js:79:19)
            at runTestInternal (/home/runner/work/WorkTrack/WorkTrack/node_modules/jest-runner/build/runTest.js:367:16)
            at runTest (/home/runner/work/WorkTrack/WorkTrack/node_modules/jest-runner/build/runTest.js:444:34)
      }

      27 | 	error(message: string, context?: LogContext): void {
      28 | 		// eslint-disable-next-line no-console
    > 29 | 		console.error(`[ERROR] ${message}`, context ?? '');
         | 		        ^
      30 | 	}
      31 | }
      32 |

      at ConsoleLogger.error (src/logging/index.ts:29:11)
      at SyncToRemoteUseCaseImpl.error (src/use-cases/syncToRemoteUseCase.ts:88:11)
      at asyncGeneratorStep (node_modules/@babel/runtime/helpers/asyncToGenerator.js:3:17)
      at _next (node_modules/@babel/runtime/helpers/asyncToGenerator.js:17:9)
      at node_modules/@babel/runtime/helpers/asyncToGenerator.js:22:7
      at SyncToRemoteUseCaseImpl.<anonymous> (node_modules/@babel/runtime/helpers/asyncToGenerator.js:14:12)
      at SyncToRemoteUseCaseImpl.apply [as execute] (src/use-cases/syncToRemoteUseCase.ts:23:15)
      at execute (__tests__/unit/syncToRemoteUseCase.edgeLines.test.ts:30:25)
      at asyncGeneratorStep (node_modules/@babel/runtime/helpers/asyncToGenerator.js:3:17)
      at _next (node_modules/@babel/runtime/helpers/asyncToGenerator.js:17:9)
      at node_modules/@babel/runtime/helpers/asyncToGenerator.js:22:7
      at node_modules/@babel/runtime/helpers/asyncToGenerator.js:14:12
      at Object.isolateModules (__tests__/unit/syncToRemoteUseCase.edgeLines.test.ts:5:14)
      at asyncGeneratorStep (node_modules/@babel/runtime/helpers/asyncToGenerator.js:3:17)
      at _next (node_modules/@babel/runtime/helpers/asyncToGenerator.js:17:9)
      at node_modules/@babel/runtime/helpers/asyncToGenerator.js:22:7
      at Object.<anonymous> (node_modules/@babel/runtime/helpers/asyncToGenerator.js:14:12)

    console.warn
      [WARN] Marking entries with sync error for retry {
        error: "Cannot read properties of undefined (reading 'listUnsynced')"
      }

      23 | 	warn(message: string, context?: LogContext): void {
      24 | 		// eslint-disable-next-line no-console
    > 25 | 		console.warn(`[WARN] ${message}`, context ?? '');
         | 		        ^
      26 | 	}
      27 | 	error(message: string, context?: LogContext): void {
      28 | 		// eslint-disable-next-line no-console

      at ConsoleLogger.warn (src/logging/index.ts:25:11)
      at SyncToRemoteUseCaseImpl.warn (src/use-cases/syncToRemoteUseCase.ts:93:12)
      at asyncGeneratorStep (node_modules/@babel/runtime/helpers/asyncToGenerator.js:3:17)
      at _next (node_modules/@babel/runtime/helpers/asyncToGenerator.js:17:9)
      at node_modules/@babel/runtime/helpers/asyncToGenerator.js:22:7
      at SyncToRemoteUseCaseImpl.<anonymous> (node_modules/@babel/runtime/helpers/asyncToGenerator.js:14:12)
      at SyncToRemoteUseCaseImpl.apply [as execute] (src/use-cases/syncToRemoteUseCase.ts:23:15)
      at execute (__tests__/unit/syncToRemoteUseCase.edgeLines.test.ts:30:25)
      at asyncGeneratorStep (node_modules/@babel/runtime/helpers/asyncToGenerator.js:3:17)
      at _next (node_modules/@babel/runtime/helpers/asyncToGenerator.js:17:9)
      at node_modules/@babel/runtime/helpers/asyncToGenerator.js:22:7
      at node_modules/@babel/runtime/helpers/asyncToGenerator.js:14:12
      at Object.isolateModules (__tests__/unit/syncToRemoteUseCase.edgeLines.test.ts:5:14)
      at asyncGeneratorStep (node_modules/@babel/runtime/helpers/asyncToGenerator.js:3:17)
      at _next (node_modules/@babel/runtime/helpers/asyncToGenerator.js:17:9)
      at node_modules/@babel/runtime/helpers/asyncToGenerator.js:22:7
      at Object.<anonymous> (node_modules/@babel/runtime/helpers/asyncToGenerator.js:14:12)

PASS __tests__/unit/worktrackModel.test.ts
PASS __tests__/unit/dbSchema.structure.test.ts
PASS __tests__/unit/watermelonTrackerRepository.listSharedWith.test.ts
PASS __tests__/unit/servicesIndex.direct.test.ts
PASS __tests__/unit/db.watermelon.adapterError.test.ts
PASS __tests__/unit/toastQueue.remove.true.test.ts
PASS __tests__/unit/index.smoke.test.ts
PASS __tests__/unit/repositories.barrel.test.ts
PASS __tests__/unit/schema.direct.test.ts
PASS __tests__/unit/services.index.barrel.test.ts
PASS __tests__/unit/dbSchema.smoke.test.ts
PASS __tests__/unit/repositoriesIndex.smoke.test.ts
PASS __tests__/unit/servicesIndex.exports.test.ts
PASS __tests__/unit/schema.all.test.ts
PASS __tests__/unit/useCasesIndex.smoke.test.ts
PASS __tests__/unit/servicesIndex.smoke.test.ts
----------------------------------|---------|----------|---------|---------|-------------------
File                              | % Stmts | % Branch | % Funcs | % Lines | Uncovered Line #s 
----------------------------------|---------|----------|---------|---------|-------------------
All files                         |   36.74 |    26.01 |    32.7 |   37.53 |                   
 src                              |       0 |        0 |       0 |       0 |                   
  index.ts                        |       0 |        0 |       0 |       0 |                   
 src/components                   |       0 |        0 |       0 |       0 |                   
  index.ts                        |       0 |        0 |       0 |       0 |                   
 src/components/Calendar          |       0 |        0 |       0 |       0 |                   
  CalendarDay.tsx                 |       0 |        0 |       0 |       0 | 36-209            
  CalendarHeader.tsx              |       0 |        0 |       0 |       0 | 17-75             
  CustomCalendar.tsx              |       0 |        0 |       0 |       0 | 16-202            
  MonthCalendar.tsx               |       0 |        0 |       0 |       0 | 22-124            
  index.tsx                       |       0 |        0 |       0 |       0 | 14-72             
 src/components/Profile           |       0 |        0 |       0 |       0 |                   
  ProfileInfo.tsx                 |       0 |        0 |       0 |       0 | 13-36             
  ShareListItem.tsx               |       0 |        0 |       0 |       0 | 16-87             
  SharedWithMeListItem.tsx        |       0 |        0 |       0 |       0 | 16-78             
 src/components/Summary           |       0 |        0 |       0 |       0 |                   
  SummaryData.tsx                 |       0 |        0 |       0 |       0 | 27-220            
  index.tsx                       |       0 |        0 |       0 |       0 | 16-254            
 src/components/common            |       0 |        0 |       0 |       0 |                   
  Dialog.tsx                      |       0 |        0 |       0 |       0 | 27-108            
  ListItem.tsx                    |       0 |        0 |       0 |       0 | 13-43             
  ScreenHeader.tsx                |       0 |      100 |       0 |       0 | 14-38             
 src/components/sync              |       0 |        0 |       0 |       0 |                   
  SyncErrorBanner.tsx             |       0 |        0 |       0 |       0 | 27-210            
  SyncStatusIndicator.tsx         |       0 |        0 |       0 |       0 | 19-103            
  index.ts                        |       0 |        0 |       0 |       0 |                   
 src/components/ui                |       0 |        0 |       0 |       0 |                   
  CommonBottomSheet.tsx           |       0 |        0 |       0 |       0 | 27-89             
  FocusAwareStatusBar.tsx         |       0 |        0 |       0 |       0 | 4-6               
  GlobalToast.tsx                 |       0 |        0 |       0 |       0 | 6-38              
  Label.tsx                       |       0 |      100 |       0 |       0 | 12-105            
  Toast.tsx                       |       0 |        0 |       0 |       0 | 19-129            
  index.ts                        |       0 |        0 |       0 |       0 |                   
 src/components/worktrack         |       0 |        0 |       0 |       0 |                   
  DayMarkingBottomSheet.tsx       |       0 |        0 |       0 |       0 | 19-188            
  WorkTrackSwitcher.tsx           |       0 |        0 |       0 |       0 | 39-338            
  index.ts                        |       0 |        0 |       0 |       0 |                   
 src/constants                    |       0 |      100 |     100 |       0 |                   
  index.ts                        |       0 |        0 |       0 |       0 |                   
  trackerTypes.ts                 |       0 |      100 |     100 |       0 | 1-7               
  workStatus.ts                   |       0 |      100 |     100 |       0 | 4-36              
 src/db/watermelon                |     100 |      100 |     100 |     100 |                   
  index.ts                        |     100 |      100 |     100 |     100 |                   
  schema.ts                       |       0 |        0 |       0 |       0 |                   
 src/db/watermelon/shared_tracker |     100 |      100 |     100 |     100 |                   
  model.ts                        |     100 |      100 |     100 |     100 |                   
  schema.ts                       |     100 |      100 |     100 |     100 |                   
 src/db/watermelon/tracker        |     100 |      100 |     100 |     100 |                   
  model.ts                        |     100 |      100 |     100 |     100 |                   
  schema.ts                       |     100 |      100 |     100 |     100 |                   
 src/db/watermelon/worktrack      |    13.2 |    27.77 |    8.33 |      14 |                   
  load.ts                         |       0 |        0 |       0 |       0 | 5-84              
  model.ts                        |     100 |    83.33 |     100 |     100 | 36                
  schema.ts                       |     100 |      100 |     100 |     100 |                   
 src/di                           |     100 |      100 |     100 |     100 |                   
  container.ts                    |     100 |      100 |     100 |     100 |                   
 src/errors                       |     100 |      100 |     100 |     100 |                   
  index.ts                        |     100 |      100 |     100 |     100 |                   
 src/hooks                        |       0 |        0 |       0 |       0 |                   
  index.ts                        |       0 |        0 |       0 |       0 |                   
  redux.d.ts                      |       0 |        0 |       0 |       0 |                   
  redux.ts                        |       0 |      100 |       0 |       0 | 6-7               
  useResponsive.ts                |       0 |        0 |       0 |       0 | 5-72              
  useSharedWorkTracks.ts          |       0 |        0 |       0 |       0 | 20-64             
  useToast.ts                     |       0 |        0 |       0 |       0 | 6-43              
  useWorkTrackManager.ts          |       0 |        0 |       0 |       0 | 17-187            
 src/logging                      |     100 |     87.5 |      50 |     100 |                   
  index.ts                        |     100 |     87.5 |      50 |     100 | 29                
 src/mappers                      |     100 |    66.66 |     100 |     100 |                   
  entryMapper.ts                  |     100 |    66.66 |     100 |     100 | 60                
  shareMapper.ts                  |     100 |    33.33 |     100 |     100 | 60-65             
  trackerMapper.ts                |     100 |      100 |     100 |     100 |                   
 src/navigation                   |       0 |        0 |       0 |       0 |                   
  AuthenticatedNavigator.tsx      |       0 |      100 |       0 |       0 | 8-11              
  LoadingNavigator.tsx            |       0 |      100 |       0 |       0 | 9-12              
  MainNavigator.tsx               |       0 |        0 |       0 |       0 | 13-35             
  WelcomeNavigator.tsx            |       0 |      100 |       0 |       0 | 9-12              
 src/repositories                 |   99.39 |    83.33 |   98.14 |   99.39 |                   
  firebaseEntryRepository.ts      |   98.48 |    72.72 |   85.71 |   98.48 | 48                
  firebaseShareRepository.ts      |   95.65 |       50 |     100 |   95.65 | 53                
  firebaseTrackerRepository.ts    |     100 |    92.85 |     100 |     100 | 134               
  index.ts                        |       0 |        0 |       0 |       0 |                   
  watermelonEntryRepository.ts    |     100 |      100 |     100 |     100 |                   
  watermelonTrackerRepository.ts  |     100 |    91.66 |     100 |     100 | 147               
 src/screens                      |       0 |        0 |       0 |       0 |                   
  LoadingScreen.tsx               |       0 |        0 |       0 |       0 | 19-65             
  WelcomeScreen.tsx               |       0 |        0 |       0 |       0 | 30-149            
 src/screens/Authenticated        |       0 |        0 |       0 |       0 |                   
  HomeScreen.tsx                  |       0 |        0 |       0 |       0 | 46-510            
  ProfileScreen.tsx               |       0 |        0 |       0 |       0 | 43-691            
 src/services                     |   96.82 |    78.26 |   94.73 |   96.77 |                   
  firebase.ts                     |   94.11 |     87.5 |      50 |   94.11 | 49                
  index.ts                        |       0 |        0 |       0 |       0 |                   
  toastQueue.ts                   |   97.82 |    73.33 |     100 |   97.77 | 80                
 src/store                        |       0 |      100 |     100 |       0 |                   
  index.ts                        |       0 |        0 |       0 |       0 |                   
  store.ts                        |       0 |      100 |     100 |       0 | 6                 
 src/store/reducers               |       0 |        0 |       0 |       0 |                   
  index.ts                        |       0 |        0 |       0 |       0 |                   
  userSlice.ts                    |       0 |      100 |       0 |       0 | 20-62             
  workTrackSlice.ts               |       0 |        0 |       0 |       0 | 22-99             
 src/themes                       |       0 |      100 |     100 |       0 |                   
  colors.ts                       |       0 |      100 |     100 |       0 | 1                 
  index.ts                        |       0 |      100 |     100 |       0 | 4                 
 src/types                        |       0 |        0 |       0 |       0 |                   
  calendar.ts                     |       0 |        0 |       0 |       0 |                   
  global.d.ts                     |       0 |        0 |       0 |       0 |                   
  index.ts                        |       0 |        0 |       0 |       0 |                   
  navigation.ts                   |       0 |        0 |       0 |       0 |                   
 src/use-cases                    |   93.08 |    87.05 |   88.67 |   92.97 |                   
  entryUseCase.ts                 |      35 |      100 |      40 |      35 | 58-98             
  index.ts                        |       0 |        0 |       0 |       0 |                   
  shareReadUseCase.ts             |     100 |    81.48 |     100 |     100 | 72-74,115-125     
  shareUseCase.ts                 |   96.87 |    92.85 |     100 |   96.77 | 59                
  syncFromRemoteUseCase.ts        |   96.77 |     87.5 |     100 |   96.77 | 70                
  syncToRemoteUseCase.ts          |   96.66 |       60 |     100 |   96.55 | 53                
  syncUseCase.ts                  |     100 |      100 |     100 |     100 |                   
  userManagementUseCase.ts        |   98.48 |      100 |     100 |   98.48 | 206               
 src/utils                        |   42.22 |    65.62 |   53.33 |   43.18 |                   
  appDataManager.ts               |       0 |      100 |       0 |       0 | 6-27              
  errorHandler.ts                 |     100 |     92.3 |     100 |     100 | 49                
  shareValidation.ts              |       0 |        0 |       0 |       0 | 12-66             
  validation.ts                   |   88.88 |       90 |     100 |     100 | 25                
----------------------------------|---------|----------|---------|---------|-------------------

=============================== Coverage summary ===============================
Statements   : 36.74% ( 711/1935 )
Branches     : 26.01% ( 193/742 )
Functions    : 32.7% ( 157/480 )
Lines        : 37.53% ( 706/1881 )
================================================================================
Jest: "global" coverage threshold for statements (95%) not met: 36.74%
Jest: "global" coverage threshold for branches (95%) not met: 26.01%
Jest: "global" coverage threshold for lines (95%) not met: 37.53%
Jest: "global" coverage threshold for functions (95%) not met: 32.7%

Test Suites: 74 passed, 74 total
Tests:       199 passed, 199 total
Snapshots:   4 passed, 4 total
Time:        10.121 s
Ran all test suites.
Error: Process completed with exit code 1.